# Bundle file v0.3
9 675
6.3074647441e+02 -3.9134879605e-02 -3.7235107702e-02
6.0883332008e-01 -7.8781186348e-01 -9.3136760297e-02
3.7447778720e-01 1.8191285217e-01 9.0921620152e-01
-6.9934853632e-01 -5.8843876655e-01 4.0577264911e-01
-1.0027702895e+00 3.4944839879e+00 1.2099051792e+00
6.2610417053e+02 -4.4073513928e-02 -3.5102593332e-02
6.2011175798e-01 -7.7233218565e-01 -1.3771130174e-01
5.4464944450e-01 2.9748880337e-01 7.8412842983e-01
-5.6464005368e-01 -5.6125164310e-01 6.0512660072e-01
-1.1790228179e+00 2.8658214473e+00 1.8457825169e+00
6.1509809504e+02 -7.5426027930e-02 1.3984993608e-03
7.1087772113e-01 -7.0233579026e-01 -3.7112037299e-02
5.3807188548e-01 5.0911903597e-01 6.7177113162e-01
-4.5291446395e-01 -4.9751607505e-01 7.3982852298e-01
-7.9173474173e-01 2.4706915574e+00 2.3190997793e+00
6.3412685009e+02 -6.2641232977e-02 9.5591685425e-03
6.5481866732e-01 -7.5316438133e-01 -6.2896165487e-02
2.8794431269e-01 1.7166856017e-01 9.4213479834e-01
-6.9878507835e-01 -6.3503804622e-01 3.2928117791e-01
-8.9756534578e-01 3.6629163311e+00 8.8505937731e-01
6.3907088924e+02 -7.3310539027e-02 -9.4252008867e-03
5.1602014395e-01 -8.1468601338e-01 2.6459385979e-01
3.9047594939e-01 4.9866203419e-01 7.7386349481e-01
-7.6239867785e-01 -2.9601161338e-01 5.7543494920e-01
5.5915529530e-01 2.9711738891e+00 2.0157153355e+00
6.7388094820e+02 -1.0300806850e-01 -2.6025900339e-02
7.8835539022e-01 -4.9171315243e-01 3.6974850161e-01
5.4072948332e-01 8.4045893753e-01 -3.5219315590e-02
-2.9344063212e-01 2.2769925352e-01 9.2846413251e-01
8.2028871028e-01 -3.4705736401e-01 3.2015362972e+00
6.6863053852e+02 -1.0155985799e-01 -1.6357786606e-02
7.8855971143e-01 -5.9750292107e-01 1.4547797369e-01
6.0076256209e-01 7.9902643877e-01 2.5319836980e-02
-1.3136942379e-01 6.7431516858e-02 9.8903744369e-01
-1.0857411289e-01 -1.5034973412e-01 3.2708516101e+00
6.7077326566e+02 -1.1796711989e-01 3.4384018982e-02
8.0918329047e-01 -5.5162351251e-01 2.0232128625e-01
5.6832529873e-01 8.2220899708e-01 -3.1284500094e-02
-1.4909311603e-01 1.4029920018e-01 9.7881937924e-01
1.5827500151e-01 -4.1357347501e-01 3.1984063198e+00
6.8490061745e+02 -9.9503723210e-02 6.3534095356e-03
-9.0795672392e-01 2.6999108198e-01 -3.2049867885e-01
-3.6593974443e-01 -8.8350486683e-01 2.9241623371e-01
-2.0421236724e-01 3.8278449021e-01 9.0098465199e-01
-5.0564858746e-01 1.3847747036e+00 2.9678518833e+00
9.2878686043e-01 -5.1282521134e-01 -4.0883937688e+00
243 215 82
9 7 260 237.4300 -116.3800 8 418 -109.1600 186.1600 5 261 198.5200 -89.4300 6 253 237.6100 -74.6300 4 350 264.2400 -60.3800 0 214 272.7100 25.2000 1 338 255.7400 9.0800 3 435 282.3900 -7.2900 2 258 264.7300 -26.3100
9.0859504766e-01 -5.3293629214e-01 -4.0965437386e+00
245 217 84
6 7 369 231.1400 -133.6300 8 575 -98.2300 198.0800 5 361 191.1100 -107.2600 6 346 232.6700 -94.2300 4 339 271.5700 -79.0500 0 306 283.7500 10.6300
9.0859504766e-01 -5.3293629214e-01 -4.0965437386e+00
245 217 84
6 7 368 231.1400 -133.6300 8 576 -98.2300 198.0800 5 360 191.1100 -107.2600 6 345 232.6700 -94.2300 4 340 271.5700 -79.0500 0 307 283.7500 10.6300
9.1004187698e-01 -5.2987611372e-01 -4.1028868257e+00
197 170 45
8 7 585 228.6700 -130.4600 8 568 -96.9700 194.1200 5 363 188.3700 -104.1600 6 509 229.8500 -91.8300 4 536 267.3900 -80.4000 0 440 281.3400 6.7600 3 619 290.5700 -25.6200 2 382 266.0800 -46.0400
9.1141123766e-01 -5.3358942889e-01 -4.0908587396e+00
200 172 44
8 7 581 234.5900 -133.5600 8 850 -101.3700 199.5900 5 358 194.9600 -107.2900 6 505 236.0000 -93.7300 4 539 274.4100 -75.1500 0 446 285.6900 15.3900 1 460 265.5500 -3.0300 2 385 271.1500 -41.4900
9.2087215821e-01 -5.2062203010e-01 -4.0912281205e+00
242 216 77
9 7 379 234.7400 -123.3100 8 565 -104.6000 190.6300 5 257 195.4400 -96.4500 6 354 235.6600 -82.5900 4 347 267.0300 -67.3500 0 450 277.1800 19.9600 1 335 258.8300 3.7100 3 432 286.8600 -13.0500 2 256 266.4400 -32.8800
9.1602217121e-01 -5.2474108718e-01 -4.0934366440e+00
241 213 75
6 7 588 233.2400 -126.9300 8 838 -102.0100 193.3600 5 529 193.5000 -100.3200 6 511 234.1300 -86.7700 4 540 268.2200 -71.7700 1 462 260.4400 -0.5600
9.1126756364e-01 -5.3354259767e-01 -4.0906365599e+00
200 172 44
5 7 582 234.5900 -133.5600 8 849 -101.3700 199.5900 5 359 194.9600 -107.2900 4 538 274.4100 -75.1500 3 623 295.1700 -16.5700
9.4014991909e-01 -4.9906369636e-01 -4.0831935930e+00
247 218 83
4 7 387 240.4800 -105.5900 8 551 -115.0700 178.5100 5 381 202.1700 -77.8900 4 549 258.6800 -49.2400
9.5011846973e-01 -4.8978263433e-01 -4.0685697199e+00
206 172 45
5 7 612 247.7900 -98.5100 8 812 -123.4300 176.0400 5 388 210.7400 -70.0700 6 531 246.8100 -53.5300 4 558 259.2100 -35.2700
6.3190342810e-01 -6.4988867766e-02 -3.9142112343e+00
33 39 62
4 7 54 -78.8600 12.8600 8 65 150.2300 63.2300 5 26 -102.6000 82.7900 6 44 -136.3800 75.5000
7.5085915372e-01 -1.8078418008e-01 -4.0334975367e+00
158 22 41
4 7 74 38.1200 -7.7700 8 83 44.2000 69.3600 5 41 8.1300 41.8300 6 42 3.9200 43.6500
6.7988406366e-01 -3.8384807939e-02 -3.9090589774e+00
244 183 198
3 7 58 -55.5100 57.8900 8 60 114.7200 26.1700 5 45 -74.9000 132.9300
7.5204908763e-01 -1.6277223214e-01 -4.0265441167e+00
253 93 136
4 7 169 32.3500 4.5300 8 252 46.4100 59.6700 5 107 3.5700 55.5600 6 144 -2.4800 56.3000
8.9882557861e-01 -2.3500162589e-01 -4.0108305548e+00
97 8 8
4 7 128 152.5300 21.7900 8 112 -74.5800 67.1000 5 110 128.9200 65.8700 6 153 125.0000 80.3400
6.6664511892e-01 -9.5981521463e-02 -3.9144545983e+00
255 217 225
4 7 172 -37.2000 7.4700 8 259 109.9500 75.5900 5 112 -56.4000 73.3600 6 150 -90.6900 71.5800
9.6805348801e-01 -5.0590759406e-01 -3.9596588275e+00
250 208 218
4 7 205 306.3700 -113.5300 8 302 -171.3600 217.2000 5 121 278.0100 -82.5900 6 133 308.2100 -59.3000
6.6134991639e-01 -1.2700063107e-01 -3.9078606554e+00
192 128 137
4 7 166 -24.4800 -18.0500 8 269 103.6800 103.7000 5 143 -42.1300 42.7700 6 143 -77.3100 45.1800
7.7518272055e-01 -1.5869149518e-01 -4.0107693568e+00
116 51 75
4 7 175 47.7300 17.0300 8 190 26.3500 54.6300 5 148 21.9900 68.6000 6 151 12.3000 72.2400
6.1658103634e-01 -6.3319191668e-02 -3.9191937431e+00
227 246 255
4 7 230 -91.5400 6.4300 8 255 165.2600 65.4300 5 152 -117.7900 75.4200 6 216 -149.3600 67.4100
7.8797852095e-01 -1.5403973434e-01 -4.0122755363e+00
239 222 235
4 7 177 53.8400 25.7200 8 142 18.9600 47.0900 5 153 28.2900 77.4800 6 154 17.8300 81.1800
8.6119688238e-01 -1.2393041896e-01 -4.0292407686e+00
201 170 194
4 7 184 81.4200 75.0800 8 135 -23.4200 0.6900 5 163 57.3100 127.7300 6 120 46.1300 132.1200
8.1543719819e-01 -3.5707341856e-01 -3.9850620247e+00
246 182 191
4 7 271 158.7600 -90.6600 8 411 -48.5400 173.9100 5 177 134.9200 -53.8900 6 188 139.4000 -38.7700
6.4527967909e-01 -3.4181035912e-02 -3.9069930487e+00
199 124 138
4 7 327 -84.0400 43.4900 8 340 147.8900 35.3900 5 233 -106.0000 118.9500 6 320 -144.3100 108.2700
6.3440410031e-01 -1.9980446083e-02 -3.9124291314e+00
146 82 100
4 7 329 -100.0900 48.4900 8 235 163.7000 25.5900 5 236 -124.9500 125.8700 6 322 -160.5700 112.2100
8.9846095800e-01 -5.4410977509e-01 -4.1046770835e+00
237 216 86
4 7 258 227.0600 -141.7200 8 422 -92.3000 203.0900 5 254 186.1500 -116.2400 6 252 228.6100 -104.4000
9.2455040192e-01 -5.1908042413e-01 -4.0841340544e+00
195 168 52
3 7 380 238.7900 -121.9700 8 566 -108.6700 191.5600 5 258 200.0900 -94.8900
9.3406110803e-01 -5.0401668664e-01 -4.0814969223e+00
243 216 78
3 7 264 239.6900 -110.9600 8 415 -112.5800 182.7500 5 266 201.6100 -83.0600
1.0128045662e+00 -3.8456288809e-01 -4.1097988988e+00
208 168 51
4 7 291 230.4200 -16.3100 8 504 -132.3300 95.3400 5 291 192.5400 15.1900 6 403 223.4200 32.1500
6.1089564598e-01 -6.4349720717e-02 -3.9178086901e+00
198 182 222
4 7 458 -95.1200 2.8400 8 483 169.6600 69.4500 5 310 -122.9900 71.9800 6 422 -152.5800 63.4500
7.6477447750e-01 -1.4385961669e-01 -4.0134668996e+00
251 238 247
4 7 313 34.2200 22.0500 8 347 38.4800 46.2400 5 311 9.4100 74.6100 6 306 -2.7200 76.4600
6.2770692234e-01 -6.8043861989e-02 -3.9153256858e+00
255 254 252
4 7 305 -80.3100 8.7900 8 257 153.5900 67.0500 5 313 -105.0000 77.4700 6 304 -137.4800 70.8000
6.4786902550e-01 -4.0799461041e-02 -3.9053441500e+00
249 189 198
4 7 477 -78.7300 39.9600 8 468 142.5200 40.6700 5 328 -99.8600 114.2200 6 443 -138.5000 104.8400
6.5090798791e-01 -3.7798145205e-02 -3.9065241210e+00
199 123 143
4 7 478 -77.8600 43.6400 8 461 141.8500 36.6200 5 329 -98.7700 118.6700 6 444 -137.4200 108.8300
8.9969872332e-01 -5.3601901510e-01 -4.1114535201e+00
247 215 79
3 7 367 222.8700 -136.5500 8 572 -89.9000 196.8100 5 357 181.7700 -110.5400
9.0992598152e-01 -5.2942292221e-01 -4.1024954049e+00
197 170 45
3 7 584 228.6700 -130.4600 8 569 -96.9700 194.1200 5 362 188.3700 -104.1600
9.1948851736e-01 -5.2415277860e-01 -4.0858447729e+00
194 169 49
4 7 589 237.4900 -126.3200 8 570 -105.9200 194.7400 5 368 198.3000 -99.4000 6 351 238.3200 -85.4200
9.3666946139e-01 -4.9992600409e-01 -4.0873013763e+00
204 175 50
3 7 608 237.7000 -106.7700 8 818 -111.8800 178.3900 5 380 199.0500 -79.4700
5.9039107561e-01 -1.1544266602e-01 -3.9229837316e+00
236 174 189
3 7 656 -84.5800 -45.1700 8 761 170.8000 114.6600 5 438 -113.4500 14.0000
6.5821324581e-01 -1.3510340062e-01 -3.9089589641e+00
186 122 129
4 7 435 -22.9800 -25.6800 8 513 104.0700 110.5700 5 440 -40.9300 33.9700 6 287 -74.9300 37.0600
6.0943092091e-01 -8.7823509728e-02 -3.9242027734e+00
229 165 185
3 7 694 -84.4000 -15.0100 8 497 163.9000 86.0400 5 451 -112.2500 49.1800
6.6028412836e-01 -1.1010684385e-01 -3.9074048787e+00
230 185 190
4 7 706 -33.6300 -6.1200 8 734 109.8600 91.4300 5 456 -51.9800 57.4400 6 612 -87.7600 57.7300
7.8342625574e-01 -1.5418869401e-01 -4.0092775946e+00
242 237 245
4 7 736 51.1400 23.2700 8 670 21.0300 49.0000 5 463 26.9800 75.6800 6 428 15.0000 78.9800
9.8847927766e-01 -1.9393681389e-01 -3.9647196779e+00
107 50 50
3 7 98 203.2200 87.1500 8 104 -143.3600 27.1100 6 89 174.4900 156.3900
6.6365516018e-01 -1.0371185472e-01 -3.9132259195e+00
124 66 86
3 7 124 -35.3800 0.7300 8 114 110.1700 83.1900 6 117 -88.5400 64.0200
1.0187733948e+00 -1.9361834089e-01 -3.9690770517e+00
123 65 63
3 7 245 218.3400 99.4400 8 179 -161.9900 17.0800 6 164 191.0200 169.3100
8.6215893108e-01 -8.9191089548e-01 -4.6155885718e+00
150 138 151
3 7 347 173.1600 -214.2800 8 578 -19.7100 201.7400 6 246 193.3900 -206.2900
8.2371530931e-01 -2.8337791395e-01 -4.0443414526e+00
169 92 104
3 7 428 117.8800 -37.4000 8 757 -24.1200 108.4100 6 394 95.1300 12.1700
8.7200176549e-01 -2.4245425624e-01 -4.0018110245e+00
203 105 130
3 7 461 141.9300 5.9000 8 492 -61.0600 82.4100 6 419 114.9900 63.6200
8.7200176549e-01 -2.4245425624e-01 -4.0018110245e+00
203 105 130
3 7 462 141.9300 5.9000 8 493 -61.0600 82.4100 6 420 114.9900 63.6200
8.0080256280e-01 -9.2633961983e-01 -4.7360857798e+00
145 138 157
3 7 514 140.1100 -223.7200 8 843 12.6600 196.1300 6 458 160.6400 -219.7600
7.9623754067e-01 -9.2478972842e-01 -4.7450387594e+00
65 56 74
3 7 516 137.0800 -222.9400 8 839 15.5800 194.6700 6 459 157.5600 -219.4900
6.1328716483e-01 -1.0468917422e-01 -3.9758392036e+00
252 197 206
2 7 0 -76.8700 -22.2800 8 2 160.4000 78.7700
8.1040936496e-01 -1.2198543546e-01 -4.0324956003e+00
237 42 76
2 7 35 49.9100 55.2200 8 46 14.5200 13.1700
1.2085212624e+00 -2.8110887180e-02 -4.2410794507e+00
142 138 153
2 7 79 169.8800 221.3700 8 71 -153.0700 -166.3300
8.1821160966e-01 -1.4080779454e-01 -4.0351878400e+00
233 46 77
2 7 93 61.7600 46.6400 8 74 5.7400 23.0200
8.1829282129e-01 -9.2814568525e-02 -4.0503599845e+00
107 1 5
2 7 95 38.6900 75.6700 8 73 18.8900 -13.2200
7.5935698103e-01 -1.2512970869e-01 -4.0214345731e+00
239 48 82
2 7 129 22.1000 31.7300 8 140 48.2100 33.1400
7.7700953757e-01 -9.4637243672e-01 -4.8114749354e+00
60 48 61
2 7 140 125.2500 -224.7900 8 217 26.6200 190.5300
9.4645803632e-01 -7.0140543529e-02 -4.0642361702e+00
96 6 4
2 7 191 100.7600 138.7100 8 167 -60.5900 -65.8400
9.5412410596e-01 -6.1091577206e-02 -4.0677101705e+00
190 33 45
2 7 193 100.7500 146.6400 8 130 -62.9900 -74.5500
6.6850154064e-01 -1.2347813924e-01 -3.9114017260e+00
241 173 185
2 7 223 -21.3700 -11.4200 8 267 99.4200 97.2400
1.0398614994e+00 -3.5763868082e-01 -4.0889631405e+00
174 112 32
2 7 304 242.0000 7.3800 8 376 -150.6600 79.5600
6.4079683254e-01 -3.6617297910e-02 -3.9085853853e+00
248 194 206
2 7 324 -86.4600 39.2300 8 464 151.2600 38.6900
1.1597061276e+00 -2.0873018211e-01 -4.0247362899e+00
222 192 117
2 7 338 275.7800 138.6100 8 322 -225.7500 -22.2900
8.2159362144e-01 -9.2556073573e-01 -4.6701157125e+00
80 73 90
2 7 342 157.2100 -227.2300 8 581 -1.9300 206.5300
8.4822812173e-01 -9.0589181571e-01 -4.6021100455e+00
76 64 71
2 7 345 173.8600 -224.2300 8 583 -18.3100 211.2300
8.3865485522e-01 -2.9373144124e-01 -4.0279360377e+00
221 151 162
2 7 427 134.5500 -38.5600 8 765 -40.4100 115.2500
7.0047520036e-01 -9.2501691387e-02 -3.9290258139e+00
216 160 175
2 7 471 -16.4400 27.5400 8 476 84.3900 55.7800
8.4244821196e-01 -1.5384755780e-01 -4.0279760455e+00
173 70 100
2 7 481 82.5900 48.6300 8 456 -16.1100 26.5400
1.1665469053e+00 -8.7159629425e-02 -4.2676761312e+00
115 95 83
2 7 495 162.9500 176.6400 8 430 -130.2900 -126.0900
8.5248184200e-01 -3.1294211156e-01 -4.0064507754e+00
152 75 90
2 7 655 156.2300 -45.6000 8 527 -58.7000 129.5100
5.5829345790e-01 -7.1404872280e-02 -3.9764245885e+00
232 179 197
2 7 683 -131.1800 -25.8200 8 705 217.6200 72.3900
6.9545074615e-01 -1.2173925770e-01 -3.9215246999e+00
243 214 225
2 7 715 -4.6200 3.7500 8 491 78.7000 82.5400
6.6162628437e-01 -5.9797579174e-02 -3.9035306231e+00
245 185 194
2 7 752 -57.9900 32.5100 8 681 124.0200 52.1300
6.6162628437e-01 -5.9797579174e-02 -3.9035306231e+00
245 185 194
2 7 753 -57.9900 32.5100 8 680 124.0200 52.1300
6.7050491955e-01 -6.1246863950e-02 -3.9036993904e+00
197 128 141
2 7 761 -50.5700 35.9800 8 675 115.5700 50.0300
6.6552806732e-01 -4.5759114264e-02 -3.9041278134e+00
220 166 175
2 7 773 -62.2400 45.2400 8 465 125.3000 38.8600
6.8764478102e-01 -4.2628470220e-02 -3.9124138524e+00
227 176 185
2 7 785 -48.1400 58.5400 8 454 107.7300 25.6100
8.8008439013e-01 -1.4025611985e-01 -4.0273432088e+00
149 46 74
2 7 792 99.3100 72.6500 8 610 -39.7000 6.8700
1.1471248530e+00 -2.1694910730e-01 -4.0449736804e+00
219 183 99
2 7 807 264.0600 127.0200 8 603 -211.3800 -17.8600
9.6306707192e-01 -3.3896081495e-01 -4.0654448961e+00
151 77 47
2 7 5 206.6300 -13.1700 5 6 173.7800 23.9700
6.7094077695e-01 -6.6012818280e-02 -3.9234909413e+00
203 144 151
2 7 11 -49.4400 32.9000 6 5 -105.6700 94.7800
8.0548841289e-01 -3.4735322384e-01 -4.0135526845e+00
242 176 185
2 7 17 140.8700 -85.5300 6 14 120.5800 -36.9800
1.0396663198e+00 -3.0828020702e-01 -4.0942067947e+00
225 160 167
3 7 23 224.5000 34.9600 5 24 190.1500 67.4900 6 18 211.1300 87.9100
6.0050653364e-01 -1.0102954163e-01 -3.9184310726e+00
235 169 181
2 7 30 -83.9500 -29.6500 6 26 -139.4800 29.4100
9.2527316414e-01 -4.9960758411e-01 -4.1221833766e+00
245 216 80
3 7 44 220.1800 -107.0700 5 33 178.9800 -81.3500 6 34 219.9300 -66.3300
8.4657208950e-01 -3.0513741819e-01 -4.0254939381e+00
91 26 31
2 7 48 144.0800 -42.2200 6 25 123.4000 10.0900
6.3159279506e-01 -6.5021017984e-02 -3.9127000515e+00
33 39 62
3 7 53 -78.8600 12.8600 5 25 -102.6000 82.7900 6 43 -136.3800 75.5000
6.3159279506e-01 -6.5021017984e-02 -3.9127000515e+00
33 39 62
3 7 55 -78.8600 12.8600 5 27 -102.6000 82.7900 6 45 -136.3800 75.5000
1.1000510736e+00 -2.8082894600e-01 -4.0689743517e+00
240 207 136
2 7 59 252.7500 71.6200 6 30 240.2900 131.5300
5.7758221740e-01 -1.6511240572e-01 -3.9871962881e+00
35 37 57
3 7 64 -73.1600 -79.5200 5 39 -111.9900 -31.3200 6 36 -118.2200 -31.5700
8.3003580083e-01 -2.9866879878e-01 -4.0541135021e+00
221 188 203
2 7 69 124.8800 -43.9600 5 40 93.9200 -4.3000
8.9056395807e-01 -3.1675358355e-01 -4.0100571573e+00
221 150 161
3 7 71 177.8100 -31.5300 5 55 153.1000 7.2200 6 62 159.5500 24.5000
7.3143473416e-01 -1.7541426046e-01 -4.0416126847e+00
254 253 254
2 7 73 22.0300 -11.7400 6 63 -12.0300 37.2600
6.3705016791e-01 -4.6696378288e-02 -3.9131786591e+00
252 253 250
3 7 75 -84.4200 29.8000 5 43 -107.8400 102.3800 6 67 -142.7900 92.6100
9.6708107155e-01 -1.7990806483e-01 -3.9632419256e+00
195 137 149
2 7 77 185.9200 87.5100 6 69 155.0500 156.3900
8.6254817901e-01 -5.4500919048e-01 -4.1881333269e+00
223 206 91
3 7 80 185.2100 -143.6400 5 48 138.0900 -119.8100 6 72 186.1900 -112.8300
5.8442523901e-01 -1.7519151819e-01 -3.9553416281e+00
252 216 224
2 7 82 -61.6500 -86.8000 5 37 -93.9800 -38.3100
5.7374643958e-01 -1.3530371775e-01 -3.9664268905e+00
251 216 222
3 7 83 -88.7400 -63.1800 5 52 -125.7700 -9.8700 6 60 -138.1300 -13.8800
6.2259835146e-01 -8.3029313102e-02 -3.9207484194e+00
222 235 253
3 7 86 -77.2000 -4.4400 5 78 -102.2700 60.5100 6 82 -132.6300 55.5400
8.8474234370e-01 -2.4178185515e-01 -4.0095524303e+00
241 218 228
3 7 90 147.0700 11.8000 5 61 123.5100 55.3000 6 64 120.8300 70.0200
6.4797617256e-01 -6.8263330943e-02 -3.9086304177e+00
209 218 236
3 7 91 -64.3400 18.4300 5 64 -85.7700 88.4800 6 66 -121.6100 83.8100
8.5864321404e-01 -1.4005576276e-01 -4.0251810131e+00
203 34 61
2 7 94 87.2100 64.0700 6 86 53.2900 121.3200
8.9587171023e-01 -5.7441653213e-01 -4.0409531674e+00
230 223 104
3 7 106 257.8000 -168.6200 5 85 220.9600 -142.5600 6 94 262.0700 -128.7100
8.9587171023e-01 -5.7441653213e-01 -4.0409531674e+00
230 223 104
3 7 107 257.8000 -168.6200 5 84 220.9600 -142.5600 6 95 262.0700 -128.7100
8.6952546950e-01 -3.2212079369e-01 -4.0043231251e+00
107 36 39
3 7 112 170.0100 -44.0500 5 95 145.6800 -5.3600 6 109 151.0100 11.0700
8.6952546950e-01 -3.2212079369e-01 -4.0043231251e+00
107 36 39
3 7 113 170.0100 -44.0500 5 96 145.6800 -5.3600 6 110 151.0100 11.0700
8.1590022855e-01 -2.8239486819e-01 -4.0449619673e+00
252 249 248
2 7 114 112.9400 -40.2500 6 108 89.7500 9.1800
8.6475883868e-01 -3.1228518669e-01 -4.0109549295e+00
219 146 158
3 7 115 161.5900 -39.5300 5 97 136.6900 -0.4900 6 111 141.4700 14.5000
8.4482356287e-01 -2.8949572086e-01 -4.0423550322e+00
135 17 26
2 7 116 132.6400 -32.5600 5 98 104.0400 6.9300
6.0250821120e-01 -1.0320009746e-01 -3.9218520124e+00
225 163 171
2 7 117 -81.6400 -29.8400 5 73 -109.1900 31.5300
7.1798549604e-01 -1.7852909842e-01 -4.0508386146e+00
245 243 245
2 7 122 13.7700 -18.9100 6 114 -20.0700 28.2200
8.6632413046e-01 -2.2906189542e-01 -4.0192334138e+00
133 12 18
2 7 127 128.4900 11.9100 5 77 104.1400 56.6800
1.0178638815e+00 -2.0752730949e-01 -3.9633290262e+00
100 43 39
2 7 133 225.8600 90.3700 5 164 208.7100 135.9500
8.4934851527e-01 -7.7287653295e-01 -4.3173623098e+00
201 190 164
2 7 142 206.7600 -223.5100 6 125 221.7900 -206.3600
8.7806636060e-01 -6.2455130591e-01 -3.9743914348e+00
241 213 80
3 7 144 291.5500 -216.5700 5 118 258.4800 -189.8200 6 128 300.3100 -176.3100
8.7241201455e-01 -7.1981141376e-01 -4.3987411502e+00
216 203 167
3 7 145 183.1100 -183.4100 5 119 120.5400 -166.4700 6 129 195.5800 -165.6100
6.3080775410e-01 -1.8734119314e-01 -3.9623528360e+00
250 209 218
3 7 156 -25.1700 -71.7700 5 136 -53.1200 -23.5200 6 75 -67.4000 -17.9300
8.5355416598e-01 -3.1616674166e-01 -3.9955387237e+00
138 62 65
3 7 161 161.8000 -47.4600 5 139 138.5700 -8.4000 6 202 140.6100 6.6700
6.1448174549e-01 -1.0291171315e-01 -3.9169265716e+00
226 160 168
3 7 163 -72.6500 -24.0000 5 103 -97.7100 38.8000 6 141 -127.4600 35.9400
6.1409022099e-01 -1.0253216860e-01 -3.9142370762e+00
226 160 168
2 7 164 -72.6500 -24.0000 5 104 -97.7100 38.8000
8.7103381814e-01 -2.4912578041e-01 -4.0060615767e+00
198 47 84
2 7 168 142.5300 2.0000 5 105 120.1200 44.4900
7.5348927553e-01 -1.6321854689e-01 -4.0304524835e+00
253 93 136
3 7 170 32.3500 4.5300 5 108 3.5700 55.5600 6 145 -2.4800 56.3000
8.6472419789e-01 -2.3889880821e-01 -4.0007354001e+00
244 233 235
3 7 171 136.6400 5.3600 5 146 114.8800 49.6000 6 147 109.3900 62.5000
8.7776121420e-01 -2.2994872600e-01 -4.0108511870e+00
123 27 34
3 7 174 137.5600 16.1100 5 109 114.8500 61.1100 6 152 110.9200 73.8200
6.9939955546e-01 -9.5827560057e-02 -3.9241478723e+00
215 160 168
3 7 176 -14.7200 24.7900 5 157 -32.4300 88.7300 6 155 -66.6000 88.7400
6.4357530560e-01 -2.2716055503e-02 -3.9089218074e+00
179 115 131
2 7 182 -91.2500 51.4400 6 158 -152.0500 115.8500
6.4357530560e-01 -2.2716055503e-02 -3.9089218074e+00
179 115 131
2 7 183 -91.2500 51.4400 6 159 -152.0500 115.8500
1.0445976156e+00 -2.0333711605e-01 -3.9793152586e+00
96 48 43
3 7 186 232.8800 102.7000 5 238 213.3400 146.8400 6 241 207.3900 172.1800
1.0272311523e+00 -1.8643937441e-01 -3.9752910958e+00
201 148 156
2 7 187 218.2200 107.0500 6 166 190.8000 176.6600
9.7964582392e-01 -1.3563568442e-01 -4.0424990217e+00
72 37 24
2 7 190 149.3100 114.2500 5 166 126.4600 161.3700
8.7065165739e-01 -5.6998974471e-01 -4.1116950356e+00
239 215 63
2 7 201 219.3100 -164.2500 6 177 222.1900 -129.6500
8.7065165739e-01 -5.6998974471e-01 -4.1116950356e+00
239 215 63
2 7 202 219.3100 -164.2500 6 178 222.1900 -129.6500
9.6795719911e-01 -5.0582033571e-01 -3.9595033054e+00
250 208 218
3 7 206 306.3700 -113.5300 5 122 278.0100 -82.5900 6 134 308.2100 -59.3000
9.6174869144e-01 -4.6138812198e-01 -4.0752109736e+00
247 217 64
2 7 211 242.4900 -79.5300 5 89 204.9200 -48.0100
8.2732327250e-01 -3.1074384791e-01 -4.0284897116e+00
93 21 33
3 7 214 134.6000 -53.5100 5 137 106.9500 -15.2100 6 199 113.5900 -2.4200
6.4763689809e-01 -1.6191718554e-01 -3.9226922343e+00
250 215 219
2 7 215 -19.4800 -49.1300 5 194 -40.2300 5.1200
6.2770190021e-01 -1.0202800662e-01 -3.9151432599e+00
216 151 165
2 7 222 -62.8900 -16.5000 5 144 -86.3600 46.7000
6.0567230226e-01 -6.9018860231e-02 -3.9251140163e+00
255 219 229
2 7 228 -96.8900 -2.9600 6 146 -153.6000 56.3400
7.3495813358e-01 -1.4532276634e-01 -4.0417920511e+00
220 195 211
2 7 231 11.8100 8.5100 6 213 -24.3500 58.1900
7.3495813358e-01 -1.4532276634e-01 -4.0417920511e+00
220 195 211
2 7 232 11.8100 8.5100 6 214 -24.3500 58.1900
6.4493638306e-01 -8.0524357221e-02 -3.9111507615e+00
227 187 220
2 7 233 -60.6800 8.3100 5 151 -82.0200 75.6100
6.6609741824e-01 -7.9094734189e-02 -3.9047689367e+00
249 201 213
2 7 234 -44.7900 20.2500 6 224 -101.4300 85.3800
7.5459053219e-01 -1.3630368667e-01 -4.0166637353e+00
130 21 36
2 7 237 24.2900 22.4800 5 216 -2.5000 75.7100
6.0936282596e-01 -2.6996425709e-02 -3.9204650428e+00
247 187 197
2 7 239 -115.7400 30.3700 5 159 -145.4100 104.8300
1.0182952236e+00 -1.9349694738e-01 -3.9689767916e+00
123 65 63
3 7 246 218.3400 99.4400 5 237 201.4100 145.2600 6 165 191.0200 169.3100
8.7027818190e-01 -6.9499745333e-01 -4.4297876531e+00
211 199 161
2 7 256 169.2600 -170.3200 6 250 180.8100 -153.0500
8.8103844866e-01 -6.7805073856e-01 -4.5326514361e+00
197 186 164
2 7 257 148.6500 -148.9800 5 347 81.2400 -132.3300
9.1891095466e-01 -5.0027962358e-01 -4.1426364306e+00
218 176 76
2 7 266 211.2100 -107.4500 6 182 210.3000 -69.4500
9.4701638654e-01 -4.9502834846e-01 -4.0703688653e+00
190 159 37
3 7 268 247.1100 -102.3500 5 269 210.0000 -74.1000 6 255 246.6000 -57.7500
9.4701638654e-01 -4.9502834846e-01 -4.0703688653e+00
190 159 37
3 7 269 247.1100 -102.3500 5 270 210.0000 -74.1000 6 256 246.6000 -57.7500
9.5723703266e-01 -4.5321106467e-01 -4.0819542829e+00
138 89 4
2 7 273 234.8400 -75.3500 6 189 231.2400 -29.1300
8.4949870042e-01 -3.4586146379e-01 -3.9784725812e+00
156 83 91
2 7 279 176.6100 -69.1300 5 277 154.4000 -31.3100
5.9355668260e-01 -8.3487846575e-02 -3.9321843216e+00
233 171 184
2 7 289 -98.9600 -19.3600 5 298 -130.0800 43.9700
6.6517415259e-01 -1.1109524985e-01 -3.9177987083e+00
150 91 109
2 7 296 -31.1200 -3.8600 6 215 -83.6200 58.5100
6.1412653630e-01 -7.5326328542e-02 -3.9166150600e+00
205 210 242
2 7 297 -86.9000 -3.6500 6 294 -143.8900 57.2600
6.2854045888e-01 -8.0150016578e-02 -3.9143774975e+00
201 241 254
2 7 299 -73.1600 0.4000 6 300 -130.1900 61.7300
7.3405102395e-01 -1.5184041131e-01 -4.0385972150e+00
153 71 96
2 7 300 14.8500 4.3000 6 210 -21.8200 53.5400
6.8688206070e-01 -1.1268765492e-01 -3.9145375705e+00
182 121 136
2 7 302 -14.0900 5.8700 6 217 -65.9400 69.8900
6.8688206070e-01 -1.1268765492e-01 -3.9145375705e+00
182 121 136
2 7 303 -14.0900 5.8700 6 218 -65.9400 69.8900
6.7039615337e-01 -8.4266630002e-02 -3.9064858064e+00
223 161 169
3 7 309 -39.2700 18.6500 5 217 -56.7500 85.9800 6 308 -95.0000 83.6600
6.7046891646e-01 -8.4155220267e-02 -3.9068497225e+00
223 161 169
2 7 310 -39.2700 18.6500 6 309 -95.0000 83.6600
6.4411251917e-01 -6.2821555732e-02 -3.9108722014e+00
216 241 255
3 7 311 -70.4100 20.8800 5 220 -92.3600 91.7700 6 223 -127.9000 84.5600
6.5222973119e-01 -6.8861002465e-02 -3.9140552592e+00
253 246 250
2 7 312 -62.0700 21.5600 5 469 -82.3500 89.1800
6.3305030795e-01 -5.1981495205e-02 -3.9115562542e+00
220 241 255
3 7 315 -84.5000 23.4300 5 222 -108.3000 95.4400 6 311 -142.8300 86.9200
6.7143942096e-01 -7.5349462451e-02 -3.9041769338e+00
204 134 147
3 7 317 -42.6800 25.7500 5 320 -60.0000 94.9700 6 227 -99.3600 91.6000
6.6635301986e-01 -5.9807601641e-02 -3.9035527885e+00
255 210 220
2 7 320 -54.4300 34.9300 6 231 -112.4800 100.8700
6.2904208682e-01 -3.3439575730e-02 -3.9109686450e+00
253 207 214
3 7 322 -97.2300 35.6700 5 230 -122.0100 110.5700 6 316 -156.9300 98.9900
6.4413580388e-01 -4.3309874820e-02 -3.9096984984e+00
248 184 198
3 7 323 -80.1300 35.9100 5 229 -102.9000 109.5000 6 232 -139.5000 100.1800
6.6442223370e-01 -5.1782445389e-02 -3.9040748688e+00
255 205 216
3 7 325 -60.0100 39.9400 5 327 -78.8300 113.1900 6 318 -118.7000 105.9400
6.4512969283e-01 -3.4263742036e-02 -3.9062539642e+00
199 124 138
2 7 326 -84.0400 43.4900 5 330 -106.0800 118.9300
6.4757044104e-01 -2.9969542008e-02 -3.9074593420e+00
254 198 207
3 7 328 -84.6500 47.9000 5 235 -106.5700 124.0300 6 323 -144.5400 112.9600
6.4927177165e-01 -2.5642972703e-02 -3.9071944835e+00
178 117 133
2 7 330 -85.3400 52.1400 6 445 -145.8900 117.1800
6.5612690535e-01 -2.9462416583e-02 -3.9078944508e+00
186 122 136
2 7 331 -78.2100 52.6300 5 333 -99.4100 129.0500
6.5612690535e-01 -2.9462416583e-02 -3.9078944508e+00
186 122 136
2 7 332 -78.2100 52.6300 5 334 -99.4100 129.0500
1.0025889994e+00 -1.5463918370e-01 -4.0425097742e+00
219 156 160
2 7 336 169.3400 111.1500 6 450 141.4400 171.6700
8.6190692802e-01 -8.9075893595e-01 -4.6134248854e+00
150 138 151
2 7 348 173.1600 -214.2800 6 247 193.3900 -206.2900
8.6476955513e-01 -7.3090957095e-01 -4.3827993895e+00
215 206 172
2 7 354 186.4300 -191.9700 6 336 199.4800 -174.6400
8.6438608213e-01 -7.0360895001e-01 -4.4283322929e+00
142 126 99
3 7 359 169.4100 -175.6000 5 342 106.1600 -158.6900 6 249 181.3500 -158.7100
8.9372874913e-01 -7.5937268624e-01 -4.7910958904e+00
152 149 169
2 7 364 127.0800 -145.8100 6 338 142.8100 -138.3000
8.6284603520e-01 -5.4759541785e-01 -4.1901942120e+00
233 211 84
8 7 365 185.3000 -144.4200 5 251 138.2700 -120.9600 6 342 187.0500 -113.3500 4 313 241.3700 -146.5700 0 281 278.5600 -73.7500 1 287 253.8000 -80.7300 3 406 286.1900 -108.7500 2 235 243.8500 -107.4700
8.6292951318e-01 -5.4753114789e-01 -4.1901475424e+00
233 211 84
7 7 366 185.3000 -144.4200 5 252 138.2700 -120.9600 6 343 187.0500 -113.3500 4 314 241.3700 -146.5700 0 282 278.5600 -73.7500 1 288 253.8000 -80.7300 3 407 286.1900 -108.7500
9.1242893587e-01 -5.2971320002e-01 -4.0958325203e+00
243 216 81
2 7 371 232.1900 -130.4100 5 256 192.3300 -104.2100
9.0802985575e-01 -5.2808278912e-01 -4.1078887784e+00
241 217 91
2 7 372 225.5000 -129.8100 6 348 226.5500 -91.0000
9.1049823858e-01 -5.2461361101e-01 -4.1153718647e+00
180 192 146
7 7 375 223.0700 -125.9500 5 365 182.0200 -100.0600 4 337 259.6100 -84.5200 0 296 276.1000 -1.3500 1 321 256.8400 -15.3700 3 613 285.5100 -34.1200 2 250 260.5600 -49.2100
9.1045023193e-01 -5.2453936445e-01 -4.1153224631e+00
180 192 146
4 7 376 223.0700 -125.9500 5 366 182.0200 -100.0600 4 336 259.6100 -84.5200 3 612 285.5100 -34.1200
9.5703162048e-01 -5.1919735498e-01 -3.9623359372e+00
246 218 227
2 7 377 304.0800 -125.6200 6 358 306.2500 -73.1100
9.5703162048e-01 -5.1919735498e-01 -3.9623359372e+00
246 218 227
2 7 378 304.0800 -125.6200 6 359 306.2500 -73.1100
9.2068115722e-01 -5.1000924656e-01 -4.0943043710e+00
242 218 87
2 7 382 230.3100 -117.8000 6 356 230.7900 -76.2900
9.2513591810e-01 -5.0811750625e-01 -4.1065089080e+00
180 195 149
3 7 384 228.0800 -113.3400 5 377 187.7900 -86.4600 6 360 227.9700 -72.7500
9.8097323164e-01 -4.9204506498e-01 -3.9485834236e+00
251 221 237
3 7 388 313.9700 -101.2700 5 389 286.4900 -69.5300 6 373 314.6800 -44.3600
9.7918821611e-01 -4.9244923026e-01 -3.9566079464e+00
250 215 216
2 7 389 309.4500 -101.3400 6 372 310.0000 -45.2600
9.5189266380e-01 -4.8565339796e-01 -4.0733686080e+00
252 222 76
2 7 390 245.4400 -95.3500 6 369 244.4100 -50.0500
9.5189266380e-01 -4.8565339796e-01 -4.0733686080e+00
252 222 76
2 7 391 245.4400 -95.3500 6 370 244.4100 -50.0500
8.4761993520e-01 -3.7735183515e-01 -3.9624871156e+00
242 192 198
2 7 396 193.2000 -91.1600 6 377 176.5900 -36.2800
9.6269501334e-01 -4.7627113906e-01 -4.0883205654e+00
252 221 71
2 7 403 242.6700 -84.5300 6 542 240.7600 -39.8000
9.5794038094e-01 -4.6886908209e-01 -4.0839894511e+00
117 82 8
2 7 405 239.4300 -83.0600 6 375 237.0700 -37.6800
5.6891887406e-01 -1.4763245990e-01 -3.9818206527e+00
120 143 193
2 7 409 -87.7100 -72.2900 5 280 -126.2200 -22.4800
5.6705561382e-01 -1.3911825190e-01 -3.9803480396e+00
253 188 200
2 7 411 -93.2300 -67.9800 6 264 -139.4000 -18.9000
6.4678379838e-01 -1.6066717952e-01 -3.9203218046e+00
252 213 219
3 7 421 -20.5400 -48.6600 5 289 -40.7600 5.0900 6 279 -69.2100 10.4500
6.4526700896e-01 -1.5570597002e-01 -3.9161932585e+00
194 133 147
3 7 423 -23.2200 -46.7100 5 436 -43.3800 9.1900 6 281 -73.1000 13.1500
6.5678477047e-01 -1.4676532356e-01 -3.9138393209e+00
250 193 202
2 7 429 -19.0000 -34.5000 6 285 -69.2900 26.8100
5.7202184030e-01 -8.4950798853e-02 -3.9637321629e+00
245 180 194
2 7 433 -115.0000 -29.4900 6 402 -166.7600 22.8200
6.0588869078e-01 -9.7865216798e-02 -3.9253247267e+00
255 216 221
3 7 436 -82.0200 -24.0600 5 442 -110.0300 38.1600 6 404 -136.7900 34.4200
6.0671707635e-01 -9.0379060538e-02 -3.9204006791e+00
255 212 218
2 7 441 -84.9400 -18.3600 5 640 -112.2700 45.4100
6.1902105465e-01 -9.6031062053e-02 -3.9209831365e+00
255 213 221
3 7 442 -72.9600 -16.3100 5 449 -98.6100 47.1800 6 409 -127.8400 43.6300
6.5796272056e-01 -1.2153156687e-01 -3.9051622400e+00
248 199 210
2 7 444 -29.3600 -15.7700 6 412 -82.8900 47.5900
6.2667072773e-01 -9.7393375738e-02 -3.9148038243e+00
255 206 214
2 7 445 -65.9700 -13.6400 5 454 -89.7000 50.3300
7.8218655225e-01 -2.0440118336e-01 -4.0032143552e+00
228 117 155
2 7 448 72.6300 -9.3000 6 410 39.9500 45.6600
6.2387772004e-01 -7.8175116316e-02 -3.9142571674e+00
217 240 255
3 7 455 -78.2300 -0.6600 5 305 -102.3500 66.1200 6 299 -134.6600 60.8100
6.9077440243e-01 -1.2351830139e-01 -3.9161744374e+00
200 148 165
2 7 456 -6.1200 0.0200 6 421 -56.9300 63.5100
6.1279389419e-01 -5.7362126967e-02 -3.9171413918e+00
209 187 225
3 7 463 -97.3500 9.2300 5 468 -124.4000 79.4100 6 302 -155.4000 69.7800
8.9849609443e-01 -2.4416215942e-01 -4.0078650086e+00
155 30 43
2 7 465 155.9900 16.1100 6 305 130.9300 74.7200
7.6854059314e-01 -1.5521201077e-01 -4.0067028964e+00
121 83 114
2 7 467 43.2000 16.4900 6 425 5.9000 71.2400
8.0748585985e-01 -1.6083938632e-01 -3.9973012255e+00
244 224 230
2 7 472 71.5400 29.7500 6 432 35.7500 87.7100
8.2274720752e-01 -1.6913513955e-01 -4.0014063861e+00
73 17 24
2 7 474 83.3700 31.0300 6 312 48.9900 88.9600
8.5245726502e-01 -1.6261220189e-01 -4.0249472619e+00
155 47 68
2 7 480 92.4100 47.2000 6 442 60.4200 104.1300
8.2576255312e-01 -9.1513313789e-01 -4.6225566526e+00
144 139 154
2 7 507 164.9000 -229.8500 6 457 185.5500 -223.6800
8.5916501903e-01 -7.3004028103e-01 -4.3878687077e+00
139 128 92
2 7 530 182.8000 -192.6900 6 335 195.9300 -175.4900
8.2365192115e-01 -8.5688519807e-01 -4.8317041458e+00
137 128 149
2 7 536 119.4600 -186.1800 6 469 138.0300 -182.5100
8.7812695957e-01 -5.9011158194e-01 -4.0495483155e+00
238 190 59
2 7 540 250.6100 -182.4000 6 478 255.5800 -144.8700
8.7812695957e-01 -5.9011158194e-01 -4.0495483155e+00
238 190 59
2 7 541 250.6100 -182.4000 6 479 255.5800 -144.8700
8.9608969036e-01 -5.7399956182e-01 -4.0408780378e+00
228 223 104
2 7 558 257.7400 -168.3700 6 488 262.1000 -128.3700
8.8243671736e-01 -7.7677704767e-01 -4.8300974853e+00
151 143 158
2 7 569 121.4900 -149.9400 6 481 137.9000 -143.7000
8.8243671736e-01 -7.7677704767e-01 -4.8300974853e+00
151 143 158
2 7 570 121.4900 -149.9400 6 482 137.9000 -143.7000
9.2350198530e-01 -5.4251638973e-01 -4.0251361609e+00
217 187 54
5 7 572 267.7100 -142.8200 5 353 232.7600 -115.4400 6 502 270.4400 -99.0900 4 556 306.7600 -39.8000 1 511 281.6000 39.2300
8.6615789855e-01 -5.4152712504e-01 -4.1887580412e+00
65 52 8
4 7 574 185.5100 -140.7500 5 350 138.5200 -116.9700 6 494 186.8100 -109.2600 4 507 238.4000 -142.2900
8.6615789855e-01 -5.4152712504e-01 -4.1887580412e+00
65 52 8
4 7 575 185.5100 -140.7500 5 351 138.5200 -116.9700 6 495 186.8100 -109.2600 4 508 238.4000 -142.2900
9.0315445858e-01 -5.3735135449e-01 -4.1071741480e+00
200 171 48
2 7 577 226.2800 -136.2700 5 355 185.3700 -110.5700
9.1507723565e-01 -7.3515010989e-01 -4.7944771627e+00
100 93 118
2 7 583 128.2400 -133.3100 6 489 143.2500 -125.1000
9.1626976330e-01 -5.2509845720e-01 -4.0941758613e+00
241 213 75
3 7 587 233.2400 -126.9300 5 528 193.5000 -100.3200 6 510 234.1300 -86.7700
9.5789585157e-01 -5.1794258540e-01 -3.9700348870e+00
250 199 205
3 7 591 300.6400 -123.5000 5 532 270.6300 -93.0200 6 517 302.6700 -71.3800
9.5895869358e-01 -5.1562405185e-01 -3.9631398675e+00
238 134 161
3 7 592 303.4600 -122.5100 5 534 274.3200 -92.1500 6 521 305.4700 -69.8300
9.5895869358e-01 -5.1562405185e-01 -3.9631398675e+00
238 134 161
3 7 593 303.4600 -122.5100 5 535 274.3200 -92.1500 6 522 305.4700 -69.8300
9.6172822098e-01 -5.1463410476e-01 -3.9602180400e+00
255 210 234
3 7 594 305.9100 -121.1400 5 537 277.0000 -90.6500 6 523 307.9700 -68.0100
9.6157627076e-01 -5.1094096209e-01 -3.9652658586e+00
249 203 206
4 7 597 302.6200 -118.6300 5 539 272.8700 -87.8800 6 524 304.0700 -65.4300 4 861 312.1600 17.2500
9.6656100929e-01 -5.0764341108e-01 -3.9636952707e+00
249 212 215
2 7 602 304.7000 -114.6200 6 528 306.0000 -61.0000
9.3315251441e-01 -5.0906596697e-01 -4.0779126711e+00
185 154 29
2 7 603 242.1000 -114.2400 5 541 204.0000 -86.6300
9.3315251441e-01 -5.0906596697e-01 -4.0779126711e+00
185 154 29
2 7 604 242.1000 -114.2400 5 542 204.0000 -86.6300
9.7012425496e-01 -5.0471520055e-01 -3.9567311844e+00
254 199 204
3 7 605 308.7200 -112.3200 5 547 280.2000 -81.2400 6 529 310.0700 -57.6700
9.3005971512e-01 -5.0882729456e-01 -4.1021844752e+00
241 214 97
2 7 606 231.9800 -112.0300 5 379 192.2200 -85.5500
9.4385720700e-01 -4.9894385148e-01 -4.0741089947e+00
194 164 51
2 7 609 245.4800 -105.1700 5 382 207.9300 -77.2400
9.4385720700e-01 -4.9894385148e-01 -4.0741089947e+00
194 164 51
2 7 610 245.4800 -105.1700 5 383 207.9300 -77.2400
9.2938189211e-01 -4.8348884082e-01 -4.1367528406e+00
249 214 104
2 7 614 212.3500 -96.2800 6 362 211.4000 -56.0500
9.9201634424e-01 -4.7840108021e-01 -3.9491063263e+00
253 206 212
3 7 620 315.0300 -88.4100 5 557 287.7100 -56.1100 6 553 314.7400 -30.0000
9.6078926532e-01 -4.7407343124e-01 -4.0750652700e+00
207 171 36
3 7 623 245.6400 -85.4500 5 391 208.5000 -56.7400 6 543 243.7200 -39.4700
9.7309187134e-01 -4.6014861415e-01 -4.0682987008e+00
206 175 60
3 7 628 249.6500 -73.9100 5 395 213.4900 -44.3700 6 558 246.9900 -26.4400
9.7306067773e-01 -4.6002058527e-01 -4.0681263575e+00
206 175 60
5 7 629 249.6500 -73.9100 5 396 213.4900 -44.3700 6 559 246.9900 -26.4400 4 560 243.9100 -17.6400 0 476 243.8500 56.1000
5.7399212622e-01 -1.4772478265e-01 -3.9776476171e+00
111 109 153
2 7 634 -83.8600 -70.4700 5 415 -121.3300 -20.0400
9.7708682734e-01 -4.5461985426e-01 -4.0651446972e+00
188 158 37
3 7 635 251.0200 -69.7300 5 400 215.2300 -39.8200 6 564 248.0100 -21.5300
9.7786972331e-01 -4.5540221621e-01 -4.0670678684e+00
188 158 37
2 7 636 251.0200 -69.7300 6 565 248.0100 -21.5300
6.2297315972e-01 -1.7174499141e-01 -3.9353855089e+00
251 212 219
2 7 642 -34.0800 -67.5500 6 271 -81.3700 -12.0200
6.2965249133e-01 -1.6696503619e-01 -3.9299095125e+00
248 205 213
2 7 647 -30.6200 -61.1200 6 275 -79.1900 -4.8800
8.1721917948e-01 -2.9655993506e-01 -4.0389841530e+00
244 220 238
3 7 651 120.1700 -48.2000 5 423 92.1800 -9.6900 6 575 98.5400 1.0100
8.2621936770e-01 -2.9976028452e-01 -4.0303235660e+00
245 217 231
3 7 653 129.1200 -47.1100 5 601 101.8800 -8.0800 6 578 107.3800 3.4500
6.4752655942e-01 -1.4757907866e-01 -3.9132718608e+00
250 200 210
3 7 663 -25.0600 -39.5100 5 615 -44.6400 17.5500 6 401 -76.2200 20.3000
5.8729040277e-01 -1.0399168460e-01 -3.9313923775e+00
214 151 162
2 7 667 -93.1100 -37.5200 5 202 -124.0900 22.3500
6.5435615925e-01 -1.3596891491e-01 -3.9098178731e+00
242 195 204
2 7 678 -25.4000 -28.0100 6 592 -77.4100 33.8900
5.9810563520e-01 -8.7026079424e-02 -3.9307259022e+00
254 204 212
2 7 691 -93.6600 -19.8000 5 444 -123.9100 43.4300
6.3975018560e-01 -9.9320516604e-02 -3.9130874111e+00
218 147 163
2 7 701 -55.0800 -8.3000 6 602 -110.1400 53.5900
6.2355440101e-01 -8.8608069196e-02 -3.9189116527e+00
225 187 206
2 7 702 -73.1200 -8.5900 5 651 -98.2500 56.3900
7.7348757278e-01 -1.9332446788e-01 -4.0048399333e+00
251 252 254
2 7 705 62.4700 -5.9400 5 633 37.9000 42.5400
6.3195219001e-01 -8.8160842180e-02 -3.9171069575e+00
239 186 203
2 7 710 -67.0200 -3.9200 5 301 -90.7000 61.3500
8.5710220977e-01 -2.4274447362e-01 -4.0055089283e+00
207 106 126
2 7 711 132.3200 -0.3900 5 637 109.5500 43.4100
7.4564539153e-01 -1.6485324306e-01 -4.0343364875e+00
250 233 235
2 7 713 27.6500 0.7400 6 415 -7.3500 51.3300
6.4065841430e-01 -8.2438973013e-02 -3.9118916872e+00
204 180 207
2 7 716 -63.0100 4.6000 6 423 -119.1900 67.4300
8.7672757916e-01 -2.4180169247e-01 -4.0051992766e+00
246 220 237
2 7 721 143.6300 8.2500 5 647 120.8400 52.6300
6.9871717282e-01 -1.1600622290e-01 -3.9219473203e+00
236 203 217
3 7 723 -5.0700 9.5000 5 665 -22.0900 71.5400 6 634 -55.4900 73.0900
6.8766787028e-01 -1.0611317501e-01 -3.9217930229e+00
170 111 129
2 7 725 -17.8200 11.1400 5 670 -35.9200 74.6000
7.6152358110e-01 -1.4770905012e-01 -4.0110577176e+00
215 186 200
2 7 729 34.4600 18.0000 6 632 -2.6600 72.6200
7.6152358110e-01 -1.4770905012e-01 -4.0110577176e+00
215 186 200
2 7 730 34.4600 18.0000 6 633 -2.6600 72.6200
8.0386399072e-01 -1.7577562554e-01 -4.0139905330e+00
247 230 233
2 7 731 71.4500 18.4800 6 635 38.1000 74.1300
7.8396611368e-01 -1.6256587303e-01 -4.0143463966e+00
211 189 186
2 7 732 53.9300 18.4900 5 662 28.8900 69.2000
7.7219431631e-01 -1.5276622005e-01 -4.0098161252e+00
246 239 246
2 7 733 43.6100 19.5300 6 636 6.8400 74.4500
7.8345914361e-01 -1.5802894283e-01 -4.0088960138e+00
90 50 73
2 7 734 53.0000 21.0900 6 638 16.8700 76.4800
8.0818007647e-01 -1.7047775644e-01 -4.0034287416e+00
173 125 145
2 7 737 74.5600 23.9100 5 668 51.8500 74.4600
8.1464137016e-01 -1.7375136236e-01 -4.0050361046e+00
251 240 241
2 7 739 79.5800 24.6400 6 643 45.2800 81.4400
6.4748661568e-01 -5.4298681106e-02 -3.9092660904e+00
248 227 236
2 7 746 -72.0500 29.3200 6 651 -130.4000 93.5100
6.4753274417e-01 -5.4189259219e-02 -3.9098683603e+00
248 227 236
3 7 747 -72.0500 29.3200 5 696 -93.8900 101.3700 6 652 -130.4000 93.5100
6.4382978766e-01 -4.9488551709e-02 -3.9107459749e+00
251 244 243
3 7 748 -77.2400 31.0000 5 479 -100.0100 103.5900 6 438 -136.0700 94.9600
6.4382978766e-01 -4.9488551709e-02 -3.9107459749e+00
251 244 243
3 7 749 -77.2400 31.0000 5 480 -100.0100 103.5900 6 439 -136.0700 94.9600
6.3260834153e-01 -4.1392468957e-02 -3.9118788809e+00
248 205 217
3 7 751 -90.3800 31.4400 5 481 -114.5700 104.9300 6 440 -149.4200 94.7000
6.2691064079e-01 -2.8157872755e-02 -3.9110684013e+00
225 159 171
2 7 762 -101.3700 38.5100 6 660 -161.7700 101.9100
6.1034153476e-01 -1.6638650004e-02 -3.9240117701e+00
250 192 200
2 7 764 -120.4500 38.5800 5 486 -151.0300 114.5600
6.4201388121e-01 -2.8985413864e-02 -3.9071568284e+00
254 194 202
3 7 775 -88.9900 46.0700 5 490 -112.0500 122.1900 6 673 -149.8700 110.2400
6.6309574182e-01 -3.1994460646e-02 -3.9075786908e+00
242 184 196
2 7 782 -71.6200 54.3300 6 677 -131.2000 119.9800
9.9318414720e-01 -2.3038653859e-01 -3.9510162477e+00
189 117 130
2 7 789 225.4400 66.1900 6 449 200.0200 136.6100
6.8387333689e-01 -2.4308504811e-02 -3.9170410594e+00
191 152 170
2 7 790 -60.8200 70.0200 5 493 -80.3700 146.4700
8.6834774561e-01 -1.2624081229e-01 -4.0302083318e+00
182 69 104
2 7 793 86.1200 76.5000 5 701 62.5100 128.8400
1.0405895663e+00 -1.9552166553e-01 -3.9785938629e+00
191 142 137
2 7 803 227.8300 106.3600 6 451 201.7100 175.7600
7.7284315511e-01 -1.4129452944e-01 -4.0137209419e+00
103 22 48
2 8 183 33.0000 42.0900 5 154 13.3100 80.1600
1.0187096279e+00 -4.4402557578e-01 -3.9288294092e+00
254 215 228
5 8 213 -206.7000 181.5100 5 134 302.9200 -24.0400 4 188 287.2100 75.9900 0 181 248.9200 166.1200 1 192 242.7400 149.7500
1.0184334778e+00 -4.4377768084e-01 -3.9281021669e+00
254 215 228
3 8 214 -206.7000 181.5100 5 133 302.9200 -24.0400 4 189 287.2100 75.9900
1.0070779808e+00 -4.5244022424e-01 -3.9443583315e+00
255 63 99
7 8 215 -194.3700 183.3200 5 90 290.3500 -33.9400 4 185 286.0200 60.9600 0 177 251.5800 152.5900 1 142 244.7500 135.7600 3 242 264.2700 119.9700 2 115 282.5500 96.4600
9.8783091012e-01 -4.8139388982e-01 -3.9470609933e+00
254 222 233
4 8 218 -185.0000 203.7600 5 125 288.0800 -60.0900 4 179 301.8600 45.2300 0 174 269.2000 146.3000
9.9484763245e-01 -4.9130803845e-01 -3.9575169832e+00
254 222 233
3 8 219 -185.0000 203.7600 5 124 288.0800 -60.0900 4 134 306.3200 36.9200
9.9216862274e-01 -4.7984308328e-01 -3.9358848961e+00
255 56 108
4 8 220 -192.1400 205.6000 5 126 295.7500 -58.4100 4 181 305.5800 53.6500 1 190 260.7800 132.1000
6.5143025320e-01 -3.2339625523e-02 -3.9072605857e+00
251 192 202
3 8 238 143.2000 31.6900 5 234 -101.8000 123.8800 6 236 -140.0900 113.3700
6.0873611901e-01 -2.1570334259e-02 -3.9226928191e+00
182 117 134
2 8 239 187.2800 33.1700 5 161 -149.9100 109.4100
6.5840183273e-01 -4.0191185281e-02 -3.9041344298e+00
250 197 208
3 8 241 132.6300 36.6500 5 162 -90.7200 120.4800 6 235 -130.8900 111.5100
1.0288333733e+00 -4.3554760969e-01 -3.9255373079e+00
245 225 238
2 8 288 -213.1200 174.6300 5 190 307.0900 -14.4500
1.0267209779e+00 -4.3332129576e-01 -3.9230270349e+00
245 225 238
6 8 289 -213.1200 174.6300 5 191 307.0900 -14.4500 4 263 283.4500 84.4000 1 270 238.2200 157.4200 3 519 255.8500 138.6600 2 213 281.0900 120.6900
9.9762551291e-01 -4.7305393936e-01 -3.9434713070e+00
243 213 233
2 8 296 -191.2100 197.6100 5 129 292.1100 -50.8000
9.9762551291e-01 -4.7305393936e-01 -3.9434713070e+00
243 213 233
2 8 297 -191.2100 197.6100 5 128 292.1100 -50.8000
6.3399852159e-01 -2.9996841866e-02 -3.9091536960e+00
198 125 143
2 8 339 160.3600 35.3700 5 232 -119.0100 116.7000
6.3590075470e-01 -7.9694135081e-02 -3.9137046754e+00
231 248 255
2 8 369 141.7200 74.0500 5 213 -91.2600 71.3700
9.4530583624e-01 -4.9425847347e-01 -4.0783219294e+00
244 216 76
3 8 412 -118.4000 176.4500 5 271 205.5400 -73.3300 4 356 258.1100 -43.4600
9.8223046528e-01 -1.1535406649e-01 -4.0359334898e+00
184 42 60
2 8 441 -101.5800 -39.3800 5 239 122.7100 177.6600
6.1724793175e-01 -2.9034539117e-02 -3.9158769714e+00
211 138 158
2 8 463 176.5800 38.5100 5 323 -136.3500 107.8200
6.4069036292e-01 -8.2466894884e-02 -3.9124032056e+00
211 177 207
2 8 484 136.6800 74.9100 5 308 -84.9500 71.5000
9.1615909232e-01 -5.2365802549e-01 -4.1008670416e+00
204 172 52
8 8 562 -99.9500 190.5200 5 370 190.2200 -98.6000 6 353 230.9700 -85.5100 4 341 265.0100 -74.9300 0 211 278.0000 10.8400 1 331 258.9400 -4.8400 3 430 287.2100 -21.4400 2 253 264.6100 -40.2600
9.1608060996e-01 -5.2356361251e-01 -4.1007848001e+00
204 172 52
7 8 563 -99.9500 190.5200 5 369 190.2200 -98.6000 6 352 230.9700 -85.5100 4 342 265.0100 -74.9300 1 332 258.9400 -4.8400 3 431 287.2100 -21.4400 2 254 264.6100 -40.2600
9.1941059959e-01 -5.2408386006e-01 -4.0857923372e+00
189 161 48
3 8 571 -105.9200 194.7400 5 367 198.3000 -99.4000 6 350 238.3200 -85.4200
6.7656404681e-01 -6.9950986230e-02 -3.9071852502e+00
254 203 209
2 8 685 107.9300 53.7400 6 656 -98.5200 98.1100
6.6063889703e-01 -7.9222704396e-02 -3.9038660372e+00
244 192 204
2 8 701 118.7100 68.2200 6 646 -105.5500 82.3800
6.4870002643e-01 -1.0276790155e-01 -3.9095500135e+00
237 175 190
2 8 729 122.6300 89.0800 5 652 -66.2700 57.6500
6.5520196949e-01 -1.3265421146e-01 -3.9069773540e+00
255 214 222
3 8 758 107.0300 110.7300 5 625 -44.2200 34.5800 6 406 -78.6200 37.2100
1.0417616295e+00 -4.2022338706e-01 -3.9177891531e+00
226 119 139
2 8 804 -222.6800 164.9900 5 428 313.5900 0.8300
1.0417616295e+00 -4.2022338706e-01 -3.9177891531e+00
226 119 139
2 8 805 -222.6800 164.9900 5 429 313.5900 0.8300
1.0258324531e+00 -4.3984744137e-01 -3.9279593156e+00
223 127 140
2 8 815 -210.7300 177.0100 5 417 305.4400 -18.4200
1.0146092387e+00 -4.4890582063e-01 -3.9413395255e+00
250 200 201
2 8 821 -199.6300 180.4900 5 575 294.7100 -28.3500
1.0133222376e+00 -4.4735386573e-01 -3.9393460609e+00
250 200 201
3 8 822 -199.6300 180.4900 5 574 294.7100 -28.3500 4 935 285.0700 67.3300
1.0182157322e+00 -4.4735442355e-01 -3.9319450260e+00
253 217 226
2 8 824 -205.3900 181.9900 5 412 301.4600 -26.3200
1.0116161272e+00 -4.5596035168e-01 -3.9352120024e+00
225 118 141
2 8 830 -201.0000 187.4100 5 405 298.8100 -34.4900
1.0101575696e+00 -4.5415495220e-01 -3.9329931088e+00
225 118 141
3 8 831 -201.0000 187.4100 5 404 298.8100 -34.4900 4 937 291.3800 68.1000
1.0063964488e+00 -4.6222479886e-01 -3.9381930931e+00
238 128 153
2 8 835 -197.4200 191.2600 5 399 296.2600 -40.5300
9.0469058797e-01 -5.3717634799e-01 -4.1012014968e+00
244 219 73
2 8 848 -95.6200 199.5300 5 519 188.4600 -110.5100
8.6215141121e-01 -8.8804234735e-01 -4.5979630825e+00
148 136 154
2 8 855 -21.9400 204.4400 6 462 195.7000 -207.2300
5.4605123550e-01 -1.1324735880e-01 -3.9959418201e+00
238 183 197
2 5 8 -165.0700 -6.7600 6 8 -167.2100 -11.3600
1.0876093216e+00 -3.0598111977e-01 -4.0672026076e+00
103 55 33
2 5 42 223.6000 87.3900 6 48 244.2300 111.9500
8.4117158837e-01 -3.0360424446e-01 -4.0175974813e+00
34 14 12
2 5 54 117.2700 -3.9000 6 61 121.1200 7.7500
7.9604869474e-01 -1.9167369426e-01 -4.0131770419e+00
69 8 15
2 5 75 48.8700 53.3400 6 116 40.8200 59.9400
8.1229936517e-01 -2.9514642815e-01 -4.0460821910e+00
66 13 23
2 5 138 85.8200 -10.3500 6 137 93.1400 -0.6000
6.4243795224e-01 -7.4014552757e-02 -3.9095411316e+00
186 224 255
2 5 155 -87.3500 80.3000 6 220 -122.8400 75.3000
6.3803900040e-01 -4.4882041644e-02 -3.9127139801e+00
233 224 238
2 5 158 -108.1000 104.4000 6 229 -143.1300 95.0500
8.7476834076e-01 -5.3510157771e-01 -4.1869935012e+00
194 166 55
7 5 170 142.1100 -111.1900 6 179 189.5000 -102.5000 4 164 236.5700 -135.4000 0 143 271.6800 -65.5400 1 155 248.0400 -70.9900 3 199 279.6900 -99.7600 2 123 240.1600 -95.5600
9.6368572279e-01 -5.1398390485e-01 -3.9533937465e+00
216 37 65
2 5 172 281.4900 -89.9900 6 183 312.0800 -66.9900
8.1732230166e-01 -2.6695930565e-01 -4.0425918851e+00
120 14 24
2 5 196 79.8600 10.2600 6 207 84.0000 19.4900
6.2714215646e-01 -5.1664942049e-02 -3.9111083863e+00
166 215 251
2 5 221 -113.6400 92.5900 6 222 -147.8900 83.6900
6.3855440880e-01 -5.4011673784e-02 -3.9116242884e+00
168 219 254
2 5 223 -102.2900 96.4900 6 226 -137.4900 88.2700
9.2483591905e-01 -5.1467437445e-01 -4.0939824855e+00
155 128 33
2 5 259 194.6600 -91.5600 6 355 234.5900 -77.0400
9.1305347625e-01 -5.2482522608e-01 -4.1075338314e+00
205 178 66
6 5 364 186.2400 -100.0900 6 349 227.7400 -87.1400 4 338 263.0400 -79.7100 0 303 277.3700 5.0500 3 428 287.1400 -28.0000 2 251 263.0000 -44.4000
8.6437928003e-01 -5.1578986017e-01 -4.2527917868e+00
184 163 72
2 5 372 109.6400 -98.1000 6 347 160.7100 -92.2200
9.7421944835e-01 -4.9825676306e-01 -3.9509923873e+00
220 183 199
2 5 384 283.5700 -75.9900 6 366 312.4200 -51.6900
5.8402850947e-01 -1.6060660363e-01 -3.9830950941e+00
45 56 103
2 5 413 -107.9200 -25.1200 6 382 -115.8600 -24.8700
6.3441083651e-01 -1.6196733432e-01 -3.9263517229e+00
221 171 180
2 5 427 -52.1200 -1.5600 6 390 -78.2100 1.5000
6.4535346592e-01 -1.5570839739e-01 -3.9164559754e+00
165 108 123
2 5 435 -43.3800 9.1900 6 282 -73.1000 13.1500
1.0491285984e+00 -3.3960822343e-01 -4.0987595298e+00
142 99 49
2 5 455 201.4700 53.2900 6 426 227.4000 73.3200
1.1620699826e+00 -2.3725533456e-01 -3.9214250245e+00
109 83 31
2 5 494 314.6000 171.5600 6 682 314.2800 214.8100
8.5858182907e-01 -6.0784635658e-01 -4.0581125219e+00
195 145 34
2 5 502 204.5300 -173.5500 6 472 249.0100 -162.6600
8.5858182907e-01 -6.0784635658e-01 -4.0581125219e+00
195 145 34
2 5 503 204.5300 -173.5500 6 473 249.0100 -162.6600
8.9562580780e-01 -5.7363745207e-01 -4.0399103407e+00
192 188 81
2 5 510 221.0900 -142.5000 6 487 262.1000 -128.3700
8.5851117778e-01 -5.5290605861e-01 -4.1863127210e+00
50 30 9
2 5 515 138.9900 -125.7500 6 490 187.7900 -118.2300
8.5851117778e-01 -5.5290605861e-01 -4.1863127210e+00
50 30 9
2 5 516 138.9900 -125.7500 6 491 187.7900 -118.2300
9.3699270922e-01 -5.2681255212e-01 -4.0171005187e+00
159 131 23
3 5 527 238.8500 -101.7800 6 513 274.5100 -83.7200 4 822 300.6400 -25.2400
9.5787105741e-01 -5.1789749594e-01 -3.9700799190e+00
221 172 183
2 5 533 270.6300 -93.0200 6 518 302.6700 -71.3800
9.6354507451e-01 -5.0973815261e-01 -3.9603862694e+00
192 88 115
2 5 540 276.3700 -86.7400 6 526 306.8800 -63.9300
9.7138161006e-01 -5.0072118161e-01 -3.9571019381e+00
196 89 107
3 5 548 279.4100 -78.2600 6 530 309.2200 -54.5000 4 877 309.2500 28.3300
9.5439372559e-01 -4.8542996811e-01 -4.0667817369e+00
166 134 21
2 5 552 212.3400 -66.1200 6 536 247.9100 -49.0600
9.8352632067e-01 -4.8717201364e-01 -3.9466988321e+00
200 90 122
3 5 553 287.3800 -65.5500 6 541 314.9500 -39.8700 4 904 305.5800 42.3200
9.9365404479e-01 -4.3469068652e-01 -4.0542605159e+00
164 131 26
3 5 585 222.2200 -22.5600 6 574 252.7800 -2.5200 4 849 236.1200 3.3600
1.0161447274e+00 -4.3426313070e-01 -3.9717481256e+00
173 143 87
2 5 590 274.3600 -16.9700 6 581 298.5400 9.9900
8.3254725308e-01 -3.0679495705e-01 -4.0308187487e+00
178 137 151
2 5 596 107.7900 -9.8700 6 576 114.1400 1.9000
8.2207664060e-01 -2.2415213376e-01 -3.9976051664e+00
220 206 222
2 5 631 84.2200 41.7800 6 601 76.2100 52.3400
8.5880800913e-01 -2.4402667421e-01 -3.9995712904e+00
148 51 75
2 5 638 113.5800 43.8700 6 609 108.4800 56.3800
7.7057949732e-01 -1.7419822584e-01 -4.0136123074e+00
170 137 160
2 5 649 25.0300 54.9400 6 616 15.8600 59.1100
7.5425973495e-01 -1.5309546773e-01 -4.0301615692e+00
218 203 221
2 5 655 0.0300 62.5700 6 624 -6.9800 63.5600
7.6233069866e-01 -1.5478324160e-01 -4.0084176395e+00
229 215 228
2 5 660 13.2200 65.9600 6 629 1.5800 68.4000
7.7804669858e-01 -1.5392655038e-01 -4.0105639585e+00
223 211 225
2 5 666 22.6600 73.2700 6 639 11.1400 76.4500
6.1768231611e-01 -5.1639367589e-02 -3.9132129020e+00
166 170 209
2 5 680 -122.6000 87.3400 6 642 -155.2200 77.9700
1.0326120962e+00 -4.2109441890e-01 -3.9269421991e+00
255 59 93
6 8 124 -212.9500 165.0100 4 106 274.7300 86.5600 0 138 235.1400 170.0100 1 116 231.2500 158.8000 3 189 248.8900 136.6000 2 96 274.7300 124.7800
1.0184040053e+00 -4.3756068844e-01 -3.9366445552e+00
255 62 100
4 8 159 -202.7900 174.6000 4 143 280.5600 72.2300 0 137 243.6100 160.7500 3 185 256.2200 128.2600
1.0559014086e+00 -4.0064602148e-01 -3.9069462829e+00
249 205 212
2 8 210 -234.1000 153.3700 4 194 271.4000 109.6400
1.0549743795e+00 -4.0787955174e-01 -3.8885420196e+00
250 156 80
2 8 283 -242.3500 164.2800 4 273 282.3200 118.3000
1.0055282846e+00 -4.6045020215e-01 -3.9362310430e+00
238 128 153
2 8 836 -197.4200 191.2600 4 923 293.8900 62.8900
9.3149691059e-01 -5.0656488088e-01 -4.0928145737e+00
159 132 34
2 5 264 196.1200 -84.4000 4 352 259.0100 -59.5700
1.0022060387e+00 -4.6142825993e-01 -3.9413695631e+00
222 187 202
2 5 273 292.3000 -41.6600 4 400 292.2800 58.7800
9.8229195196e-01 -4.4891598553e-01 -4.0634666239e+00
169 138 40
2 5 276 216.7200 -34.6600 4 231 240.2500 -9.2100
9.2317334554e-01 -5.4240435064e-01 -4.0248806142e+00
176 148 33
2 5 352 232.7600 -115.4400 4 557 306.7600 -39.8000
9.6537496363e-01 -4.9305935604e-01 -3.9995885396e+00
173 139 29
2 5 551 251.7700 -71.9200 4 850 287.9000 5.1400
9.8265441835e-01 -4.7328757785e-01 -3.9902590451e+00
174 143 24
2 5 560 259.3700 -53.6800 4 871 280.3300 21.9200
9.8265441835e-01 -4.7328757785e-01 -3.9902590451e+00
174 143 24
2 5 561 259.3700 -53.6800 4 870 280.3300 21.9200
1.0030725107e+00 -4.4858200654e-01 -3.9774709658e+00
171 142 50
2 5 573 268.9900 -30.9700 4 905 271.3900 42.5700
9.9344394814e-01 -4.3456488403e-01 -4.0541692136e+00
164 131 26
2 5 584 222.2200 -22.5600 4 848 236.1200 3.3600
9.0503460014e-01 -4.8923574799e-01 -4.2148757402e+00
208 181 49
2 4 67 204.9400 -120.2400 1 72 224.9200 -60.3600
1.0455923006e+00 -4.0706737075e-01 -3.9215400582e+00
238 53 76
3 4 146 269.1700 96.8400 1 146 225.5400 167.1400 2 116 270.9000 135.4300
9.9041835768e-01 -1.0618770221e-01 -4.0212303873e+00
200 146 160
2 4 149 57.8300 120.5000 1 140 40.8000 126.5600
9.1667720587e-01 -3.2428456112e-01 -4.5507394696e+00
154 152 173
2 4 212 48.3100 -186.7200 0 189 135.4000 -206.5000
9.2995773080e-01 -4.0989736514e-01 -4.3481391670e+00
175 152 48
3 4 220 131.8400 -138.1900 0 194 189.5900 -120.9100 1 205 180.3100 -92.1100
9.4900540721e-01 -4.9364577213e-01 -4.0700977605e+00
159 126 18
3 4 224 261.1000 -37.9900 1 365 249.0000 31.5500 2 267 263.3500 -2.7700
9.3642840248e-01 -2.7520082720e-01 -4.6029933728e+00
151 143 164
3 4 300 24.4300 -182.0000 0 264 115.8300 -212.3300 2 345 106.1500 -114.7900
9.0921079620e-01 -4.4173202291e-01 -4.3205182679e+00
191 165 54
2 4 315 150.3000 -145.8600 0 270 205.4100 -118.3500
9.1868958003e-01 -4.2871598729e-01 -4.3281183870e+00
188 162 53
2 4 316 143.5600 -141.2400 1 282 188.2200 -91.7800
9.1591527449e-01 -4.4711168462e-01 -4.2912265288e+00
196 174 54
4 4 318 162.0200 -133.9900 0 275 211.5900 -100.4300 1 285 199.0500 -81.0800 2 362 193.3800 -85.4100
8.8029032038e-01 -5.3372692457e-01 -4.1764291921e+00
59 29 2
4 4 520 240.1000 -128.0800 0 427 272.5000 -55.8400 1 300 250.0000 -62.5100 2 243 244.1300 -89.1800
9.2366356802e-01 -4.3890607581e-01 -4.2882406107e+00
198 174 58
2 4 521 159.7900 -127.1000 0 415 208.2600 -94.4600
9.0857948456e-01 -4.7767381800e-01 -4.2335844901e+00
207 180 64
2 4 525 193.3600 -122.7700 0 424 233.2400 -73.6300
9.3665239547e-01 -4.1490648261e-01 -4.3078029749e+00
172 151 53
2 4 526 144.8800 -122.6300 0 412 195.4400 -97.1300
9.3900128897e-01 -4.2493950613e-01 -4.2832572680e+00
173 147 54
2 4 529 156.7800 -115.1800 0 419 203.0500 -84.3800
9.0341728540e-01 -5.3718157493e-01 -4.1071152974e+00
178 149 33
3 4 535 269.8200 -87.4700 1 450 264.5100 -16.5100 2 376 267.4300 -53.4100
9.3476737390e-01 -4.9986174381e-01 -4.1041400297e+00
231 195 70
2 4 543 251.5000 -61.6800 0 447 262.7700 16.8300
9.3873221587e-01 -5.0059755514e-01 -4.0892061237e+00
184 154 42
4 4 548 257.5500 -53.1900 0 458 265.4200 28.4800 1 477 249.6000 15.2700 2 400 260.2900 -17.8000
9.4411584942e-01 -4.9846031854e-01 -4.0730446801e+00
178 147 31
4 4 554 262.3600 -42.4800 0 471 265.8100 41.8400 1 495 250.9000 26.9900 2 412 264.0100 -7.8400
9.2988774299e-01 -3.1781224728e-01 -4.5374358390e+00
64 56 79
2 4 749 51.0600 -176.1400 0 576 135.3500 -195.0000
9.4266896204e-01 -2.6648415782e-01 -4.5970877494e+00
158 132 146
2 4 751 23.1300 -175.8200 0 566 113.3200 -206.0300
9.6039469783e-01 -2.3599024593e-01 -4.5979598042e+00
149 120 129
2 4 760 14.9800 -162.2100 0 578 103.4900 -194.9500
9.2730686518e-01 -4.9539799621e-01 -4.1413113083e+00
200 163 48
2 4 806 235.1500 -80.8300 0 621 255.5800 -10.2800
7.5011420137e-01 -1.5391948349e-01 -4.0154962828e+00
220 187 203
2 0 20 -36.8800 71.7100 3 22 -28.4900 50.4300
7.1139466465e-01 -1.8399702157e-01 -4.0750236010e+00
21 12 7
2 0 29 -33.5200 17.4200 3 36 -28.6100 -2.7800
1.0081424567e+00 -2.1936101553e-01 -3.9516023338e+00
207 151 162
2 0 52 98.2700 154.9500 3 63 113.6400 124.0500
9.8613849222e-01 -1.4163895908e-01 -4.0038599140e+00
175 120 141
2 0 70 49.9500 121.3500 3 117 66.1000 92.6700
7.0879576076e-01 -1.6814542774e-01 -4.0402072343e+00
127 12 15
2 0 87 -47.6000 42.7100 3 104 -40.1200 24.0700
7.3416281764e-01 -2.0011864711e-01 -4.0586499722e+00
209 35 52
2 0 115 -14.8800 32.7000 3 154 -8.5700 11.9900
7.3416281764e-01 -2.0011864711e-01 -4.0586499722e+00
209 35 52
2 0 116 -14.8800 32.7000 3 155 -8.5700 11.9900
7.2627300155e-01 -1.4709993600e-01 -4.0242578992e+00
34 20 25
2 0 119 -51.6600 60.6900 3 161 -43.6400 40.7400
7.4937961263e-01 -1.6921066010e-01 -4.0237543401e+00
62 18 30
2 0 120 -28.9000 63.6700 3 218 -19.2000 43.6900
6.8123484187e-01 -1.7508272491e-01 -4.0513164462e+00
71 24 34
2 0 150 -56.6400 26.8500 3 211 -50.6500 9.3300
7.2310575390e-01 -1.6544761773e-01 -4.0358530614e+00
127 36 56
2 0 155 -42.2500 49.7000 3 306 -34.4600 30.2100
9.8850823948e-01 -1.7529589711e-01 -3.9880380537e+00
158 92 105
2 0 170 68.6000 130.6000 3 234 83.2100 100.5400
1.0241606899e+00 -1.8326720926e-01 -3.9578433219e+00
200 149 161
2 0 178 83.5000 153.8800 3 180 99.5900 122.8000
1.0241606899e+00 -1.8326720926e-01 -3.9578433219e+00
200 149 161
2 0 179 83.5000 153.8800 3 181 99.5900 122.8000
8.5298291863e-01 -2.4325117335e-01 -3.9986689010e+00
240 210 219
2 0 238 58.6400 97.4700 3 330 69.3800 72.1300
9.3454976601e-01 -4.2320532517e-01 -4.2949131159e+00
177 157 54
2 0 416 200.3600 -92.0100 1 424 190.5300 -71.0000
5.7621657675e-01 -2.1485482284e-01 -4.0060101457e+00
198 149 169
2 0 455 -99.7600 26.2500 3 442 -96.2500 16.0600
7.5415376322e-01 -2.0041112524e-01 -4.0431074339e+00
180 104 123
2 0 472 -6.8700 48.3300 3 448 1.1200 27.3600
1.0469925837e+00 -3.3290793630e-01 -4.1030986459e+00
93 40 4
3 0 680 177.3900 60.4900 1 383 175.1600 71.5600 2 305 200.7300 64.5500
7.6037490908e-01 -1.7353088856e-01 -4.0162281467e+00
119 75 89
2 0 687 -21.5600 71.2800 3 895 -12.0800 50.3800
8.9646371709e-01 -5.4855030902e-01 -4.0987197244e+00
173 147 37
2 5 253 188.7300 -120.1100 4 333 279.5500 -90.3300
8.6331758437e-01 -5.7422597772e-01 -4.1206345640e+00
138 143 96
2 5 509 171.2700 -143.6500 4 524 284.3100 -124.0400
8.9673962055e-01 -4.9977061018e-01 -4.2147645909e+00
209 182 43
5 4 35 208.9200 -128.0200 0 25 246.8300 -69.4100 1 35 230.0500 -65.1600 3 30 254.3700 -104.2300 2 31 226.3000 -85.2700
9.3003734699e-01 -4.9921853626e-01 -4.1278905895e+00
226 195 66
5 4 37 242.0900 -74.2700 0 28 260.7200 -1.2100 1 25 243.6200 -10.2600 3 33 269.8500 -33.4200 2 33 248.8400 -36.7900
9.2533367013e-01 -4.4607689024e-01 -4.2696820950e+00
203 174 58
5 4 47 169.4600 -121.4800 0 40 214.2600 -84.4700 1 57 201.4000 -67.8100 3 52 221.9200 -121.1300 2 44 198.4000 -74.2800
1.1724654460e+00 -2.2902528963e-01 -3.8820360619e+00
130 105 6
3 4 61 194.9500 187.2500 0 77 151.1700 215.8000 3 88 168.6400 179.1500
8.9350904258e-01 -5.1736521103e-01 -4.1852994038e+00
214 186 54
4 4 66 228.6300 -121.6800 1 73 242.2000 -57.0800 3 68 269.8400 -88.3100 2 58 238.3100 -81.3700
8.7119991351e-01 -5.0823309747e-01 -4.2700228781e+00
125 102 35
5 4 117 193.9400 -163.0000 0 105 244.5500 -115.9300 1 151 224.1100 -104.4500 3 133 251.6800 -152.3300 2 119 212.3400 -116.0200
9.4358512569e-01 -3.9691697935e-01 -4.3441412203e+00
164 141 42
3 4 120 128.9200 -128.5000 0 106 185.2100 -111.7400 3 134 192.7300 -149.3300
1.0704295777e+00 -3.9117688810e-01 -3.9049777943e+00
200 93 121
3 4 148 268.2500 116.4400 0 185 223.9700 191.0900 3 248 238.9400 156.2500
9.1197391703e-01 -4.3761221412e-01 -4.3267543232e+00
192 169 54
5 4 161 147.2300 -146.2800 0 142 203.0100 -119.9300 1 152 191.4700 -95.6400 3 194 210.2600 -157.8900 2 124 183.7600 -94.9700
9.2096389168e-01 -4.1791165113e-01 -4.3476460918e+00
183 160 45
3 4 162 133.8400 -144.3000 0 193 192.2700 -124.7400 3 256 199.3600 -162.7900
9.3397490754e-01 -3.9989664336e-01 -4.3548009572e+00
124 110 60
4 4 163 125.8400 -136.6400 0 195 184.2700 -120.9300 3 258 191.6400 -158.9200 2 165 170.5100 -84.5300
9.2392593713e-01 -3.5736429442e-01 -4.4739835667e+00
19 14 17
3 4 216 78.7900 -168.7600 0 191 154.9100 -176.0600 1 279 151.0300 -129.7800
9.9401631919e-01 -4.3805876974e-01 -4.0567307344e+00
188 155 46
5 4 235 237.2800 1.2000 0 226 233.3500 70.9700 1 244 224.9300 64.6800 3 309 245.0700 37.4200 2 296 247.8500 37.6400
9.9506906320e-01 -4.3769244253e-01 -4.0570706858e+00
188 155 46
4 4 236 237.2800 1.2000 0 227 233.3500 70.9700 1 245 224.9300 64.6800 3 310 245.0700 37.4200
1.1741804903e+00 -2.1783896273e-01 -3.9126060841e+00
145 123 76
5 4 289 181.8200 173.5600 0 383 145.1000 197.4200 1 273 149.6000 217.6500 3 523 163.0700 160.6800 2 222 206.2600 219.3000
9.2590135696e-01 -2.8842074376e-01 -4.6089544701e+00
160 151 164
4 4 296 26.4700 -190.4700 0 393 119.5100 -221.0000 1 404 120.8000 -157.8800 2 342 107.5500 -122.7600
9.3687323604e-01 -2.7513892841e-01 -4.6035858450e+00
151 143 164
2 4 301 24.4300 -182.0000 2 346 106.1500 -114.7900
9.1418351374e-01 -4.1791938483e-01 -4.3711873367e+00
34 16 0
4 4 311 127.1000 -155.7200 0 401 189.6600 -139.6500 1 280 180.1800 -108.0800 3 569 196.6700 -178.6400
9.0579910025e-01 -4.7394503792e-01 -4.2585141488e+00
151 121 110
4 4 319 183.7100 -132.8000 0 278 228.8300 -89.3000 1 291 213.4900 -77.3200 3 400 236.5500 -125.3300
9.1999336716e-01 -4.6017256007e-01 -4.2510970277e+00
115 82 67
4 4 323 180.7200 -120.1500 0 280 223.1100 -77.7300 1 298 209.2800 -65.0400 3 404 231.1300 -113.2800
9.3333683205e-01 -4.3002948217e-01 -4.2867750980e+00
196 174 49
4 4 324 157.4800 -120.1200 0 279 204.9500 -88.9600 1 296 194.0400 -69.4100 3 401 212.9400 -125.5500
9.1842871818e-01 -4.6979172351e-01 -4.2332855229e+00
194 168 48
5 4 327 191.0300 -116.4500 0 285 230.2500 -68.9600 1 301 215.4600 -59.7800 3 412 238.3400 -104.3200 2 247 212.8700 -71.9400
8.9949701173e-01 -5.3691007093e-01 -4.1125698709e+00
224 193 65
3 4 330 267.1300 -91.7500 0 293 284.0100 -4.4900 3 421 292.9900 -37.0400
8.9949701173e-01 -5.3691007093e-01 -4.1125698709e+00
224 193 65
3 4 331 267.1300 -91.7500 0 294 284.0100 -4.4900 3 422 292.9900 -37.0400
8.9602853274e-01 -5.4858966699e-01 -4.0983741088e+00
182 153 34
3 4 334 279.5500 -90.3300 0 301 293.9800 3.3100 1 318 271.8000 -17.2300
9.2633988704e-01 -5.0874513193e-01 -4.1080543532e+00
162 177 132
4 4 346 254.4200 -69.5800 0 308 267.7500 10.5900 1 334 250.5800 -1.7100 3 622 277.2200 -22.0800
1.1732792285e+00 -2.2004831489e-01 -3.8900397287e+00
211 182 61
4 4 453 188.2200 185.5000 0 547 146.6500 211.3800 1 399 150.3700 229.8800 3 736 164.0400 173.9700
1.4248165404e+00 -3.5442873734e-01 -3.8277913225e+00
152 138 161
2 4 463 303.5400 206.8200 3 548 294.3700 220.1300
9.2807305632e-01 -3.0421533459e-01 -4.5729489074e+00
155 148 161
2 4 485 39.0400 -183.6200 2 344 115.4100 -118.0300
9.2007207957e-01 -3.6809320165e-01 -4.4664416132e+00
156 154 172
3 4 492 83.9500 -171.5100 0 589 160.0000 -175.9700 3 790 166.2400 -216.0700
9.1275906959e-01 -4.2240485632e-01 -4.3613381839e+00
47 25 0
3 4 500 131.2200 -153.8700 1 414 182.2800 -105.9800 2 352 173.4200 -100.5200
8.7785042264e-01 -5.2746375535e-01 -4.1990689574e+00
205 184 49
3 4 514 228.2800 -137.0200 0 425 265.0000 -71.2600 3 598 273.2300 -105.3500
9.2132145644e-01 -4.3419248997e-01 -4.3101710003e+00
112 78 35
5 4 515 151.5000 -135.0900 0 407 203.8100 -106.9600 1 418 192.4300 -84.6500 3 574 211.3800 -144.1900 2 363 186.8500 -85.3500
9.1933446868e-01 -4.4189694068e-01 -4.2993045584e+00
135 100 36
4 4 516 158.0000 -133.9200 0 409 208.7100 -102.7800 1 421 196.6100 -82.4300 3 582 216.3100 -140.0600
9.2328910439e-01 -4.3542876530e-01 -4.3030762690e+00
178 140 56
3 4 517 154.3300 -131.9000 0 410 205.2300 -102.3200 3 583 213.0700 -139.7600
9.1976371660e-01 -4.4592316084e-01 -4.2855024122e+00
153 126 30
3 4 518 163.7000 -129.5400 0 413 211.9400 -95.5100 3 587 219.7600 -132.1400
8.8074298921e-01 -5.3369716954e-01 -4.1769247262e+00
59 29 2
5 4 519 240.1000 -128.0800 0 426 272.5000 -55.8400 1 299 250.0000 -62.5100 3 414 280.5700 -90.2700 2 242 244.1300 -89.1800
9.3759236760e-01 -4.1804809912e-01 -4.3024604364e+00
110 91 25
4 4 528 148.1600 -121.2000 0 414 197.8400 -94.4200 1 423 187.9300 -71.8200 3 588 205.8200 -131.3200
9.2464374615e-01 -4.5834315861e-01 -4.2421504883e+00
168 148 43
2 4 531 183.0300 -114.3100 2 368 207.9300 -69.0900
8.7263076264e-01 -5.6948588445e-01 -4.1048567902e+00
210 188 86
2 4 532 288.2300 -110.6000 0 435 306.5800 -12.4300
8.7747127205e-01 -5.6824984237e-01 -4.1025035908e+00
161 168 117
3 4 534 288.8300 -106.8300 0 437 306.9200 -8.7500 1 442 280.9000 -32.4000
9.1020595633e-01 -5.2986213174e-01 -4.1029375998e+00
183 151 36
4 4 537 267.3900 -80.4000 0 441 281.3400 6.7600 3 620 290.5700 -25.6200 2 383 266.0800 -46.0400
9.4014185550e-01 -5.0217155146e-01 -4.0777866817e+00
175 144 31
4 4 550 262.6900 -47.6600 0 468 267.4100 37.0100 1 490 252.1500 22.2000 3 636 277.5500 4.2600
9.1796413928e-01 -5.4769703256e-01 -4.0271938144e+00
185 158 45
3 4 551 309.0100 -45.0900 0 484 303.8000 64.3400 1 506 283.8100 35.1600
9.7492107615e-01 -4.5963374951e-01 -4.0687939294e+00
184 149 32
3 4 561 243.9100 -17.6400 0 477 243.8500 56.1000 3 880 254.9700 23.4800
9.4993129262e-01 -5.0900151652e-01 -4.0061920844e+00
186 156 28
2 4 565 294.2100 -8.6900 0 508 279.6000 92.0200
1.0050685092e+00 -4.5608218675e-01 -3.9409156190e+00
226 74 97
2 4 605 289.4500 61.6500 0 535 254.0200 154.9000
1.1703748856e+00 -2.2446910044e-01 -3.8953972459e+00
128 102 40
2 4 698 189.1200 181.1400 1 593 152.0500 226.1900
9.4021687830e-01 -3.3988626919e-01 -4.4694617431e+00
18 15 22
2 4 768 75.0800 -157.2300 3 792 155.8900 -204.8200
9.1740212861e-01 -4.3443273477e-01 -4.3221242068e+00
149 105 44
3 4 777 147.8500 -141.0900 0 598 202.6300 -115.0900 3 799 209.9000 -152.5800
9.1290461676e-01 -4.5351153185e-01 -4.2885677120e+00
161 132 28
3 4 781 165.6700 -135.7600 0 604 215.1500 -101.0100 3 810 222.9000 -137.7600
9.2448182164e-01 -4.3588388091e-01 -4.2959988065e+00
147 113 55
3 4 784 156.4300 -128.8800 0 606 206.2000 -98.2200 3 816 213.9700 -134.8700
8.6447190611e-01 -5.6778478796e-01 -4.1326749466e+00
161 165 111
4 4 786 275.3500 -126.8800 0 618 300.6800 -35.9300 1 429 274.1100 -54.8300 2 358 267.8300 -92.4600
8.6473239447e-01 -5.6770163904e-01 -4.1330289121e+00
161 165 111
4 4 787 275.3500 -126.8800 0 619 300.6800 -35.9300 1 430 274.1100 -54.8300 3 845 308.9800 -69.1700
9.5867506282e-01 -3.8198940604e-01 -3.9455445893e+00
211 174 98
2 0 0 186.3800 147.0200 3 0 199.2000 116.9600
6.2353251365e-01 -1.3609607981e-01 -3.9099364492e+00
245 191 204
2 0 10 -130.2100 127.1700 3 9 -118.3000 113.7600
6.0371714529e-01 -1.7722199542e-01 -3.9905142350e+00
221 160 170
2 0 11 -107.8200 51.6600 3 14 -100.4500 40.4100
6.4442057734e-01 -2.0290296178e-01 -3.9862097777e+00
16 8 6
2 0 12 -68.2600 63.1400 3 15 -60.3000 49.5700
9.6633027349e-01 -4.2817060188e-01 -4.0829802985e+00
216 177 52
2 0 19 218.3000 47.5900 3 20 229.3500 15.3300
8.7280807641e-01 -5.3847310066e-01 -4.1965454705e+00
93 78 28
4 0 24 273.3900 -73.1700 1 34 249.2500 -77.1600 3 29 281.4800 -107.8700 2 30 240.3000 -101.1600
8.9570402651e-01 -4.9859302321e-01 -4.1782140512e+00
62 36 16
2 0 27 248.7900 -45.2500 3 31 255.9500 -79.7100
6.2034264079e-01 -2.1351366184e-01 -3.9392268856e+00
220 162 174
2 0 35 -81.5100 95.9800 3 43 -73.6100 83.5700
8.7397065649e-01 -5.1022029660e-01 -4.2649927781e+00
146 120 58
2 0 39 246.9100 -111.9600 3 50 254.0900 -148.3700
7.1650890954e-01 -1.8768633941e-01 -4.1124577793e+00
209 34 57
2 0 41 -26.5200 -7.8000 3 53 -21.0900 -27.9000
7.1650890954e-01 -1.8768633941e-01 -4.1124577793e+00
209 34 57
2 0 42 -26.5200 -7.8000 3 54 -21.0900 -27.9000
6.1133785465e-01 -1.9616560597e-01 -3.9896984830e+00
215 155 167
2 0 44 -91.2000 52.6600 3 56 -85.4000 40.1800
9.0004150474e-01 -3.6732301045e-01 -4.0215269320e+00
189 121 132
2 0 47 157.0600 81.2300 3 38 167.7200 53.3200
6.1896586897e-01 -1.5863227057e-01 -3.9357796506e+00
232 174 188
2 0 49 -116.0200 103.2300 3 59 -106.9500 89.8900
6.3363975093e-01 -1.8629853101e-01 -3.9095316852e+00
223 160 168
2 0 51 -93.9500 126.9900 3 61 -83.9500 113.1100
8.8362317421e-01 -4.7756282175e-01 -4.3327071109e+00
148 124 33
2 0 55 222.5200 -142.0400 3 66 229.1500 -180.2700
5.5761810458e-01 -2.1426954311e-01 -3.9622013743e+00
187 199 233
2 0 65 -119.4300 58.7600 3 107 -114.4000 50.5800
8.2763462623e-01 -3.9919874607e-01 -3.9739309813e+00
102 50 36
2 0 68 156.0500 99.6400 3 58 164.7100 75.0200
5.6547750754e-01 -9.9501186743e-02 -3.9184116723e+00
219 155 167
2 0 69 -188.3200 109.7500 3 118 -175.9300 100.0300
6.3050611700e-01 -1.5598200291e-01 -3.8853874947e+00
95 81 100
2 0 72 -117.0900 149.3100 3 188 -106.0600 134.3300
9.0886018551e-01 -5.0314730897e-01 -4.1399133606e+00
182 120 124
2 0 79 256.9100 -16.2100 3 141 266.3200 -48.9200
9.3840638827e-01 -4.7624027101e-01 -4.1340994219e+00
85 42 10
3 0 81 244.1800 0.6300 1 92 230.1000 -4.3700 3 144 254.0400 -33.1700
9.4258288302e-01 -4.8398002351e-01 -4.0999944662e+00
89 48 7
3 0 85 252.6400 24.0600 1 98 238.9300 14.0100 3 98 262.6000 -8.9300
5.7955328966e-01 -1.9017820772e-01 -3.9423971040e+00
176 123 140
2 0 89 -122.5800 85.0100 3 114 -114.8600 75.2600
5.7591085380e-01 -1.7088995426e-01 -3.9381065843e+00
189 133 148
2 0 90 -137.2600 89.7800 3 170 -129.0700 79.8100
5.8957484160e-01 -1.0239556943e-01 -3.8962121658e+00
23 22 37
2 0 100 -174.0400 133.5100 3 182 -159.8500 122.3200
6.0274103918e-01 -1.0735318832e-01 -3.8954694062e+00
24 23 38
2 0 101 -162.2500 136.6800 3 184 -148.5900 124.3300
5.9240795322e-01 -7.8732702975e-02 -3.8940946967e+00
237 169 180
2 0 102 -184.5400 137.1900 3 119 -170.0600 125.0400
9.3970035658e-01 -4.0959620773e-01 -4.3154928381e+00
161 139 45
2 0 107 192.7100 -99.4900 3 135 200.5500 -136.5400
9.2825362471e-01 -4.9468387989e-01 -4.1085718087e+00
216 186 52
2 0 111 257.0600 12.7400 3 148 266.6600 -20.0200
5.6266105580e-01 -2.1015134981e-01 -4.0117134591e+00
90 44 55
2 0 112 -110.8800 17.7700 3 150 -107.7900 8.4800
5.6266105580e-01 -2.1015134981e-01 -4.0117134591e+00
90 44 55
2 0 113 -110.8800 17.7700 3 151 -107.7900 8.4800
7.3907327997e-01 -1.5382643365e-01 -4.0038077635e+00
244 236 246
2 0 123 -43.6400 77.4000 3 164 -34.5200 57.1600
5.6727260101e-01 -1.8206124768e-01 -3.9354918756e+00
189 134 148
2 0 126 -137.2000 88.7400 3 171 -129.0700 79.8100
8.3747997916e-01 -3.8483450614e-01 -3.9600849928e+00
215 163 169
2 0 130 148.5700 114.0700 3 174 157.8400 89.1000
9.4056172849e-01 -5.1878636013e-01 -3.9578626335e+00
182 111 120
2 0 132 288.9000 127.9600 3 175 299.6300 96.9500
9.4056172849e-01 -5.1878636013e-01 -3.9578626335e+00
182 111 120
2 0 133 288.9000 127.9600 3 176 299.6300 96.9500
9.6322734645e-01 -4.9549272973e-01 -3.9479515629e+00
233 176 192
2 0 134 275.0500 141.2500 3 177 286.6600 109.7100
9.6322734645e-01 -4.9549272973e-01 -3.9479515629e+00
233 176 192
2 0 135 275.0500 141.2500 3 178 286.6600 109.7100
9.8751426925e-01 -4.7304788727e-01 -3.9394447510e+00
225 173 183
2 0 136 263.1200 152.8800 3 179 275.4600 120.5900
8.9622607481e-01 -5.2151757905e-01 -4.1522980586e+00
79 40 3
4 0 145 267.8300 -31.5400 1 157 247.8500 -40.2500 3 279 276.5000 -64.9400 2 168 246.8800 -68.8800
5.4415114017e-01 -2.0125261913e-01 -4.0149585009e+00
74 36 47
2 0 148 -128.4900 10.2900 3 209 -125.7700 2.2600
6.1308667283e-01 -2.0209349731e-01 -3.9748269195e+00
108 59 64
2 0 158 -88.8000 64.5500 3 222 -81.7700 52.6700
1.0767867442e+00 -3.3102242762e-01 -4.1006117566e+00
195 152 57
2 0 159 183.6100 67.9100 3 217 196.6600 32.8700
5.6645594921e-01 -1.9456909830e-01 -3.9464792440e+00
220 158 174
2 0 160 -128.0400 77.6600 3 228 -121.4900 68.5400
5.5885407036e-01 -1.5693830033e-01 -3.9364392166e+00
238 182 195
2 0 163 -157.9500 88.0300 3 231 -149.0300 79.4200
5.7530951411e-01 -6.5999986510e-02 -3.9032636783e+00
224 164 176
2 0 169 -201.6000 126.4700 3 239 -186.5400 115.9100
9.4599890268e-01 -5.1768696296e-01 -3.9489190804e+00
230 40 73
2 0 171 289.6100 136.2400 3 343 300.9000 105.3500
6.0091331264e-01 -8.3386739404e-02 -3.8893771559e+00
216 155 164
2 0 173 -176.9700 142.7000 3 352 -162.6800 129.7600
1.0184009710e+00 -4.4403509601e-01 -3.9292695183e+00
239 188 207
2 0 182 248.9200 166.1200 1 193 242.7400 149.7500
9.2097206153e-01 -4.2072857312e-01 -4.3571148922e+00
175 155 46
2 0 192 193.9100 -130.4600 3 255 200.7700 -168.8000
9.0277023830e-01 -5.2228008033e-01 -4.1666005051e+00
212 180 45
2 0 202 269.4200 -39.2300 3 278 277.6200 -73.7200
8.6574351317e-01 -5.6824991744e-01 -4.1258025620e+00
212 184 54
2 0 203 301.8200 -30.4000 1 207 275.7700 -50.5800
8.9899559411e-01 -5.3681590363e-01 -4.1234945713e+00
154 163 108
2 0 205 283.0400 -12.5300 3 282 291.9000 -45.5600
8.9899559411e-01 -5.3681590363e-01 -4.1234945713e+00
154 163 108
2 0 206 283.0400 -12.5300 3 283 291.9000 -45.5600
9.2537066595e-01 -4.8520346376e-01 -4.1367573545e+00
222 185 54
2 0 207 247.5300 -6.3800 3 285 256.9700 -39.4700
9.3208973369e-01 -4.8784981604e-01 -4.1247423557e+00
217 183 53
2 0 208 251.7300 3.3500 3 290 261.6100 -29.6000
5.3624219556e-01 -1.8937197120e-01 -3.9950607894e+00
222 158 172
2 0 215 -144.5900 26.5400 3 301 -140.7500 19.3300
5.3557153235e-01 -1.8544704258e-01 -3.9854023237e+00
183 108 128
2 0 218 -149.0600 35.3100 3 305 -144.7200 28.1700
8.1476155726e-01 -2.6379661323e-01 -4.0608757951e+00
228 40 67
2 0 219 59.1400 44.2800 3 213 66.3300 19.2100
9.5785576305e-01 -4.9071764844e-01 -4.0730790484e+00
163 131 26
2 0 221 262.9400 46.0200 3 296 273.7000 13.1500
9.5785576305e-01 -4.9071764844e-01 -4.0730790484e+00
163 131 26
2 0 222 262.9400 46.0200 3 297 273.7000 13.1500
1.0471976282e+00 -3.5657565817e-01 -4.0932044625e+00
153 103 36
2 0 223 191.7100 64.7400 3 216 204.2400 30.3800
5.7962656745e-01 -1.9447149649e-01 -3.9593122677e+00
182 117 135
2 0 225 -117.2800 69.7200 3 317 -110.5000 59.9500
5.6625169686e-01 -1.8367385816e-01 -3.9531498564e+00
143 112 143
2 0 230 -133.9700 72.6700 3 322 -126.9300 63.7000
5.6625169686e-01 -1.8367385816e-01 -3.9531498564e+00
143 112 143
2 0 231 -133.9700 72.6700 3 323 -126.9300 63.7000
5.9786368796e-01 -2.0214769658e-01 -3.9570283672e+00
73 31 43
2 0 233 -100.7200 75.8200 3 324 -93.7200 64.8100
5.6130280873e-01 -1.7820978443e-01 -3.9488483157e+00
131 79 102
2 0 234 -141.3900 75.7400 3 327 -134.1600 67.0000
5.6010454990e-01 -9.3799104262e-02 -3.9264985279e+00
247 197 209
2 0 242 -193.5300 102.1500 3 334 -181.6800 92.6100
6.0625993733e-01 -1.9631127195e-01 -3.9250912476e+00
176 114 124
2 0 243 -103.3900 106.4600 3 335 -94.6200 94.8200
6.0094344442e-01 -1.9431159299e-01 -3.9221521877e+00
228 179 194
2 0 244 -108.6000 107.9700 3 341 -99.7000 96.6900
8.4546744184e-01 -3.8309327371e-01 -3.9527520799e+00
152 95 99
2 0 250 149.9400 121.5900 3 339 159.9700 96.5700
6.0858347332e-01 -1.1500206047e-01 -3.8923150510e+00
219 191 220
2 0 254 -154.3000 140.4400 3 350 -141.4400 127.2300
1.0191062243e+00 -4.3333004751e-01 -3.8964873448e+00
215 120 47
2 0 260 242.0900 191.3800 3 360 255.5500 158.0000
9.2347670432e-01 -3.6408450240e-01 -4.4874678086e+00
18 12 21
2 0 267 158.4900 -184.1100 3 378 164.3600 -224.7600
9.2671478822e-01 -3.6977594154e-01 -4.4747705863e+00
18 11 20
2 0 268 162.8900 -177.9700 3 379 168.5700 -218.7500
8.9889383215e-01 -4.5240332199e-01 -4.3001076050e+00
185 162 48
2 0 272 210.4300 -112.4200 3 573 217.5500 -149.0600
9.0528724650e-01 -4.7416606939e-01 -4.2581881629e+00
113 80 61
3 0 276 228.8300 -89.3000 1 289 213.4900 -77.3200 2 244 207.6100 -87.2000
9.0450214145e-01 -4.7444988057e-01 -4.2576016019e+00
113 80 61
2 0 277 228.8300 -89.3000 1 290 213.4900 -77.3200
9.2942925142e-01 -4.6038686814e-01 -4.2491187938e+00
190 166 57
2 0 283 225.5900 -73.3600 3 408 234.1300 -109.3100
8.7948718656e-01 -5.3775640121e-01 -4.1973176531e+00
45 22 0
2 0 284 273.9100 -71.2300 3 409 282.0400 -106.0000
1.4370063476e+00 1.8286236707e+00 -5.0039316926e+00
106 93 110
2 0 287 -237.9900 -39.8200 1 241 -208.4900 55.3900
8.7608359984e-01 -5.6869937772e-01 -4.1017749240e+00
137 156 122
2 0 289 307.0500 -8.7900 1 441 280.9000 -32.4000
9.0291124102e-01 -4.8157310497e-01 -4.1303971850e+00
195 137 136
2 0 290 239.6400 -7.8400 3 284 247.8700 -40.3200
9.2916899575e-01 -4.7759423457e-01 -4.1362411577e+00
96 50 9
3 0 295 242.6800 -4.4400 1 215 228.1700 -9.0900 3 287 252.6500 -36.4800
9.0387977359e-01 -5.3670496936e-01 -4.1066562789e+00
173 141 42
2 0 297 285.2100 1.2300 3 617 294.4500 -31.3600
9.0387977359e-01 -5.3670496936e-01 -4.1066562789e+00
173 141 42
2 0 298 285.2100 1.2300 3 618 294.4500 -31.3600
9.0070974156e-01 -5.4262509081e-01 -4.1037328566e+00
216 186 63
4 0 299 289.7400 1.8100 1 319 267.9300 -16.8900 3 426 299.0000 -31.1700 2 249 270.4200 -54.9900
8.9564603772e-01 -5.4870288089e-01 -4.0981336172e+00
179 147 34
2 0 300 293.9800 3.3100 1 317 271.8000 -17.2300
5.5993632375e-01 -2.0054621457e-01 -4.0152698506e+00
170 123 135
2 0 309 -118.1900 15.3000 3 638 -114.8000 6.2200
5.3445681739e-01 -1.9104420315e-01 -3.9997966186e+00
160 97 112
2 0 310 -143.9800 21.6700 3 439 -140.6100 14.4500
9.5934985428e-01 -4.9361073575e-01 -4.1045074010e+00
218 189 51
2 0 311 263.9500 24.1500 3 434 274.2200 -9.7300
9.4358445023e-01 -4.8677045670e-01 -4.0938853130e+00
80 57 9
4 0 315 255.4500 28.2700 1 224 241.3000 17.4500 3 293 265.3300 -4.7600 2 263 253.0100 -13.4300
9.3016258214e-01 -5.0934915944e-01 -4.0838449782e+00
217 184 52
2 0 316 270.1300 29.1000 1 345 254.1700 13.2900
9.3016258214e-01 -5.0934915944e-01 -4.0838449782e+00
217 184 52
2 0 317 270.1300 29.1000 1 346 254.1700 13.2900
5.3027918809e-01 -1.7758651030e-01 -3.9823078978e+00
227 165 177
2 0 321 -158.1500 37.4400 3 658 -153.4600 30.6700
5.3374141632e-01 -1.8027316994e-01 -3.9798530937e+00
186 114 134
2 0 323 -154.4200 40.3300 3 454 -149.7300 33.2800
5.3374141632e-01 -1.8027316994e-01 -3.9798530937e+00
186 114 134
2 0 324 -154.4200 40.3300 3 455 -149.7300 33.2800
9.6225954566e-01 -4.7266868253e-01 -4.0745446084e+00
183 150 44
2 0 329 250.2300 48.0100 3 440 260.9200 15.1400
5.4378638169e-01 -1.8301078524e-01 -3.9728200656e+00
189 240 254
2 0 331 -146.9300 49.0600 3 464 -141.4000 41.5900
7.3565406867e-01 -1.5473098825e-01 -4.0135792218e+00
194 155 159
2 0 341 -44.1500 69.4200 3 677 -34.9900 49.6100
6.1199415939e-01 -1.9709551008e-01 -3.9235061971e+00
228 168 177
2 0 353 -99.3700 109.1400 3 497 -90.4400 97.1100
5.6139344056e-01 -9.5998186222e-02 -3.9124221397e+00
234 172 181
2 0 358 -194.1300 114.2500 3 501 -181.4200 104.6400
6.6286792406e-01 -1.7361117924e-01 -3.9180521386e+00
193 158 169
2 0 364 -82.8100 126.2400 3 504 -71.9600 110.7000
6.2003154289e-01 -1.7470611667e-01 -3.9005424876e+00
237 193 206
2 0 366 -111.3700 132.4600 3 719 -100.0900 119.7800
9.9479480513e-01 -4.5693671229e-01 -3.9196018002e+00
223 51 78
2 0 379 253.0700 169.8600 3 518 265.9700 137.5500
1.0169751940e+00 -4.3175873831e-01 -3.9178583552e+00
228 50 71
2 0 380 239.7400 174.9700 3 520 252.7500 141.5900
9.1859293280e-01 -4.1549523201e-01 -4.3663331413e+00
169 150 49
2 0 403 189.4600 -135.4500 3 570 196.7800 -173.4300
9.1859293280e-01 -4.1549523201e-01 -4.3663331413e+00
169 150 49
2 0 404 189.4600 -135.4500 3 571 196.7800 -173.4300
9.0810500860e-01 -4.5878995944e-01 -4.2936803390e+00
157 132 32
2 0 406 217.4000 -106.6900 3 575 224.9100 -143.5200
9.2634210471e-01 -4.6691858523e-01 -4.2566145385e+00
196 172 52
2 0 421 229.1400 -79.9600 3 593 237.4000 -116.3600
8.8141873509e-01 -5.2558855750e-01 -4.2081944906e+00
71 40 0
2 0 422 263.9800 -75.5100 3 405 271.8800 -110.4600
8.5865070074e-01 -5.5322971056e-01 -4.1876070334e+00
69 42 0
3 0 423 282.5200 -74.9800 1 420 256.8700 -82.4900 3 596 290.0500 -109.6300
8.5747478673e-01 -5.7312839846e-01 -4.1484785576e+00
165 159 92
2 0 428 302.5000 -51.2600 1 425 274.6800 -67.8800
8.7238482860e-01 -5.7219690670e-01 -4.1253673147e+00
147 157 115
2 0 431 307.2600 -28.4400 3 847 315.6100 -61.4600
8.9607957784e-01 -5.4327983403e-01 -4.1121445773e+00
165 131 30
3 0 438 288.4700 -6.1100 1 314 266.6800 -23.7200 3 609 297.4900 -38.8400
9.1200100150e-01 -5.3354983800e-01 -4.0912424563e+00
169 140 29
3 0 445 285.6900 15.3900 1 459 265.5500 -3.0300 2 384 271.1500 -41.4900
5.3171216817e-01 -1.8653512651e-01 -3.9990046418e+00
152 92 108
2 0 453 -148.9300 22.0400 3 646 -145.1500 15.1900
9.3874305343e-01 -5.0061080502e-01 -4.0892293089e+00
178 149 30
4 0 457 265.4200 28.4800 1 476 249.6000 15.2700 3 628 275.4700 -4.1400 2 399 260.2900 -17.8000
5.3312447674e-01 -1.8581380817e-01 -3.9899022064e+00
221 158 166
2 0 459 -149.9200 30.4900 3 654 -145.6700 23.6300
9.3915379903e-01 -4.9995895033e-01 -4.0829369464e+00
217 187 53
2 0 464 265.1700 33.1900 1 485 249.7700 19.2100
9.4868555476e-01 -4.9711026050e-01 -4.0749260403e+00
165 136 24
2 0 470 265.8100 41.8400 3 864 276.0100 8.9300
9.7835368622e-01 -4.5514503539e-01 -4.0653868354e+00
168 138 33
2 0 479 241.5100 59.7900 1 523 231.2400 51.5100
5.9931192646e-01 -2.1072882076e-01 -3.9705477777e+00
136 73 87
2 0 483 -92.4500 63.6800 3 468 -86.4100 52.4600
9.2005340987e-01 -5.4709997813e-01 -4.0281203896e+00
179 151 41
2 0 485 303.8000 64.3400 1 507 283.8100 35.1600
5.5600321266e-01 -1.7558109006e-01 -3.9511835156e+00
232 170 184
2 0 492 -146.5400 72.3500 3 685 -139.0000 64.2700
5.4695716017e-01 -1.4383638381e-01 -3.9513307433e+00
239 175 189
2 0 493 -171.0400 73.3800 3 686 -163.2300 65.0300
5.4863024605e-01 -1.3983432862e-01 -3.9472986856e+00
182 110 129
2 0 495 -173.0100 77.5800 3 693 -164.3900 69.3500
7.8581322605e-01 -3.9086740186e-01 -3.9851778587e+00
201 146 155
2 0 498 134.0100 81.6300 3 904 140.5800 58.5600
6.3185497081e-01 -2.0827730675e-01 -3.9537127549e+00
198 146 159
2 0 504 -75.7600 86.8100 3 697 -68.1700 73.4500
6.5403505565e-01 -1.8892807107e-01 -3.9176062504e+00
91 67 81
2 0 519 -78.9700 123.8800 3 952 -68.4800 109.1700
6.4173888286e-01 -1.5642660606e-01 -3.8968254025e+00
209 163 178
2 0 532 -108.6900 140.9800 3 721 -96.7300 126.3900
9.9630101481e-01 -2.5830587619e-01 -4.6011910710e+00
65 58 73
2 0 581 122.9800 -189.4200 3 782 128.9500 -231.7300
9.9911689562e-01 -2.5306224406e-01 -4.5959505105e+00
68 54 70
2 0 582 121.1300 -185.5300 3 783 127.3600 -227.4800
9.2580723067e-01 -3.6551285607e-01 -4.4712885410e+00
154 141 150
2 0 588 160.0000 -175.9700 3 789 166.2400 -216.0700
9.2653257613e-01 -4.1705846514e-01 -4.3719326787e+00
72 45 0
2 0 594 192.8700 -135.6300 3 794 199.3700 -174.7400
9.1345356527e-01 -4.2222127167e-01 -4.3620248901e+00
72 45 0
4 0 595 192.8700 -135.6300 1 415 182.2800 -105.9800 3 795 199.3700 -174.7400 2 353 173.4200 -100.5200
9.2206050193e-01 -4.0965039434e-01 -4.3682481809e+00
37 16 0
2 0 596 186.6500 -134.1700 3 796 194.1000 -172.0600
9.2206050193e-01 -4.0965039434e-01 -4.3682481809e+00
37 16 0
2 0 597 186.6500 -134.1700 3 797 194.1000 -172.0600
8.6574962456e-01 -5.2273146258e-01 -4.2566392963e+00
102 68 28
2 0 601 255.0100 -112.3500 3 801 261.8700 -148.7900
5.2288152042e-01 -1.8440296197e-01 -4.0124343412e+00
122 73 92
2 0 627 -154.0500 8.0400 3 635 -151.4000 1.4000
5.3034571146e-01 -1.9359253339e-01 -4.0101096741e+00
153 99 121
2 0 629 -143.5200 11.1100 3 860 -141.0300 3.9300
5.3688374226e-01 -1.9237172232e-01 -4.0123579858e+00
142 94 109
2 0 630 -139.2700 11.5700 3 859 -136.5700 3.8900
5.4845034895e-01 -2.0482788273e-01 -4.0078431343e+00
146 94 111
2 0 634 -124.3300 17.3000 3 866 -121.5600 8.9200
5.5044290952e-01 -2.0566953011e-01 -4.0002097362e+00
157 92 112
2 0 640 -123.8100 24.2400 3 872 -120.3400 16.0800
5.6756627733e-01 -2.0921198807e-01 -4.0001282364e+00
135 78 96
2 0 649 -109.8100 29.3700 3 877 -106.2600 19.7600
6.1192467757e-01 -2.0911179102e-01 -3.9868742169e+00
125 73 88
2 0 668 -83.4300 53.4800 3 669 -77.4600 41.3800
5.4807570357e-01 -1.6846876067e-01 -3.9621351381e+00
155 112 139
2 0 683 -154.2300 61.5200 3 900 -147.7400 53.4700
6.1893144028e-01 -2.1377016420e-01 -3.9561262167e+00
164 115 127
2 0 699 -80.2000 80.8200 3 690 -72.7300 68.6800
6.1419287628e-01 -2.0965952685e-01 -3.9446933340e+00
179 117 128
2 0 716 -87.2200 89.9700 3 923 -79.4200 78.0400
5.7816486645e-01 -4.8763059195e-02 -3.9096137425e+00
231 184 196
2 0 741 -206.5100 123.0300 3 954 -192.1100 111.5200
1.0022564504e+00 -4.4998072742e-01 -3.9780063770e+00
194 162 64
2 0 742 247.1800 127.2000 3 707 259.6900 94.4100
8.7978448508e-01 -3.8631565385e-01 -4.5192180570e+00
145 141 164
2 1 4 153.4200 -166.8000 2 5 134.6600 -143.0400
9.1386747290e-01 -4.2324742836e-01 -4.1594707912e+00
177 116 130
3 1 8 189.2300 -15.2600 3 6 206.5600 -48.3000 2 10 196.5700 -30.3800
8.1499140186e-01 -3.5325330419e-01 -3.9901248179e+00
205 145 165
2 1 11 111.6000 57.0200 2 8 136.5500 36.2600
8.9758911590e-01 -3.0701845021e-01 -4.6324997596e+00
136 132 159
2 1 33 121.4300 -177.8900 2 29 105.3000 -141.2200
7.4736756112e-01 -1.8530628461e-01 -4.0170423319e+00
147 12 30
2 1 43 -13.3100 47.0500 2 38 12.8000 54.6600
7.2722682617e-01 -1.3298867319e-01 -4.0205091819e+00
12 11 9
2 1 44 -48.5900 47.2800 2 40 -21.5100 62.5000
9.1853648773e-01 -5.1234706325e-01 -4.1354572267e+00
213 176 60
2 1 74 248.8300 -20.3300 2 60 252.1600 -49.8100
7.8549277166e-01 -1.7127820862e-01 -3.9948040222e+00
75 70 88
2 1 78 -7.3800 74.9200 2 89 24.7600 82.9900
7.1499535861e-01 -1.8282171108e-01 -4.0398646354e+00
237 212 229
2 1 102 -26.3300 23.0400 2 81 -3.6800 33.0200
7.2851785165e-01 -1.8717318319e-01 -4.0414463867e+00
49 8 15
2 1 103 -17.6400 26.2600 2 104 4.7100 35.5400
7.2851785165e-01 -1.8717318319e-01 -4.0414463867e+00
49 8 15
2 1 104 -17.6400 26.2600 2 105 4.7100 35.5400
8.6760530770e-01 -2.4484874463e-01 -4.0063439836e+00
78 5 11
2 1 133 66.8500 83.2700 2 112 97.6900 81.3300
9.2614924660e-01 -3.5859139422e-01 -4.4702256086e+00
21 14 15
2 1 149 151.7600 -127.5200 2 121 141.5300 -107.6600
9.2614924660e-01 -3.5859139422e-01 -4.4702256086e+00
21 14 15
2 1 150 151.7600 -127.5200 2 122 141.5300 -107.6600
9.4105212837e-01 -4.7751363970e-01 -4.1331915994e+00
88 50 9
2 1 164 231.6300 -3.1800 2 170 240.1000 -27.9500
8.6950675042e-01 -3.4485059858e-01 -4.6367646045e+00
127 79 101
2 1 199 130.9900 -197.2600 2 229 110.1900 -161.0500
9.1861923459e-01 -4.2116893346e-01 -4.3572106390e+00
165 143 48
2 1 203 183.4400 -101.9600 2 163 174.9400 -96.9200
9.2315414467e-01 -4.1689001691e-01 -4.3496887168e+00
159 140 47
2 1 204 182.3200 -96.3800 2 164 175.3700 -91.7500
8.6812990984e-01 -5.3700326170e-01 -4.1988096991e+00
190 160 47
2 1 206 247.2000 -79.7300 2 160 238.2100 -103.7800
9.3476289386e-01 -4.8139923613e-01 -4.1401267266e+00
204 176 55
2 1 214 232.4600 -9.9100 2 169 238.6100 -34.4800
9.8530256410e-01 -4.4841160927e-01 -4.0653391574e+00
156 123 26
2 1 238 228.9100 55.0400 2 291 249.2700 27.7000
9.2164285130e-01 -3.5933146892e-01 -4.4718090329e+00
16 14 16
2 1 278 151.0300 -129.7800 3 380 161.1600 -216.5000
9.2179097796e-01 -4.1201157903e-01 -4.3623524673e+00
31 12 0
2 1 281 179.0500 -100.8300 2 241 171.5200 -94.5300
9.4966206011e-01 -3.8292594827e-01 -4.3544871981e+00
28 21 4
2 1 284 171.2400 -81.6000 2 246 168.0400 -74.0900
8.7593066692e-01 -5.2720722598e-01 -4.2045635858e+00
56 31 6
2 1 293 242.3400 -76.7300 2 239 234.2900 -98.9300
6.9597866388e-01 -1.8417114386e-01 -4.0458028946e+00
207 185 201
2 1 344 -33.7000 12.4000 2 287 -11.9900 22.9900
7.3002771920e-01 -1.4519919405e-01 -4.0404531770e+00
180 168 183
2 1 368 -38.5600 35.0500 2 303 -14.1300 49.8600
9.2874399861e-01 -2.8694549521e-01 -4.6142805368e+00
149 134 144
2 1 405 120.8000 -157.8800 2 343 107.5500 -122.7600
9.3308302486e-01 -4.0114603157e-01 -4.3575171759e+00
38 24 4
2 1 417 176.3900 -92.4700 2 361 170.6300 -85.9400
8.5897621399e-01 -5.5319891241e-01 -4.1879874502e+00
53 29 0
3 1 419 256.8700 -82.4900 3 595 290.0500 -109.6300 2 347 246.3100 -110.0400
9.2284704557e-01 -4.4429260755e-01 -4.2876090450e+00
131 106 21
2 1 422 199.3900 -76.7200 2 364 194.7600 -80.8400
8.6520752771e-01 -5.6769537598e-01 -4.1335627600e+00
147 145 95
3 1 431 274.1100 -54.8300 3 846 308.9800 -69.1700 2 357 267.8300 -92.4600
8.8323230619e-01 -4.0945235801e-01 -4.1883339178e+00
95 50 54
2 1 436 170.6400 -38.4900 2 379 174.6100 -47.6600
8.8323230619e-01 -4.0945235801e-01 -4.1883339178e+00
95 50 54
2 1 437 170.6400 -38.4900 2 378 174.6100 -47.6600
9.7598182967e-01 -4.5906703728e-01 -4.0700092716e+00
162 129 26
2 1 519 233.1000 47.4100 2 428 251.5900 18.7800
9.7598182967e-01 -4.5906703728e-01 -4.0700092716e+00
162 129 26
2 1 520 233.1000 47.4100 2 429 251.5900 18.7800
8.2819133496e-01 -3.0605614061e-01 -4.0137951008e+00
179 59 82
2 1 528 87.6200 55.8000 2 185 113.3900 45.0400
7.8927735210e-01 -2.1330370515e-01 -3.9964361129e+00
175 101 123
2 1 538 17.8000 68.6200 2 466 46.5900 70.5400
8.3627250216e-01 -3.7738986810e-01 -3.9551236204e+00
151 90 102
2 1 549 135.8700 83.2300 2 462 164.2700 54.8500
