# Bundle file v0.3
9 610
6.9809533510e+02 -8.7075212443e-02 -6.9362533296e-02
9.9885091736e-01 3.0739076973e-02 3.6768927568e-02
-3.9378697278e-02 9.6369302225e-01 2.6409293262e-01
-2.7315985949e-02 -2.6523738049e-01 9.6379612414e-01
1.0240768175e-01 9.2110551108e-01 -7.7521426273e-02
7.0212930313e+02 -9.1855549890e-02 3.8758006164e-03
9.9995390179e-01 7.9436503739e-03 -5.3937658123e-03
-7.8987776223e-03 9.9993443777e-01 8.2903242826e-03
5.4592676225e-03 -8.2473379568e-03 9.9995108771e-01
5.0100670828e-03 3.3533651731e-02 -3.4086512778e-01
7.0265235005e+02 -7.5472713320e-02 3.4797024472e-02
9.8690681933e-01 1.5908348241e-01 -2.6596533220e-02
-1.6125606866e-01 9.6972986812e-01 -1.8335883726e-01
-3.3779097104e-03 1.8524693927e-01 9.8268619672e-01
3.3284038247e-02 -5.3905566506e-01 -5.0598453721e-01
6.9724675528e+02 -1.0199653404e-01 -7.6883882311e-02
9.9575327424e-01 9.1664744300e-02 8.5435060318e-03
-8.8988686864e-02 9.3457978904e-01 3.4444394541e-01
2.3588778116e-02 -3.4374146181e-01 9.3876801020e-01
3.8933113041e-02 1.0862489092e+00 -1.4119455786e-01
7.0111587407e+02 -1.1535988554e-01 -1.1293767741e-01
9.0191390307e-01 2.4800900631e-01 3.5361397631e-01
-2.5667529771e-01 9.6622397896e-01 -2.3000304997e-02
-3.4737458599e-01 -7.0019677793e-02 9.3510862563e-01
1.2781198671e+00 -1.0135570332e-01 -1.3162090564e-01
4.1506947049e+02 -3.9600130005e-01 1.5971755423e-01
6.9939862017e-01 7.1468914729e-01 -7.8097917068e-03
-5.6180397845e-01 5.4296392638e-01 -6.2415259709e-01
-4.4183465222e-01 4.4091903723e-01 7.8126342721e-01
1.7113650348e-01 -1.7410092686e+00 9.2109194870e-01
0 0 0
0 0 0
0 0 0
0 0 0
0 0 0
3.5619917979e+02 -3.0099524007e-01 7.1686836762e-02
8.2520621955e-01 5.1875897204e-01 -2.2343639845e-01
-5.4089208523e-01 6.1182766776e-01 -5.7715046313e-01
-1.6269741041e-01 5.9712313126e-01 7.8547661885e-01
-4.0586049027e-01 -1.7814228336e+00 1.0167434565e+00
3.8794654366e+02 -7.7268210249e-02 -1.8804154475e-01
-5.7974174882e-01 -7.8102710830e-01 2.3215546682e-01
6.4012608289e-01 -2.6029660887e-01 7.2283073635e-01
-5.0412111906e-01 5.6766392480e-01 6.5086063470e-01
7.8428216140e-01 2.6156717722e+00 2.7919428384e-01
-8.9274223517e-01 2.6753632599e-01 -2.9482409630e+00
240 184 198
4 1 21 -183.5300 60.0400 3 23 -194.7700 90.9600 0 21 -207.5400 101.8700 2 19 -151.1400 84.5200
1.2280738020e+00 -3.8364609995e-01 -3.1245520520e+00
44 27 7
5 1 34 249.2500 -77.1600 3 29 281.4800 -107.8700 0 24 273.3900 -73.1700 2 30 240.3000 -101.1600 4 34 236.5500 -142.2600
1.1742924159e+00 -3.4308326721e-01 -3.2835393336e+00
190 162 51
5 1 35 230.0500 -65.1600 3 30 254.3700 -104.2300 0 25 246.8300 -69.4100 2 31 226.3000 -85.2700 4 35 208.9200 -128.0200
1.2066598178e+00 -4.3573398475e-02 -3.1673800313e+00
207 176 59
5 1 25 243.6200 -10.2600 3 33 269.8500 -33.4200 0 28 260.7200 -1.2100 2 33 248.8400 -36.7900 4 37 242.0900 -74.2700
1.1002014215e+00 -3.7529101432e-01 -3.5385068731e+00
177 154 47
5 1 57 201.4000 -67.8100 3 52 221.9200 -121.1300 0 40 214.2600 -84.4700 2 44 198.4000 -74.2800 4 47 169.4600 -121.4800
1.7070397503e-01 1.6254933028e-02 -3.2247402536e+00
79 0 4
4 1 38 38.9200 3.2700 3 55 40.1900 -4.4800 0 43 34.3500 18.0500 4 50 63.0900 -12.5700
-5.3498559252e-01 -5.7274006395e-02 -2.7913192784e+00
151 170 220
4 1 75 -115.4000 -8.9900 3 77 -132.1000 29.2200 0 61 -136.6200 37.7000 4 72 -55.5700 12.6700
-5.3240480899e-01 5.2036745975e-04 -2.7796296850e+00
13 19 26
5 1 59 -115.2400 3.6200 3 78 -129.4500 44.1900 0 62 -134.8900 52.3400 2 47 -90.8500 12.5700 4 52 -50.2400 27.6300
-5.3384945269e-01 8.6937100324e-04 -2.7843106974e+00
13 19 26
4 1 60 -115.2400 3.6200 3 79 -129.4500 44.1900 0 63 -134.8900 52.3400 2 48 -90.8500 12.5700
-4.7290217388e-01 1.2491651236e-02 -2.7598824688e+00
146 161 203
5 1 76 -101.0100 6.3100 3 107 -114.4000 50.5800 0 65 -119.4300 58.7600 2 63 -77.4400 12.2400 4 91 -37.0800 22.6500
-4.2413677258e-01 1.2176702101e-01 -2.7902003110e+00
114 71 84
4 1 77 -90.3200 30.3300 3 109 -97.8600 68.4100 0 66 -104.8400 79.4200 2 83 -63.4300 34.6100
-5.2709955474e-01 -1.9993109505e-01 -2.8393376160e+00
179 132 148
3 1 120 -112.0400 -40.9200 3 99 -133.3700 -8.0600 0 80 -135.3900 -0.1000
1.1603685781e+00 -1.9646121495e-02 -3.2382332838e+00
84 43 12
3 1 92 230.1000 -4.3700 3 144 254.0400 -33.1700 0 81 244.1800 0.6300
-5.7873683998e-01 -2.0020917396e-01 -2.8363162409e+00
184 141 164
5 1 89 -123.4400 -40.6700 3 74 -146.4400 -7.0700 0 82 -148.6300 0.4900 2 75 -104.3500 -25.3500 4 69 -80.4500 -21.8500
1.1784128697e+00 7.3100009899e-02 -3.1629281366e+00
93 53 18
3 1 98 238.9300 14.0100 3 98 262.6000 -8.9300 0 85 252.6400 24.0600
-5.9963855251e-01 7.3470003865e-03 -2.7931806565e+00
158 188 235
5 1 94 -129.2900 5.3600 3 106 -145.2500 45.4300 0 88 -151.2600 53.6800 2 77 -104.2600 15.7800 4 95 -68.1700 35.2700
1.1688941447e+00 -5.4993444824e-01 -3.3351864626e+00
128 108 47
5 1 151 224.1100 -104.4500 3 133 251.6800 -152.3300 0 105 244.5500 -115.9300 2 119 212.3400 -116.0200 4 117 193.9400 -163.0000
-2.7994205297e+00 1.2298423884e+00 -8.3076036975e+00
94 86 110
3 1 113 -219.1800 97.5400 3 147 -221.8300 -30.5200 0 110 -244.7300 1.5100
-2.3282889538e-01 4.2817742355e-02 -3.1018277723e+00
184 169 187
4 1 95 -42.7700 10.7700 3 156 -49.3900 17.7400 0 117 -55.4900 34.6600 2 78 -20.4400 21.4500
-6.2650324205e-01 7.8444938021e-02 -2.7912915830e+00
231 171 182
4 1 100 -135.9600 20.6700 3 165 -147.2900 63.1600 0 122 -155.8400 70.8300 2 103 -109.3300 32.6200
-1.9978090663e-01 2.8957750635e-01 -3.2120992113e+00
235 222 237
3 1 108 -35.1500 58.8100 3 164 -34.5200 57.1600 0 123 -43.6400 77.4000
-6.4389905811e-01 1.1579191837e-01 -2.7923522713e+00
195 135 148
3 1 125 -139.4100 29.2900 3 167 -151.3100 71.5500 0 124 -159.1500 79.6600
1.1126717975e+00 7.7847608014e-01 -3.0752934929e+00
203 50 55
6 1 116 231.2500 158.8000 3 189 248.8900 136.6000 0 138 235.1400 170.0100 2 96 274.7300 124.7800 4 106 274.7300 86.5600 8 124 -212.9500 165.0100
1.0725194842e+00 -5.4168093114e-01 -3.6429413968e+00
173 149 38
5 1 152 191.4700 -95.6400 3 194 210.2600 -157.8900 0 142 203.0100 -119.9300 2 124 183.7600 -94.9700 4 161 147.2300 -146.2800
1.2137057205e+00 -1.9823691896e-01 -3.1198913554e+00
77 42 4
3 1 157 247.8500 -40.2500 3 279 276.5000 -64.9400 0 145 267.8300 -31.5400
-4.4819778363e-01 -6.3516202346e-02 -2.7993765035e+00
220 160 174
4 1 163 -95.5900 -10.9900 3 214 -110.5100 25.7400 0 152 -114.1900 35.1400 2 128 -73.6600 -3.3100
-4.4399198531e-01 1.4388122341e-01 -2.7593738118e+00
208 160 172
4 1 173 -95.6100 35.8700 3 230 -102.9400 76.9500 0 162 -110.4200 87.5200 4 184 -16.7500 58.7700
1.1542438508e+00 6.4984785052e-01 -2.9996585958e+00
210 49 69
7 1 142 244.7500 135.7600 3 242 264.2700 119.9700 0 177 251.5800 152.5900 2 115 282.5500 96.4600 4 185 286.0200 60.9600 5 90 290.3500 -33.9400 8 215 -194.3700 183.3200
1.0988750519e+00 1.0020867721e+00 -3.0514855937e+00
210 36 59
4 1 198 229.9200 202.9600 3 250 244.4100 179.4300 0 187 230.5300 213.5900 2 157 283.3100 169.8900
1.0483825403e+00 -5.8738283044e-01 -3.7252722155e+00
165 143 48
4 1 203 183.4400 -101.9600 3 255 200.7700 -168.8000 0 192 193.9100 -130.4600 2 163 174.9400 -96.9200
1.0445460080e+00 -5.5668037065e-01 -3.7355808359e+00
159 140 47
5 1 204 182.3200 -96.3800 3 256 199.3600 -162.7900 0 193 192.2700 -124.7400 2 164 175.3700 -91.7500 4 162 133.8400 -144.3000
1.2393931435e+00 -2.2508130669e-02 -3.0409523484e+00
156 126 38
5 1 331 258.9400 -4.8400 3 430 287.2100 -21.4400 0 211 278.0000 10.8400 2 253 264.6100 -40.2600 4 341 265.0100 -74.9300
1.2441521054e+00 -2.0533851933e-02 -3.0514411907e+00
156 126 38
7 1 332 258.9400 -4.8400 3 431 287.2100 -21.4400 0 212 278.0000 10.8400 2 254 264.6100 -40.2600 4 342 265.0100 -74.9300 5 369 190.2200 -98.6000 8 563 -99.9500 190.5200
1.2328342768e+00 4.8590518647e-02 -3.0688140666e+00
206 173 62
8 1 338 255.7400 9.0800 3 435 282.3900 -7.2900 0 214 272.7100 25.2000 2 258 264.7300 -26.3100 4 350 264.2400 -60.3800 5 261 198.5200 -89.4300 7 260 237.4300 -116.3800 8 418 -109.1600 186.1600
1.1355830439e+00 3.3569590544e-01 -3.2514901720e+00
161 127 33
5 1 244 224.9300 64.6800 3 309 245.0700 37.4200 0 226 233.3500 70.9700 2 296 247.8500 37.6400 4 235 237.2800 1.2000
1.1355830439e+00 3.3569590544e-01 -3.2514901720e+00
161 127 33
5 1 245 224.9300 64.6800 3 310 245.0700 37.4200 0 227 233.3500 70.9700 2 297 247.8500 37.6400 4 236 237.2800 1.2000
-1.7707452800e-01 2.6868293090e-01 -3.2274810189e+00
162 128 140
4 1 237 -29.9700 54.3200 3 312 -29.7100 51.6700 0 228 -39.6900 71.5100 2 191 -2.6100 66.2400
-3.2382729970e-01 1.1571103903e-01 -2.8569830948e+00
145 94 109
3 1 172 -66.3800 28.0600 3 315 -72.0300 57.9200 0 229 -78.7400 71.0900
-4.0656829480e-01 1.1048938333e-01 -2.7978060294e+00
79 40 62
4 1 228 -86.0200 27.7600 3 324 -93.7200 64.8100 0 233 -100.7200 75.8200 2 293 -59.7600 31.7900
1.1523747635e+00 7.6335448116e-01 -2.9964934292e+00
207 48 63
5 1 268 244.3500 157.6700 3 356 262.8000 142.3200 0 258 249.4500 174.9300 2 211 286.8500 118.4100 4 261 291.6900 82.5400
1.0957584760e+00 -4.5263359869e-01 -3.5691998240e+00
174 155 53
5 1 285 199.0500 -81.0800 3 584 219.7200 -138.1700 0 275 211.5900 -100.4300 2 362 193.3800 -85.4100 4 318 162.0200 -133.9900
1.1364315377e+00 -4.1344358279e-01 -3.4353063848e+00
109 78 52
4 1 291 213.4900 -77.3200 3 400 236.5500 -125.3300 0 278 228.8300 -89.3000 4 319 183.7100 -132.8000
1.0782609298e+00 -3.8718495027e-01 -3.6156712308e+00
173 150 45
4 1 296 194.0400 -69.4100 3 401 212.9400 -125.5500 0 279 204.9500 -88.9600 4 324 157.4800 -120.1200
1.1225395522e+00 -3.5133739785e-01 -3.4689929646e+00
118 91 64
3 1 298 209.2800 -65.0400 3 404 231.1300 -113.2800 0 280 223.1100 -77.7300
1.2324469314e+00 -3.9663136189e-01 -3.0801644218e+00
193 172 54
4 1 287 253.8000 -80.7300 3 406 286.1900 -108.7500 0 281 278.5600 -73.7500 2 235 243.8500 -107.4700
1.1392550203e+00 -3.1794267782e-01 -3.4120354661e+00
171 148 46
4 1 301 215.4600 -59.7800 3 412 238.3400 -104.3200 0 285 230.2500 -68.9600 4 327 191.0300 -116.4500
-2.6155862310e+00 6.9522241177e-01 -8.1927041598e+00
97 86 106
3 1 240 -208.4900 55.3900 3 606 -217.7200 -72.4500 0 286 -237.9900 -39.8200
-2.7694009957e+00 9.8170865486e-01 -7.7426292687e+00
97 86 100
3 1 251 -232.4400 83.2800 3 423 -237.3900 -36.8200 0 291 -259.9300 -5.9600
1.1463976838e+00 -4.4754100592e-02 -3.2232611903e+00
77 39 18
3 1 215 228.1700 -9.0900 3 287 252.6500 -36.4800 0 295 242.6800 -4.4400
1.2418411501e+00 -7.1544568155e-02 -3.0721542186e+00
149 152 107
7 1 321 256.8400 -15.3700 3 613 285.5100 -34.1200 0 296 276.1000 -1.3500 2 250 260.5600 -49.2100 4 337 259.6100 -84.5200 5 365 182.0200 -100.0600 7 375 223.0700 -125.9500
1.2645216747e+00 -8.0413027371e-02 -2.9852821714e+00
205 178 62
4 1 319 267.9300 -16.8900 3 426 299.0000 -31.1700 0 299 289.7400 1.8100 2 249 270.4200 -54.9900
-5.7244978089e-01 -1.7313268969e-01 -2.8211337405e+00
146 101 121
4 1 439 -122.5600 -34.7900 3 437 -144.7200 0.9600 0 305 -147.4200 7.9300 2 393 -101.8600 -20.8200
1.2192366573e+00 -6.7738381623e-03 -3.1024946516e+00
153 152 107
4 1 334 250.5800 -1.7100 3 622 277.2200 -22.0800 0 308 267.7500 10.5900 4 346 254.4200 -69.5800
-5.6061711441e-01 -1.2491345498e-01 -2.7942672890e+00
159 105 124
3 1 310 -121.2000 -24.6100 3 439 -140.6100 14.4500 0 310 -143.9800 21.6700
1.1860426750e+00 8.8400952729e-02 -3.1458634233e+00
84 58 17
4 1 224 241.3000 17.4500 3 293 265.3300 -4.7600 0 315 255.4500 28.2700 2 263 253.0100 -13.4300
-5.3976759064e-01 -8.2621478757e-02 -2.7964557448e+00
202 138 155
3 1 323 -115.5000 -15.0900 3 445 -134.2900 23.6800 0 318 -137.8200 31.5900
-3.8618437978e-01 -4.4850459711e-02 -2.8231196238e+00
134 80 96
3 1 217 -81.0900 -7.0000 3 447 -93.3600 26.6500 0 320 -97.5900 36.9200
-3.8571501864e-01 -1.2536495383e-02 -2.8116963906e+00
148 93 109
3 1 219 -81.2200 0.1700 3 460 -92.4500 35.1300 0 327 -97.2100 45.5600
-5.0452418743e-01 4.8093141424e-02 -2.7957550374e+00
153 204 245
4 1 222 -108.2100 14.0900 3 469 -119.7900 52.8500 0 336 -126.0700 62.5700 2 286 -83.1100 21.8500
-5.2141138392e-01 6.0912421969e-02 -2.7841160451e+00
147 193 235
5 1 225 -112.3400 16.8500 3 474 -123.9600 57.4000 0 339 -130.5400 66.4500 2 180 -86.7300 24.9900 4 246 -43.9800 42.7200
-1.9877833635e-01 2.5856677565e-01 -3.2318527563e+00
182 147 159
3 1 378 -34.1100 52.4100 3 677 -34.9900 49.6100 0 341 -44.1500 69.4200
-7.8135241223e-01 1.4592682159e-01 -2.8796669079e+00
216 139 156
5 1 232 -164.5600 34.7500 3 696 -177.6600 71.9300 0 344 -187.3600 80.0600 2 189 -135.5900 54.0900 4 190 -111.8400 83.3900
-4.4131700108e-01 3.1111667391e-01 -2.7837743491e+00
135 84 103
4 1 247 -93.7600 72.6700 3 506 -95.6800 110.6300 0 362 -105.8500 123.3700 2 196 -61.2900 75.9400
-4.4131700108e-01 3.1111667391e-01 -2.7837743491e+00
135 84 103
4 1 248 -93.7600 72.6700 3 505 -95.6800 110.6300 0 363 -105.8500 123.3700 2 195 -61.2900 75.9400
1.1582760890e+00 7.2538412180e-01 -2.9762133968e+00
207 52 77
3 1 395 247.0400 151.0800 3 518 265.9700 137.5500 0 379 253.0700 169.8600
8.3100783946e-01 1.2667956365e+00 -3.6728312622e+00
118 100 71
5 1 273 149.6000 217.6500 3 523 163.0700 160.6800 0 383 145.1000 197.4200 2 222 206.2600 219.3000 4 289 181.8200 173.5600
1.0405783595e+00 -6.3116176467e-01 -3.7696239212e+00
33 16 0
4 1 280 180.1800 -108.0800 3 569 196.6700 -178.6400 0 401 189.6600 -139.6500 4 311 127.1000 -155.7200
1.0747991540e+00 -4.7651834558e-01 -3.6319350359e+00
99 64 30
5 1 418 192.4300 -84.6500 3 574 211.3800 -144.1900 0 407 203.8100 -106.9600 2 363 186.8500 -85.3500 4 515 151.5000 -135.0900
1.0888767642e+00 -4.5986762418e-01 -3.5960212702e+00
132 103 30
4 1 421 196.6100 -82.4300 3 582 216.3100 -140.0600 0 409 208.7100 -102.7800 4 516 158.0000 -133.9200
1.0593527518e+00 -4.0724675462e-01 -3.6742171962e+00
88 67 8
4 1 423 187.9300 -71.8200 3 588 205.8200 -131.3200 0 414 197.8400 -94.4200 4 528 148.1600 -121.2000
-2.5975029418e+00 -6.2696397706e-02 -7.0404343760e+00
45 35 44
3 1 327 -240.1300 -6.3900 3 402 -262.6700 -117.5200 0 417 -278.4800 -90.3900
1.2445973036e+00 -4.0297711734e-01 -3.0675082074e+00
53 29 0
3 1 420 256.8700 -82.4900 3 596 290.0500 -109.6300 0 423 282.5200 -74.9800
1.2248960294e+00 -3.0971959107e-01 -3.1147084450e+00
43 20 0
5 1 299 250.0000 -62.5100 3 414 280.5700 -90.2700 0 426 272.5000 -55.8400 2 242 244.1300 -89.1800 4 519 240.1000 -128.0800
1.2618380045e+00 -1.1241934572e-01 -2.9960615275e+00
153 123 29
3 1 314 266.6800 -23.7200 3 609 297.4900 -38.8400 0 438 288.4700 -6.1100
-5.7465878583e-01 -1.5723256752e-01 -2.8078784144e+00
199 149 163
4 1 307 -123.4800 -31.4100 3 637 -145.0500 5.6700 0 443 -147.9900 12.8800 4 563 -74.5800 -11.3100
1.2578098419e+00 -1.2588093195e-02 -2.9963777751e+00
165 138 35
8 1 459 265.5500 -3.0300 3 623 295.1700 -16.5700 0 445 285.6900 15.3900 2 384 271.1500 -41.4900 4 538 274.4100 -75.1500 5 359 194.9600 -107.2900 7 582 234.5900 -133.5600 8 849 -101.3700 199.5900
1.2408529186e+00 1.7632485959e-02 -3.0444706724e+00
203 177 69
8 1 335 258.8300 3.7100 3 432 286.8600 -13.0500 0 450 277.1800 19.9600 2 256 266.4400 -32.8800 4 347 267.0300 -67.3500 5 257 195.4400 -96.4500 7 379 234.7400 -123.3100 8 565 -104.6000 190.6300
-5.2660646445e-01 -1.2122961882e-01 -2.7912097913e+00
171 115 136
3 1 447 -113.4100 -23.8300 3 645 -132.2300 14.9200 0 454 -135.5400 22.3800
1.2143448041e+00 7.7514249358e-02 -3.1023734589e+00
166 137 26
4 1 476 249.6000 15.2700 3 628 275.4700 -4.1400 0 457 265.4200 28.4800 2 399 260.2900 -17.8000
-4.8550175311e-01 4.8347596489e-02 -2.7925444791e+00
131 147 192
5 1 349 -103.9500 14.0400 3 896 -115.7800 52.7400 0 480 -121.6800 62.2000 2 432 -78.9200 21.4700 4 893 -36.1700 36.7700
-4.5901272145e-01 5.1403033943e-02 -2.7976368241e+00
206 145 160
4 1 478 -97.9600 14.8700 3 678 -108.5000 52.5100 0 481 -114.8700 62.6300 2 431 -72.9000 20.9400
-4.1132775027e-01 1.2977485463e-01 -2.7732443687e+00
182 133 145
5 1 502 -87.9600 32.3600 3 695 -95.0500 71.7500 0 500 -102.1200 82.8000 2 443 -60.6400 35.6700 4 911 -11.1100 51.9600
1.1741692749e+00 6.4484510564e-01 -2.9815130740e+00
227 187 198
5 1 577 250.0000 134.0300 3 720 269.8000 121.3100 0 534 257.4600 153.6600 2 477 287.0200 92.6200 4 401 292.2800 58.7800
8.4962894686e-01 1.2878214203e+00 -3.5952862957e+00
197 172 74
5 1 397 155.5900 225.5400 3 734 169.1100 170.7500 0 545 151.9400 207.9400 2 334 213.6900 224.2800 4 447 193.1100 178.5600
8.2595212140e-01 1.3255589363e+00 -3.6229196473e+00
189 166 60
4 1 399 150.3700 229.8800 3 736 164.0400 173.9700 0 547 146.6500 211.3800 4 453 188.2200 185.5000
1.0472076360e+00 -6.1374275456e-01 -3.7423626629e+00
52 30 8
3 1 415 182.2800 -105.9800 3 795 199.3700 -174.7400 0 595 192.8700 -135.6300
1.2750642890e+00 -2.5963618873e-01 -2.9287279688e+00
147 145 95
4 1 430 274.1100 -54.8300 3 845 308.9800 -69.1700 0 619 300.6800 -35.9300 4 787 275.3500 -126.8800
1.2763619753e+00 -2.5893149611e-01 -2.9342815560e+00
147 145 95
4 1 431 274.1100 -54.8300 3 846 308.9800 -69.1700 0 620 300.6800 -35.9300 2 357 267.8300 -92.4600
-4.2421155152e-01 -9.2110588878e-02 -2.8113235346e+00
186 136 149
3 1 449 -89.9500 -17.4300 3 873 -104.5400 17.8600 0 643 -108.5700 26.6300
-4.0867490800e-01 1.4854014594e-01 -2.7695623088e+00
197 143 157
4 1 509 -87.2400 36.5000 3 919 -93.8700 76.0000 0 712 -101.2700 87.8000 2 448 -59.5400 39.2000
-4.2831961398e-01 3.0509113458e-01 -2.7944040057e+00
220 159 167
3 1 541 -90.5800 71.2100 3 949 -92.4600 108.2000 0 738 -102.3700 120.3400
8.2944562371e-01 1.2767328447e+00 -3.6302573044e+00
198 186 196
3 1 591 150.7900 221.8400 3 968 164.3400 166.0000 0 777 146.7300 202.6900
8.7085852532e-01 1.2948026811e+00 -3.5252499981e+00
81 61 2
5 1 594 162.0200 230.4200 3 980 175.6400 178.4500 0 783 158.4100 215.3300 2 505 221.4300 226.6600 4 697 204.1200 181.2600
9.7260986485e-01 -7.8284918572e-02 -3.3480822674e+00
177 116 130
2 1 8 189.2300 -15.2600 3 6 206.5600 -48.3000
-2.5723147121e+00 -1.1005323671e-01 -7.0601836165e+00
108 95 113
2 1 36 -237.4200 -10.8400 3 28 -260.3400 -122.6000
1.2072626401e+00 -2.8968875679e-01 -3.1862766278e+00
192 167 48
4 1 73 242.2000 -57.0800 3 68 269.8400 -88.3100 2 58 238.3100 -81.3700 4 66 228.6300 -121.6800
-4.7858573331e-01 -1.8038290053e-01 -2.8432905098e+00
175 134 147
2 1 121 -100.9500 -36.6300 3 149 -120.6400 -4.8100
-5.6630258087e-01 1.9765478271e-02 -2.7886967011e+00
16 22 60
3 1 168 -122.1200 8.6300 3 220 -137.2200 47.8500 4 243 -58.3100 34.8600
1.2807916359e+00 -2.3754115497e-01 -2.9251681182e+00
200 173 54
2 1 208 275.7700 -50.5800 3 280 310.4000 -62.9900
-3.8832558663e-01 5.9167397718e-02 -2.8290889520e+00
217 164 174
3 1 223 -81.1600 16.2000 3 311 -90.3800 49.5600 2 179 -56.8200 21.2400
-4.5102305544e-01 1.1893505799e-01 -2.7766070278e+00
115 71 94
3 1 230 -96.8300 30.1400 3 479 -104.9300 69.6300 4 251 -21.8900 52.3300
1.1306184317e+00 7.6697673278e-01 -3.0251899496e+00
213 178 188
6 1 270 238.2200 157.4200 3 519 255.8500 138.6600 2 213 281.0900 120.6900 4 263 283.4500 84.4000 5 191 307.0900 -14.4500 8 289 -213.1200 174.6300
9.3410673500e-01 -8.1151313632e-01 -4.0683712077e+00
16 14 16
2 1 278 151.0300 -129.7800 3 380 161.1600 -216.5000
-5.3437881682e-01 -1.0038275875e-01 -2.7937522711e+00
221 158 170
3 1 315 -115.4600 -19.0200 3 443 -133.0800 19.4600 4 369 -59.3100 0.8500
-7.1458377023e-01 -1.0362548675e-01 -2.8089966154e+00
180 120 143
3 1 316 -154.1000 -19.1600 3 444 -176.9900 21.3500 2 270 -131.2600 -2.1900
-7.8539284600e-01 2.0129748073e-01 -2.8696744703e+00
216 140 154
3 1 375 -165.6100 47.2000 3 332 -177.4400 83.8800 4 421 -107.5700 98.5800
1.2436482272e+00 -4.0467194640e-01 -3.0678088899e+00
53 29 0
3 1 419 256.8700 -82.4900 3 595 290.0500 -109.6300 2 347 246.3100 -110.0400
-7.5176186468e-01 -1.6659346200e-01 -2.8549074378e+00
174 141 157
2 1 440 -159.5300 -32.8400 3 438 -186.7900 3.5000
-4.5048690011e-01 2.9765142133e-01 -2.7693304195e+00
204 155 166
2 1 539 -96.4700 70.0600 3 953 -98.5200 109.5700
-6.6302695870e-01 2.1928098116e-01 -2.9583593403e+00
215 158 173
3 1 1 -136.4800 49.3400 0 2 -154.2100 88.1400 2 1 -105.1200 67.1900
9.2468351895e-01 1.2538099706e+00 -3.4949812907e+00
194 172 117
3 1 54 172.7800 223.6600 0 38 170.8800 212.0600 2 42 229.4100 219.3900
-1.7184007565e-01 1.8928249935e-01 -3.1717097365e+00
219 203 220
2 1 62 -29.2700 39.4900 0 64 -39.7800 59.8300
-3.7044643853e-01 -7.1380058463e-02 -2.8498011098e+00
180 129 144
3 1 122 -76.9600 -12.7800 0 114 -94.1500 28.4700 2 101 -55.8900 -5.6200
1.2159982972e+00 -3.5008042551e-01 -3.1172231317e+00
192 164 54
4 1 155 248.0400 -70.9900 0 143 271.6800 -65.5400 2 123 240.1600 -95.5600 4 164 236.5700 -135.4000
-6.2832721923e-01 -1.9425016128e-02 -2.8260830828e+00
196 133 150
2 1 165 -135.1600 -0.9900 0 220 -156.5900 45.1400
-2.6104620333e+00 2.7085489713e-01 -7.2850295990e+00
109 99 119
2 1 171 -233.2800 24.0400 0 144 -267.4300 -61.8500
-1.8513724353e-01 2.3743700222e-01 -3.2412699551e+00
243 237 248
3 1 178 -31.4600 48.0300 0 224 -42.0100 64.4600 2 137 -4.4400 60.7000
1.1440869453e+00 7.2210924728e-01 -2.9977706565e+00
216 165 178
5 1 192 242.7400 149.7500 0 181 248.9200 166.1200 4 188 287.2100 75.9900 5 134 302.9200 -24.0400 8 213 -206.7000 181.5100
1.0362531442e+00 -5.3448967500e-01 -3.7570448123e+00
157 137 44
2 1 205 180.3100 -92.1100 0 269 189.3800 -120.8500
1.2754846499e+00 -2.3660527176e-01 -2.9157746378e+00
200 173 54
2 1 207 275.7700 -50.5800 0 203 301.8200 -30.4000
-5.6715093902e-01 -1.8825299668e-01 -2.8348700540e+00
195 149 164
2 1 210 -120.4700 -38.2700 0 209 -145.7600 3.4000
-2.8437168964e+00 -3.0360424623e-01 -7.0505337201e+00
113 108 137
3 1 211 -261.9700 -28.5900 0 271 -305.6300 -113.8700 2 200 -244.8600 85.3700
-4.3459392585e-01 1.7520848742e-01 -2.7570767749e+00
214 163 175
2 1 234 -93.4700 42.7700 0 349 -107.3100 95.1500
-2.6066156949e+00 6.9195384821e-01 -8.1620511527e+00
97 86 106
2 1 241 -208.4900 55.3900 0 287 -237.9900 -39.8200
2.8619476593e-01 4.2635086617e-01 -3.2467838962e+00
226 200 205
4 1 252 60.8200 84.1800 0 350 58.6000 97.1400 2 198 91.5100 82.3000 4 407 104.5900 65.4900
1.1348363454e+00 -4.1367640569e-01 -3.4321886501e+00
109 78 52
4 1 289 213.4900 -77.3200 0 276 228.8300 -89.3000 2 244 207.6100 -87.2000 4 320 183.7100 -132.8000
1.1334876145e+00 -4.1404028667e-01 -3.4270901309e+00
109 78 52
2 1 290 213.4900 -77.3200 0 277 228.8300 -89.3000
1.2221490785e+00 -3.0876666158e-01 -3.1100063183e+00
43 20 0
4 1 300 250.0000 -62.5100 0 427 272.5000 -55.8400 2 243 244.1300 -89.1800 4 520 240.1000 -128.0800
1.2689286143e+00 -8.0751553674e-02 -2.9503418935e+00
170 142 32
2 1 317 271.8000 -17.2300 0 300 293.9800 3.3100
1.2676243963e+00 -8.1732147347e-02 -2.9472250952e+00
170 142 32
3 1 318 271.8000 -17.2300 0 301 293.9800 3.3100 4 334 279.5500 -90.3300
-5.0731408906e-01 -7.5334886664e-02 -2.7962064892e+00
196 136 153
3 1 324 -108.8600 -13.3100 0 319 -129.5400 32.9300 2 266 -86.9400 -3.9800
-8.2719167360e-01 -4.3814055339e-02 -2.8544991181e+00
196 155 171
2 1 326 -175.9400 -5.9700 0 322 -205.7400 39.0400
-2.5883618462e+00 -6.3501497193e-02 -7.0118645806e+00
45 35 44
2 1 328 -240.1300 -6.3900 0 418 -278.4800 -90.3900
-5.0026465209e-01 -2.5831063106e-02 -2.7836159651e+00
169 223 255
2 1 333 -107.7400 -2.5600 0 328 -126.9900 45.9000
-5.4437065427e-01 3.0269402810e-02 -2.7912270690e+00
250 249 253
4 1 340 -117.0800 10.2400 0 334 -136.8700 58.9900 2 282 -91.9600 19.5800 4 385 -52.6600 35.9300
1.2197657169e+00 6.6966548575e-02 -3.0583352716e+00
205 176 67
2 1 346 254.1700 13.2900 0 317 270.1300 29.1000
-4.1189720737e-01 2.6753387173e-01 -2.7746489548e+00
225 163 177
4 1 381 -87.9300 63.1000 0 357 -100.0000 113.5600 2 190 -56.4900 65.6600 4 631 -1.4800 88.0300
9.6676117243e-01 4.1161908541e-01 -3.6231184809e+00
82 32 9
3 1 383 175.1600 71.5600 0 680 177.3900 60.4900 2 305 200.7300 64.5500
4.7977062621e-01 7.9141323581e-01 -3.3823627818e+00
192 140 154
2 1 394 95.5400 148.5100 0 533 93.7100 150.4100
8.0727322465e-01 -1.0676594433e+00 -4.4451913662e+00
149 134 144
4 1 404 120.8000 -157.8800 0 393 119.5100 -221.0000 2 342 107.5500 -122.7600 4 296 26.4700 -190.4700
8.2415163023e-01 -1.0308328191e+00 -4.4013137344e+00
141 120 141
2 1 408 124.6200 -153.3400 0 396 123.9400 -214.6900
7.3573963328e-01 -9.4956685281e-01 -4.5837490699e+00
90 15 29
2 1 411 107.9700 -136.4500 0 572 103.4400 -199.9000
1.0634976774e+00 -3.9945831716e-01 -3.6413830367e+00
162 142 50
2 1 424 190.5300 -71.0000 0 416 200.3600 -92.0100
1.2815717982e+00 -3.2033449017e-01 -2.9390902580e+00
154 142 76
2 1 425 274.6800 -67.8800 0 428 302.5000 -51.2600
1.2711610058e+00 -2.5822892908e-01 -2.9232710819e+00
147 145 95
4 1 429 274.1100 -54.8300 0 618 300.6800 -35.9300 2 358 267.8300 -92.4600 4 786 275.3500 -126.8800
1.2885439323e+00 -1.5056754600e-01 -2.8835135559e+00
146 145 106
2 1 441 280.9000 -32.4000 0 436 306.9200 -8.7500
1.2877938692e+00 -1.5089315759e-01 -2.8816595255e+00
146 145 106
3 1 442 280.9000 -32.4000 0 437 306.9200 -8.7500 4 534 288.8300 -106.8300
-6.7843754752e-01 -5.9702689994e-02 -2.7922311769e+00
200 145 157
2 1 456 -146.8800 -9.8000 0 469 -172.5300 38.8000
1.2576902270e+00 -1.2279823162e-02 -2.9958735487e+00
165 138 35
7 1 460 265.5500 -3.0300 0 446 285.6900 15.3900 2 385 271.1500 -41.4900 4 539 274.4100 -75.1500 5 358 194.9600 -107.2900 7 581 234.5900 -133.5600 8 850 -101.3700 199.5900
1.2139136562e+00 7.7362385310e-02 -3.1009608419e+00
166 137 26
4 1 477 249.6000 15.2700 0 458 265.4200 28.4800 2 400 260.2900 -17.8000 4 548 257.5500 -53.1900
-4.4318445741e-01 6.1428466772e-02 -2.7926144174e+00
225 167 180
2 1 479 -94.3100 16.8300 0 486 -110.8100 65.3200
1.2106759520e+00 9.6554371636e-02 -3.0905861224e+00
204 172 52
2 1 485 249.7700 19.2100 0 464 265.1700 33.1900
1.2168193495e+00 1.0976257725e-01 -3.0760452864e+00
159 125 26
3 1 490 252.1500 22.2000 0 468 267.4100 37.0100 4 550 262.6900 -47.6600
-3.8635950133e-01 9.6017989444e-02 -2.8160122140e+00
202 152 159
3 1 493 -80.9900 24.3700 0 490 -95.5500 70.7100 2 436 -55.4600 28.5400
1.2716096901e+00 1.5315334518e-01 -2.8159758590e+00
172 144 38
4 1 506 283.8100 35.1600 0 484 303.8000 64.3400 4 551 309.0100 -45.0900 5 518 230.7600 -120.3300
1.1554557110e+00 2.6520477854e-01 -3.2088724243e+00
162 130 26
2 1 523 231.2400 51.5100 0 479 241.5100 59.7900
-1.5572294811e-01 2.6371813941e-01 -3.2294417305e+00
231 209 221
2 1 525 -25.5400 53.3400 0 343 -35.2800 70.3800
1.2315105056e+00 3.2032046518e-01 -2.9334638183e+00
172 142 30
3 1 537 265.6000 68.1200 0 508 279.6000 92.0200 4 565 294.2100 -8.6900
3.6825357020e-01 4.7888940027e-01 -3.2672517176e+00
163 57 83
2 1 561 76.7100 93.5500 0 726 75.3400 104.5600
1.2157362897e+00 5.2982518002e-01 -2.9076271548e+00
223 173 182
3 1 573 264.0800 112.8800 0 750 274.4100 137.5700 4 886 304.6400 34.2100
8.5786612626e-01 6.2387183759e-01 -3.0492260446e+00
247 212 96
2 3 0 199.2000 116.9600 0 0 186.3800 147.0200
-5.5717977577e-01 3.6298940368e-01 -2.8670456460e+00
254 228 231
2 3 9 -118.3000 113.7600 0 10 -130.2100 127.1700
-4.4212435189e-01 4.8623878441e-02 -2.9141429729e+00
255 206 216
2 3 14 -100.4500 40.4100 0 11 -107.8200 51.6600
-2.8184431041e-01 1.1055290863e-01 -2.9253218235e+00
40 8 9
2 3 15 -60.3000 49.5700 0 12 -68.2600 63.1400
1.0555712465e+00 2.1635666071e-01 -3.2582078962e+00
248 216 72
2 3 20 229.3500 15.3300 0 19 218.3000 47.5900
-1.6755541271e-01 2.7018189503e-01 -3.2358994831e+00
245 210 216
2 3 22 -28.4900 50.4300 0 20 -36.8800 71.7100
1.1662433142e+00 -2.3827169092e-01 -3.2389589745e+00
81 44 16
2 3 31 255.9500 -79.7100 0 27 248.7900 -45.2500
-1.4027537893e-01 7.1374131477e-03 -3.2404844001e+00
35 10 13
2 3 36 -28.6100 -2.7800 0 29 -33.5200 17.4200
7.2798618275e-01 3.1968975191e-01 -3.1265699456e+00
233 163 170
2 3 38 167.7200 53.3200 0 47 157.0600 81.2300
1.1969166151e+00 -5.2654008366e-01 -3.3734108236e+00
204 176 80
2 3 50 254.0900 -148.3700 0 39 246.9100 -111.9600
-1.0075478209e-01 -8.9797320381e-02 -3.3111491512e+00
255 50 96
2 3 53 -21.0900 -27.9000 0 41 -26.5200 -7.8000
-1.0075478209e-01 -8.9797320381e-02 -3.3111491512e+00
255 50 96
2 3 54 -21.0900 -27.9000 0 42 -26.5200 -7.8000
-3.7350236058e-01 4.6504344846e-02 -2.8928986834e+00
249 198 210
2 3 56 -85.4000 40.1800 0 44 -91.2000 52.6600
6.5431451189e-01 2.9221793841e-01 -2.8614665556e+00
135 76 62
2 3 58 164.7100 75.0200 0 68 156.0500 99.6400
-4.9050426823e-01 2.5608189468e-01 -2.8693963052e+00
248 208 219
2 3 59 -106.9500 89.8900 0 49 -116.0200 103.2300
-3.9573318340e-01 3.3261226082e-01 -2.7922154099e+00
251 201 212
2 3 61 -83.9500 113.1100 0 51 -93.9500 126.9900
5.0957775980e-01 8.4493669705e-01 -3.4278469183e+00
244 190 198
3 3 63 113.6400 124.0500 0 52 98.2700 154.9500 2 21 142.2900 155.2700
1.1492422487e+00 -6.5199620664e-01 -3.5874303439e+00
194 167 56
2 3 66 229.1500 -180.2700 0 55 222.5200 -142.0400
3.3736835494e-01 8.1435487356e-01 -3.3583687481e+00
228 165 172
2 3 85 82.1100 128.6500 0 73 66.6300 157.8600
8.4501419742e-01 1.3389320215e+00 -3.5899678993e+00
210 184 62
3 3 88 168.6400 179.1500 0 77 151.1700 215.8000 4 61 194.9500 187.2500
-2.0582422162e-01 1.1256607950e-01 -3.1927937080e+00
181 26 40
2 3 104 -40.1200 24.0700 0 87 -47.6000 42.7100
3.1253580327e-01 4.0555025069e-01 -3.2752296452e+00
121 8 11
2 3 108 73.9300 63.8200 0 91 64.4800 90.8600
3.3548012597e-01 4.6284254042e-01 -3.2666848550e+00
234 205 218
2 3 111 80.3200 75.3700 0 94 68.6600 101.7800
-4.9112869856e-01 1.3044311729e-01 -2.7585934488e+00
214 158 170
2 3 114 -114.8600 75.2600 0 89 -122.5800 85.0100
2.7792125226e-01 7.0795152802e-01 -3.5681200982e+00
215 153 163
2 3 117 66.1000 92.6700 0 70 49.9500 121.3500
-7.9016422377e-01 2.6903000615e-01 -2.8556090550e+00
245 188 203
2 3 118 -175.9300 100.0300 0 69 -188.3200 109.7500
-7.9830626792e-01 4.1193839937e-01 -2.8909983167e+00
255 209 218
2 3 119 -170.0600 125.0400 0 102 -184.5400 137.1900
1.0257166202e+00 -4.8341075471e-01 -3.7910802667e+00
195 170 53
2 3 134 192.7300 -149.3300 0 106 185.2100 -111.7400
1.0456827947e+00 -4.2760631266e-01 -3.7191556053e+00
198 175 50
2 3 135 200.5500 -136.5400 0 107 192.7100 -99.4900
1.1866830563e+00 -1.1624044885e-01 -3.1639509801e+00
225 159 148
2 3 141 266.3200 -48.9200 0 79 256.9100 -16.2100
1.1845272175e+00 1.2607418989e-02 -3.1399345254e+00
252 225 74
3 3 148 266.6600 -20.0200 0 111 257.0600 12.7400 2 74 249.1400 -27.4300
-4.3423460101e-01 -1.2443175002e-01 -2.8308870168e+00
128 76 86
2 3 150 -107.7900 8.4800 0 112 -110.8800 17.7700
-4.3423460101e-01 -1.2443175002e-01 -2.8308870168e+00
128 76 86
2 3 151 -107.7900 8.4800 0 113 -110.8800 17.7700
-5.6346961994e-02 7.7594973355e-02 -3.2165032148e+00
255 57 101
2 3 154 -8.5700 11.9900 0 115 -14.8800 32.7000
-5.6346961994e-02 7.7594973355e-02 -3.2165032148e+00
255 57 101
2 3 155 -8.5700 11.9900 0 116 -14.8800 32.7000
-1.5505926042e-01 1.0287325576e-01 -3.1766017134e+00
246 250 250
2 3 158 -29.4500 22.4300 0 86 -36.5600 41.4200
-2.3254292804e-01 2.0938480995e-01 -3.2261716594e+00
46 21 31
2 3 161 -43.6400 40.7400 0 119 -51.6600 60.6900
-5.5597835474e-01 1.5659893827e-01 -2.7803713713e+00
230 166 180
2 3 170 -129.0700 79.8100 0 90 -137.2600 89.7800
-5.4693678887e-01 1.3627380868e-01 -2.7397445482e+00
230 166 180
2 3 171 -129.0700 79.8100 0 126 -137.2000 88.7400
6.2783522264e-01 3.6380487410e-01 -2.8757980568e+00
244 193 202
2 3 174 157.8400 89.1000 0 130 148.5700 114.0700
1.2350974542e+00 4.4027685430e-01 -2.8212808938e+00
235 182 195
2 3 175 299.6300 96.9500 0 132 288.9000 127.9600
1.2350974542e+00 4.4027685430e-01 -2.8212808938e+00
235 182 195
2 3 176 299.6300 96.9500 0 133 288.9000 127.9600
1.2046732003e+00 5.2996616884e-01 -2.8772840686e+00
246 212 219
2 3 177 286.6600 109.7100 0 134 275.0500 141.2500
1.2046732003e+00 5.2996616884e-01 -2.8772840686e+00
246 212 219
2 3 178 286.6600 109.7100 0 135 275.0500 141.2500
1.1817806390e+00 6.1739298380e-01 -2.9381440976e+00
247 205 215
2 3 179 275.4600 120.5900 0 136 263.1200 152.8800
4.4336323351e-01 8.6404524306e-01 -3.4842995328e+00
236 183 195
2 3 180 99.5900 122.8000 0 178 83.5000 153.8800
4.4336323351e-01 8.6404524306e-01 -3.4842995328e+00
236 183 195
2 3 181 99.5900 122.8000 0 179 83.5000 153.8800
-7.3875250726e-01 3.7623755822e-01 -2.8464678503e+00
37 33 55
2 3 182 -159.8500 122.3200 0 100 -174.0400 133.5100
1.1281425576e+00 7.0233050141e-01 -3.0313707903e+00
255 78 110
4 3 185 256.2200 128.2600 0 137 243.6100 160.7500 4 143 280.5600 72.2300 8 159 -202.7900 174.6000
-5.0189953394e-01 4.3109382795e-01 -2.7985751170e+00
132 116 135
2 3 188 -106.0600 134.3300 0 72 -117.0900 149.3100
-5.0007005746e-01 -1.6027546411e-01 -2.8228297849e+00
117 70 86
2 3 209 -125.7700 2.2600 0 148 -128.4900 10.2900
-2.4148462372e-01 2.4675094043e-02 -3.1603799548e+00
105 28 40
2 3 211 -50.6500 9.3300 0 150 -56.6400 26.8500
-1.0416356920e-01 7.2984241936e-02 -3.2383464745e+00
255 61 110
2 3 212 -18.9900 10.2700 0 151 -25.3700 30.7000
2.8592912929e-01 1.5762954425e-01 -3.2441678410e+00
255 63 117
2 3 213 66.3300 19.2100 0 219 59.1400 44.2800
9.9801622376e-01 4.5029001236e-01 -3.6101295130e+00
233 184 75
2 3 217 196.6600 32.8700 0 159 183.6100 67.9100
-1.2392153947e-01 2.2937716834e-01 -3.2200337403e+00
113 33 54
2 3 218 -19.2000 43.6900 0 120 -28.9000 63.6700
-3.6142328027e-01 8.6058535892e-02 -2.8548076307e+00
128 67 73
2 3 222 -81.7700 52.6700 0 158 -88.8000 64.5500
-5.0740787193e-01 8.9344335152e-02 -2.7373515235e+00
253 201 212
2 3 228 -121.4900 68.5400 0 160 -128.0400 77.6600
-5.1357996917e-01 1.0382389739e-01 -2.7696392767e+00
253 201 212
3 3 229 -121.4900 68.5400 0 161 -128.0400 77.6600 4 183 -37.8800 53.6700
-6.3615006083e-01 1.4386416292e-01 -2.7742232867e+00
255 223 228
2 3 231 -149.0300 79.4200 0 163 -157.9500 88.0300
7.2724028999e-01 4.8571414500e-01 -3.0064331556e+00
201 137 104
2 3 233 173.6600 97.7100 0 251 162.3900 125.5000
3.6510828792e-01 7.3134149847e-01 -3.5013570337e+00
194 122 135
2 3 234 83.2100 100.5400 0 170 68.6000 130.6000
-8.6782079002e-01 3.6581160592e-01 -2.9027231552e+00
254 201 214
2 3 239 -186.5400 115.9100 0 169 -201.6000 126.4700
2.9584246904e-01 7.8121945504e-01 -3.4093395308e+00
216 162 171
2 3 241 72.5500 118.7000 0 176 57.4800 147.8600
1.0934608134e+00 9.3220696437e-01 -3.1483048923e+00
233 174 189
2 3 247 238.9400 156.2500 0 184 223.9700 191.0900
1.0996037453e+00 9.4318141722e-01 -3.1627971130e+00
233 174 189
3 3 248 238.9400 156.2500 0 185 223.9700 191.0900 4 148 268.2500 116.4400
1.0221533878e+00 -5.3106870937e-01 -3.7987948711e+00
130 111 41
4 3 258 191.6400 -158.9200 0 195 184.2700 -120.9300 2 165 170.5100 -84.5300 4 163 125.8400 -136.6400
1.2476430944e+00 -2.1692011298e-01 -3.1902145512e+00
243 215 59
2 3 278 277.6200 -73.7200 0 202 269.4200 -39.2300
1.2667542350e+00 -1.2153812757e-01 -3.0671857412e+00
192 198 135
2 3 282 291.9000 -45.5600 0 205 283.0400 -12.5300
1.2667542350e+00 -1.2153812757e-01 -3.0671857412e+00
192 198 135
2 3 283 291.9000 -45.5600 0 206 283.0400 -12.5300
1.1080328573e+00 -7.9424799043e-02 -3.1717154114e+00
232 172 164
2 3 284 247.8700 -40.3200 0 290 239.6400 -7.8400
1.1645826203e+00 -5.8187910480e-02 -3.2142263038e+00
252 218 79
2 3 285 256.9700 -39.4700 0 207 247.5300 -6.3800
1.1807293817e+00 -1.5658740008e-02 -3.1957984943e+00
253 223 73
2 3 290 261.6100 -29.6000 0 208 251.7300 3.3500
1.2213196158e+00 1.7186493442e-01 -3.1301133305e+00
220 188 54
2 3 296 273.7000 13.1500 0 221 262.9400 46.0200
1.2035573024e+00 1.5469532929e-01 -3.0879386537e+00
220 188 54
3 3 297 273.7000 13.1500 0 222 262.9400 46.0200 4 225 261.1000 -37.9900
-5.6355621198e-01 -1.0551185038e-01 -2.7920839192e+00
255 197 208
2 3 301 -140.7500 19.3300 0 215 -144.5900 26.5400
-3.9714976666e-01 -6.4884445033e-02 -2.8269842951e+00
160 99 116
2 3 302 -96.6300 21.8500 0 216 -100.5700 32.0100
-5.8198583074e-01 -7.4501729639e-02 -2.7792249480e+00
224 151 165
2 3 305 -144.7200 28.1700 0 218 -149.0600 35.3100
-1.8438172741e-01 1.5339312660e-01 -3.2115781389e+00
171 69 94
2 3 306 -34.4600 30.2100 0 155 -42.2500 49.7000
-4.6711495105e-01 7.6009968853e-02 -2.7788697269e+00
219 154 169
3 3 317 -110.5000 59.9500 0 225 -117.2800 69.7200 4 393 -28.4800 43.0300
-5.3399042353e-01 8.0472421093e-02 -2.7697307512e+00
190 155 178
2 3 322 -126.9300 63.7000 0 230 -133.9700 72.6700
-5.3399042353e-01 8.0472421093e-02 -2.7697307512e+00
190 155 178
2 3 323 -126.9300 63.7000 0 231 -133.9700 72.6700
-5.6356511610e-01 8.9591900760e-02 -2.7633864085e+00
179 111 132
2 3 327 -134.1600 67.0000 0 234 -141.3900 75.7400
2.8039854627e-01 4.1442599455e-01 -3.2138428045e+00
255 243 246
2 3 330 69.3800 72.1300 0 238 58.6400 97.4700
-8.1340064060e-01 2.4097876042e-01 -2.8729695246e+00
252 237 237
2 3 334 -181.6800 92.6100 0 242 -193.5300 102.1500
-4.2207544051e-01 2.2538200469e-01 -2.7580220621e+00
214 149 155
2 3 335 -94.6200 94.8200 0 243 -103.3900 106.4600
6.3590599834e-01 4.0013676550e-01 -2.8758411315e+00
198 135 140
2 3 339 159.9700 96.5700 0 250 149.9400 121.5900
-4.4177127657e-01 2.2629396416e-01 -2.7471344516e+00
250 218 224
2 3 341 -99.7000 96.6900 0 244 -108.6000 107.9700
1.2387915574e+00 4.7607902305e-01 -2.8119373935e+00
255 67 122
2 3 343 300.9000 105.3500 0 171 289.6100 136.2400
-6.6175927906e-01 4.1058863275e-01 -2.8488710926e+00
230 218 245
2 3 350 -141.4400 127.2300 0 254 -154.3000 140.4400
-7.6846446567e-01 4.3703728403e-01 -2.8879259630e+00
254 201 214
2 3 352 -162.6800 129.7600 0 173 -176.9700 142.7000
1.1119667398e+00 8.3037542304e-01 -2.9709864707e+00
255 160 79
2 3 360 255.5500 158.0000 0 260 242.0900 191.3800
9.6725361674e-01 -8.5134647562e-01 -4.1358245545e+00
29 18 32
2 3 378 164.3600 -224.7600 0 267 158.4900 -184.1100
9.8371909556e-01 -8.1868299268e-01 -4.1062566010e+00
30 22 44
2 3 379 168.5700 -218.7500 0 268 162.8900 -177.9700
1.2325852426e+00 -3.7541499362e-01 -3.2370404701e+00
132 107 15
2 3 405 271.8800 -110.4600 0 422 263.9800 -75.5100
1.2581105457e+00 -3.8564951985e-01 -3.1200994069e+00
239 210 67
5 3 407 286.1900 -108.7500 0 282 278.5600 -73.7500 4 314 241.3700 -146.5700 5 252 138.2700 -120.9600 7 366 185.3000 -144.4200
1.1453114030e+00 -3.2534804583e-01 -3.4933214008e+00
229 202 70
2 3 408 234.1300 -109.3100 0 283 225.5900 -73.3600
1.2623062507e+00 -3.6219227533e-01 -3.1931899515e+00
100 73 0
2 3 409 282.0400 -106.0000 0 284 273.9100 -71.2300
1.2475166506e+00 -1.0221281487e-01 -3.0079767207e+00
250 221 83
3 3 421 292.9900 -37.0400 0 293 284.0100 -4.4900 4 330 267.1300 -91.7500
1.2475166506e+00 -1.0221281487e-01 -3.0079767207e+00
250 221 83
3 3 422 292.9900 -37.0400 0 294 284.0100 -4.4900 4 331 267.1300 -91.7500
1.2427845146e+00 -4.6520880436e-02 -3.0557734437e+00
248 220 77
5 3 428 287.1400 -28.0000 0 303 277.3700 5.0500 2 251 263.0000 -44.4000 4 338 263.0400 -79.7100 5 364 186.2400 -100.0900
1.2096582257e+00 5.5524521243e-02 -3.1090491619e+00
251 224 76
3 3 434 274.2200 -9.7300 0 311 263.9500 24.1500 4 353 254.9100 -57.1000
-4.3528900367e-01 -1.4957237396e-01 -2.8565795224e+00
239 183 191
2 3 436 -108.0500 0.3900 0 442 -110.8900 9.8700
1.1764035110e+00 1.9255934775e-01 -3.1686315426e+00
225 190 60
2 3 440 260.9200 15.1400 0 329 250.2300 48.0100
-3.9319241243e-01 -8.6790064230e-02 -2.8335983803e+00
238 184 196
2 3 442 -96.2500 16.0600 0 455 -99.7600 26.2500
-2.0663664648e-02 1.5564405333e-01 -3.2151449687e+00
226 120 145
2 3 448 1.1200 27.3600 0 472 -6.8700 48.3300
-6.0416534736e-01 -5.6293715066e-02 -2.7748845294e+00
231 157 168
2 3 454 -149.7300 33.2800 0 323 -154.4200 40.3300
-6.0416534736e-01 -5.6293715066e-02 -2.7748845294e+00
231 157 168
2 3 455 -149.7300 33.2800 0 324 -154.4200 40.3300
-5.3625876451e-01 -4.5155638365e-02 -2.7735606084e+00
200 232 254
2 3 459 -132.2900 34.6300 0 325 -137.1100 42.3500
-5.7693884344e-01 -1.9407334480e-02 -2.7723310949e+00
225 245 255
2 3 464 -141.4000 41.5900 0 331 -146.9300 49.0600
-3.7167080268e-01 6.3938416629e-02 -2.8089906714e+00
185 119 133
2 3 468 -86.4100 52.4600 0 483 -92.4500 63.6800
-3.9444599454e-01 7.5997083004e-02 -2.8119100917e+00
188 121 141
2 3 471 -91.5300 55.3200 0 338 -97.8100 66.4900
-6.4398574450e-01 1.2520437115e-01 -2.7832109968e+00
237 171 186
3 3 486 -151.8300 74.4400 0 345 -159.5000 82.7400 4 256 -70.8900 69.3000
-4.0751651558e-01 2.3992245508e-01 -2.7630077863e+00
254 207 212
2 3 497 -90.4400 97.1100 0 353 -99.3700 109.1400
-8.1382412849e-01 2.8313435642e-01 -2.8440942050e+00
254 213 220
2 3 501 -181.4200 104.6400 0 358 -194.1300 114.2500
-3.5874477199e-01 3.7253711356e-01 -2.8784053996e+00
233 195 204
2 3 504 -71.9600 110.7000 0 364 -82.8100 126.2400
2.7595546080e-01 8.0799773029e-01 -3.5061592267e+00
93 68 77
2 3 508 66.9200 114.1200 0 369 51.9400 144.2700
1.1103473253e+00 7.6708222751e-01 -3.0139416293e+00
255 89 122
2 3 520 252.7500 141.5900 0 380 239.7400 174.9700
1.0455807096e+00 -6.0552370405e-01 -3.7882055422e+00
212 188 67
2 3 570 196.7800 -173.4300 0 403 189.4600 -135.4500
1.0455807096e+00 -6.0552370405e-01 -3.7882055422e+00
212 188 67
2 3 571 196.7800 -173.4300 0 404 189.4600 -135.4500
1.0856135518e+00 -5.0999533911e-01 -3.5658823378e+00
219 196 60
2 3 573 217.5500 -149.0600 0 272 210.4300 -112.4200
1.1196413784e+00 -4.8176595802e-01 -3.5584514537e+00
192 165 36
2 3 575 224.9100 -143.5200 0 406 217.4000 -106.6900
1.0806337045e+00 -4.5469391270e-01 -3.6228968869e+00
206 163 70
3 3 583 213.0700 -139.7600 0 410 205.2300 -102.3200 4 517 154.3300 -131.9000
1.0730659189e+00 -3.6120648336e-01 -3.6267368826e+00
199 177 65
3 3 590 211.2100 -120.5300 0 419 203.0500 -84.3800 4 529 156.7800 -115.1800
1.1626914652e+00 -3.5722483612e-01 -3.4971254103e+00
230 204 64
2 3 593 237.4000 -116.3600 0 421 229.1400 -79.9600
1.2105015193e+00 -3.6849230936e-01 -3.1670899005e+00
234 212 65
3 3 598 273.2300 -105.3500 0 425 265.0000 -71.2600 4 514 228.2800 -137.0200
1.2690576074e+00 -6.5883949410e-02 -3.0388540186e+00
213 181 44
2 3 617 294.4500 -31.3600 0 297 285.2100 1.2300
1.2690576074e+00 -6.5883949410e-02 -3.0388540186e+00
213 181 44
2 3 618 294.4500 -31.3600 0 298 285.2100 1.2300
1.2454739803e+00 -4.6908192044e-02 -3.0221298811e+00
212 180 42
4 3 619 290.5700 -25.6200 0 440 281.3400 6.7600 2 382 266.0800 -46.0400 4 536 267.3900 -80.4000
1.2454739803e+00 -4.6908192044e-02 -3.0221298811e+00
212 180 42
4 3 620 290.5700 -25.6200 0 441 281.3400 6.7600 2 383 266.0800 -46.0400 4 537 267.3900 -80.4000
-6.8624399278e-01 -1.9576136052e-01 -2.8314609568e+00
223 174 188
2 3 631 -173.0500 -2.7700 0 622 -175.8100 2.9900
-5.9841850432e-01 -1.7644936320e-01 -2.8135693039e+00
180 122 141
2 3 635 -151.4000 1.4000 0 627 -154.0500 8.0400
-4.6499950900e-01 -1.2976041477e-01 -2.8506742253e+00
202 152 161
2 3 638 -114.8000 6.2200 0 309 -118.1900 15.3000
-5.7971816666e-01 -1.2275441975e-01 -2.7974631985e+00
199 135 156
2 3 646 -145.1500 15.1900 0 453 -148.9300 22.0400
-5.8396604830e-01 -9.2805389216e-02 -2.7831720745e+00
252 193 203
2 3 654 -145.6700 23.6300 0 459 -149.9200 30.4900
-6.1832916722e-01 -6.7324049561e-02 -2.7788393290e+00
254 202 208
2 3 658 -153.4600 30.6700 0 321 -158.1500 37.4400
-3.3801961209e-01 4.2112447438e-02 -2.8644098926e+00
164 103 113
2 3 669 -77.4600 41.3800 0 668 -83.4300 53.4800
-4.1922113782e-01 7.4292555816e-02 -2.8049024403e+00
216 153 165
3 3 680 -97.9600 55.8600 0 340 -104.3400 66.9100 4 389 -19.3600 38.4800
-5.8187935199e-01 7.5198369040e-02 -2.7635050681e+00
253 200 211
2 3 685 -139.0000 64.2700 0 492 -146.5400 72.3500
-3.2637744477e-01 1.3940333253e-01 -2.8068865101e+00
205 148 162
2 3 690 -72.7300 68.6800 0 699 -80.2000 80.8200
-7.0100967020e-01 1.1040573548e-01 -2.8102448807e+00
231 164 179
2 3 693 -164.3900 69.3500 0 495 -173.0100 77.5800
-3.1359724493e-01 1.7652445983e-01 -2.8342729280e+00
230 177 184
2 3 697 -68.1700 73.4500 0 504 -75.7600 86.8100
-6.9708523332e-01 1.3487809140e-01 -2.7650813116e+00
253 215 222
2 3 701 -164.5800 79.6600 0 505 -173.7900 87.3800
1.1537154402e+00 5.5314527088e-01 -3.0766735171e+00
236 208 90
2 3 707 259.6900 94.4100 0 742 247.1800 127.2000
-7.8468786058e-01 2.6045989130e-01 -2.8499985760e+00
253 209 217
2 3 710 -175.4600 98.7000 0 516 -187.4200 108.4500
-4.6460273023e-01 3.4576217919e-01 -2.7725163120e+00
254 227 233
2 3 719 -100.0900 119.7800 0 366 -111.3700 132.4600
-4.6699786551e-01 4.1486892585e-01 -2.8350910286e+00
228 186 192
2 3 721 -96.7300 126.3900 0 532 -108.6900 140.9800
1.6323371578e+00 1.2364308439e+00 -3.4477825901e+00
185 169 189
2 3 730 313.5600 163.0800 0 544 294.4400 203.8300
8.6142879644e-01 -8.8214457826e-01 -4.5990565401e+00
107 99 120
2 3 782 128.9500 -231.7300 0 581 122.9800 -189.4200
8.4923613246e-01 -8.5838963480e-01 -4.5936206321e+00
104 101 121
2 3 783 127.3600 -227.4800 0 582 121.1300 -185.5300
9.6688925560e-01 -8.0710824675e-01 -4.0974656594e+00
179 172 182
2 3 789 166.2400 -216.0700 0 588 160.0000 -175.9700
9.5511978626e-01 -8.0941914833e-01 -4.0498522514e+00
179 172 182
3 3 790 166.2400 -216.0700 0 589 160.0000 -175.9700 4 492 83.9500 -171.5100
1.0699686472e+00 -6.0550845168e-01 -3.8173784414e+00
90 62 6
2 3 794 199.3700 -174.7400 0 594 192.8700 -135.6300
1.0324445231e+00 -5.9928084362e-01 -3.7930806232e+00
48 26 1
3 3 796 194.1000 -172.0600 0 596 186.6500 -134.1700 4 772 124.8900 -149.2500
1.0358503000e+00 -5.9771123947e-01 -3.8041761551e+00
48 26 1
2 3 797 194.1000 -172.0600 0 597 186.6500 -134.1700
1.0740149896e+00 -5.1485332300e-01 -3.6524071470e+00
185 141 69
3 3 799 209.9000 -152.5800 0 598 202.6300 -115.0900 4 777 147.8500 -141.0900
1.2167505323e+00 -5.3353001538e-01 -3.3266880643e+00
153 118 59
2 3 801 261.8700 -148.7900 0 601 255.0100 -112.3500
1.1051790702e+00 -4.5642378300e-01 -3.5448288219e+00
191 165 27
3 3 810 222.9000 -137.7600 0 604 215.1500 -101.0100 4 781 165.6700 -135.7600
1.0814003311e+00 -4.3434726799e-01 -3.6100903234e+00
180 143 55
3 3 816 213.9700 -134.8700 0 606 206.2000 -98.2200 4 784 156.4300 -128.8800
1.3288807181e+00 -2.1281458238e-01 -2.9757698101e+00
197 194 128
2 3 847 315.6100 -61.4600 0 431 307.2600 -28.4400
-6.1338343847e-01 -1.7673854409e-01 -2.8014889595e+00
192 137 150
2 3 858 -155.6700 2.7800 0 628 -158.4800 8.9200
-5.5672139164e-01 -1.6499283979e-01 -2.8045790152e+00
195 138 148
2 3 860 -141.0300 3.9300 0 629 -143.5200 11.1100
1.2242344816e+00 1.4458762205e-01 -3.1107251510e+00
213 182 40
2 3 864 276.0100 8.9300 0 470 265.8100 41.8400
1.2112619477e+00 1.3156353459e-01 -3.0851921623e+00
213 182 40
5 3 865 276.0100 8.9300 0 471 265.8100 41.8400 4 554 262.3600 -42.4800 5 382 207.9300 -77.2400 7 609 245.4800 -105.1700
-4.8436244663e-01 -1.3517303200e-01 -2.8095604853e+00
183 131 147
2 3 866 -121.5600 8.9200 0 634 -124.3300 17.3000
-4.8181371453e-01 -1.1029246722e-01 -2.7958377174e+00
203 135 145
2 3 872 -120.3400 16.0800 0 640 -123.8100 24.2400
-5.8540461088e-01 -1.1728109729e-01 -2.7822883089e+00
244 186 198
2 3 874 -147.2600 17.8900 0 641 -150.7200 24.7200
-4.3221380128e-01 -8.0543153402e-02 -2.8180201645e+00
169 107 122
2 3 877 -106.2600 19.7600 0 649 -109.8100 29.3700
1.1614172507e+00 2.4273044631e-01 -3.2134929553e+00
218 184 42
5 3 879 254.9700 23.4800 0 476 243.8500 56.1000 4 560 243.9100 -17.6400 5 396 213.4900 -44.3700 7 629 249.6500 -73.9100
1.1614172507e+00 2.4273044631e-01 -3.2134929553e+00
218 184 42
5 3 880 254.9700 23.4800 0 477 243.8500 56.1000 4 561 243.9100 -17.6400 5 395 213.4900 -44.3700 7 628 249.6500 -73.9100
-9.2732854780e-02 2.6642673415e-01 -3.2172985316e+00
160 102 110
2 3 895 -12.0800 50.3800 0 687 -21.5600 71.2800
-6.1376927621e-01 3.5639395511e-02 -2.7856330953e+00
188 145 167
2 3 900 -147.7400 53.4700 0 683 -154.2300 61.5200
5.4910399108e-01 1.9171159955e-01 -2.8309327079e+00
235 176 179
2 3 904 140.5800 58.5600 0 498 134.0100 81.6300
-6.8939183770e-01 1.2706214510e-01 -2.7993603636e+00
225 160 176
3 3 915 -161.7600 73.8500 0 499 -170.2100 82.0100 4 610 -83.5100 73.2400
-3.5517235870e-01 1.6837074023e-01 -2.7845061221e+00
220 153 164
2 3 923 -79.4200 78.0400 0 716 -87.2200 89.9700
-8.0641057150e-01 2.6655243236e-01 -2.8898800088e+00
241 176 192
3 3 942 -178.4300 96.1300 0 515 -190.0900 105.5500 4 649 -109.4700 116.6100
-3.3686886743e-01 3.4247158478e-01 -2.8351592990e+00
136 111 123
2 3 952 -68.4800 109.1700 0 519 -78.9700 123.8800
-9.0353445515e-01 3.6972454665e-01 -2.9513395207e+00
254 214 226
2 3 954 -192.1100 111.5200 0 741 -206.5100 123.0300
-6.6385325279e-01 2.1927413401e-01 -2.9556609969e+00
215 158 173
2 1 2 -136.4800 49.3400 2 2 -105.1200 67.1900
9.4574795038e-01 -1.0451835633e+00 -4.0592632615e+00
145 141 164
2 1 4 153.4200 -166.8000 2 5 134.6600 -143.0400
5.0284454515e-01 2.6244437130e-01 -2.9396224246e+00
205 145 165
2 1 11 111.6000 57.0200 2 8 136.5500 36.2600
-4.2840135236e-01 3.8450512661e-03 -2.7982245662e+00
209 152 162
2 1 14 -91.1600 3.9100 2 18 -67.8100 10.1100
-8.8687545740e-01 9.7510119887e-02 -2.8642956280e+00
30 41 73
2 1 27 -187.4200 24.9400 2 23 -159.7300 47.3900
8.1413764021e-01 -1.2065138830e+00 -4.4333401929e+00
136 132 159
2 1 33 121.4300 -177.8900 2 29 105.3000 -141.2200
1.1614571207e+00 -3.1567624138e-01 -3.3190532765e+00
186 159 52
2 1 72 224.9200 -60.3600 4 67 204.9400 -120.2400
1.2220738968e+00 -9.9448983100e-02 -3.1326247128e+00
213 176 60
2 1 74 248.8300 -20.3300 2 60 252.1600 -49.8100
-6.3285611495e-02 3.7699008684e-01 -3.2613954000e+00
75 70 88
2 1 78 -7.3800 74.9200 4 104 35.4100 77.6000
3.3532080443e-01 4.7319016453e-01 -3.2889763699e+00
202 179 193
2 1 81 69.6800 91.9300 2 67 101.2200 89.9600
-7.2826798040e-01 4.3108160772e-01 -2.9155886188e+00
16 19 25
2 1 82 -149.9500 95.5200 2 69 -115.4000 112.9700
-3.5576158219e-01 -2.5328994981e-02 -2.8350263459e+00
186 131 149
2 1 93 -74.2200 -2.7800 2 76 -52.3900 2.9000
1.3161340835e+00 5.0494304824e-02 -2.7774668178e+00
194 181 78
2 1 96 296.6800 11.2500 2 72 303.2800 -41.4100
1.3161340835e+00 5.0494304824e-02 -2.7774668178e+00
194 181 78
2 1 97 296.6800 11.2500 2 73 303.2800 -41.4100
-1.5475112834e-01 1.0642109007e-01 -3.1620515311e+00
237 212 229
2 1 101 -26.3300 23.0400 2 80 -3.6800 33.0200
-1.5594907272e-01 1.0752965720e-01 -3.1732009538e+00
237 212 229
3 1 102 -26.3300 23.0400 2 81 -3.6800 33.0200 4 132 9.5000 27.1500
-1.1326859460e-01 1.2358008409e-01 -3.1831118497e+00
49 8 15
2 1 103 -17.6400 26.2600 2 104 4.7100 35.5400
-1.1326859460e-01 1.2358008409e-01 -3.1831118497e+00
49 8 15
2 1 104 -17.6400 26.2600 2 105 4.7100 35.5400
1.1538904991e+00 6.9512135877e-01 -2.9833374834e+00
193 130 138
3 1 115 246.2400 144.2100 4 140 289.6400 70.4300 5 91 299.3100 -30.8200
1.2024302057e+00 -2.3290149863e-01 -3.1666947994e+00
56 32 14
2 1 119 242.5000 -46.5900 4 165 233.3800 -110.7600
-6.8715150272e-01 4.5490407209e-01 -2.9403516873e+00
211 215 248
2 1 137 -140.4800 99.7100 2 94 -104.7900 116.7800
2.0912621902e-01 7.4732496656e-01 -3.7832525169e+00
186 134 157
2 1 140 40.8000 126.5600 4 149 57.8300 120.5000
1.1035369749e+00 8.3797956698e-01 -3.1272419567e+00
210 45 56
3 1 146 225.5400 167.1400 2 116 270.9000 135.4300 4 146 269.1700 96.8400
9.3911013769e-01 -7.9761006627e-01 -4.0726726268e+00
21 14 15
2 1 149 151.7600 -127.5200 2 121 141.5300 -107.6600
9.3911013769e-01 -7.9761006627e-01 -4.0726726268e+00
21 14 15
2 1 150 151.7600 -127.5200 2 122 141.5300 -107.6600
1.2031300801e+00 -2.6349025680e-01 -3.1630041349e+00
190 165 52
2 1 156 242.8000 -52.7500 2 125 239.7600 -77.5700
-2.7816391617e+00 -2.9487433432e-01 -7.0764214314e+00
112 108 137
2 1 160 -255.7000 -27.8000 2 142 -238.4600 85.4200
-5.6688068280e-01 -1.2800199591e-01 -2.7778959325e+00
163 108 131
2 1 161 -122.7900 -25.3300 2 175 -101.9100 -13.4500
1.1680096916e+00 -1.3608100113e-02 -3.2325234945e+00
88 50 9
2 1 164 231.6300 -3.1800 2 170 240.1000 -27.9500
-6.3621815341e-01 1.4506147861e-01 -2.7676880313e+00
230 172 186
2 1 174 -138.1900 36.1000 2 134 -109.2200 46.4300
-6.1453570512e-02 2.3160844168e-01 -3.2297894157e+00
210 41 72
2 1 177 -7.3100 46.9500 4 249 30.7300 47.2800
1.2484595835e+00 4.8885333116e-01 -2.8405286318e+00
215 40 63
2 1 189 276.5600 106.2200 2 136 306.0200 54.9400
1.1869046754e+00 6.1471138094e-01 -2.8786882394e+00
208 45 66
4 1 190 260.7800 132.1000 4 181 305.5800 53.6500 5 126 295.7500 -58.4100 8 220 -192.1400 205.6000
4.1994087415e-01 8.1567566598e-01 -3.4471779719e+00
90 36 40
2 1 194 82.4200 150.4000 2 155 125.3000 152.3100
8.6444464151e-01 -1.3184762612e+00 -4.3511179390e+00
127 79 101
2 1 199 130.9900 -197.2600 2 229 110.1900 -161.0500
-3.9699972830e-01 -6.7667690773e-02 -2.8057034658e+00
111 63 79
2 1 212 -83.8700 -12.0500 2 264 -63.3900 -5.6300
-3.9699972830e-01 -6.7667690773e-02 -2.8057034658e+00
111 63 79
2 1 213 -83.8700 -12.0500 2 265 -63.3900 -5.6300
1.1686004533e+00 -4.8432103775e-02 -3.2273361226e+00
204 176 55
2 1 214 232.4600 -9.9100 2 169 238.6100 -34.4800
-3.8372963629e-01 -1.2632503849e-02 -2.7969291380e+00
148 93 109
2 1 218 -81.2200 0.1700 2 177 -58.9200 5.0500
-4.0545215388e-01 9.1740150176e-02 -2.8037292436e+00
211 157 171
2 1 227 -85.7700 23.4200 2 292 -60.0200 28.0200
-4.5039300412e-01 1.2051527488e-01 -2.7770068309e+00
115 71 94
2 1 229 -96.8300 30.1400 2 295 -69.1300 34.9200
1.1676282644e+00 2.8387438703e-01 -3.2828561194e+00
156 123 26
3 1 238 228.9100 55.0400 2 291 249.2700 27.7000 5 276 216.7200 -34.6600
-4.2281884003e-01 2.3939701187e-01 -2.7594899697e+00
159 100 112
2 1 243 -90.4200 56.8200 4 416 -5.3000 82.1700
-4.6678065115e-01 3.4951766132e-01 -2.7654991419e+00
228 180 196
2 1 249 -99.5600 81.8900 2 140 -66.5900 84.9000
-7.2342744004e-01 3.7782179073e-01 -2.9395701632e+00
36 61 118
2 1 250 -148.4700 82.9300 4 438 -83.9500 136.0300
-7.2520879855e-01 3.9622932176e-01 -2.9086747333e+00
253 253 250
2 1 255 -150.3300 88.1300 4 283 -81.1700 141.7300
2.9343022364e-01 4.7828257399e-01 -3.2727611381e+00
158 30 56
2 1 259 62.1400 93.4700 2 202 93.5400 92.0800
1.1303518646e+00 7.6815565155e-01 -3.0200478468e+00
213 178 188
4 1 269 238.2200 157.4200 2 212 281.0900 120.6900 5 190 307.0900 -14.4500 8 288 -213.1200 174.6300
1.1091562058e+00 9.3065810049e-01 -3.1201649751e+00
208 41 58
2 1 271 227.2900 185.4300 2 218 276.3200 154.0100
1.0331221598e+00 -5.8709585225e-01 -3.7663070857e+00
31 12 0
2 1 281 179.0500 -100.8300 2 241 171.5200 -94.5300
1.0619235817e+00 -5.2240599331e-01 -3.6743829651e+00
164 140 47
2 1 282 188.2200 -91.7800 4 316 143.5600 -141.2400
1.0048042943e+00 -4.8215418433e-01 -3.8444012241e+00
28 21 4
2 1 284 171.2400 -81.6000 2 246 168.0400 -74.0900
1.2166227687e+00 -3.7692178759e-01 -3.0914234024e+00
44 27 0
2 1 295 250.0800 -76.1400 4 507 238.4000 -142.2900
-6.3522527399e-01 -1.6031679003e-01 -2.8118647345e+00
166 119 136
2 1 305 -136.6300 -32.3600 4 234 -90.9700 -7.7400
-5.1652042265e-01 -3.6944977993e-02 -2.7809375183e+00
162 220 255
2 1 330 -111.4000 -4.9400 4 374 -49.5400 16.2800
-4.9324552265e-01 3.1887519293e-02 -2.7881438174e+00
167 222 251
2 1 342 -105.9400 10.3100 2 279 -80.9800 17.9200
-5.6118159205e-01 3.3173779040e-02 -2.7994915352e+00
7 23 77
3 1 343 -120.5800 11.9100 2 284 -95.3500 21.0300 4 388 -57.5100 37.0200
-1.8888512170e-01 5.2444177629e-02 -3.1345044411e+00
207 185 201
2 1 344 -33.7000 12.4000 2 287 -11.9900 22.9900
-3.3847968764e-01 4.6206782159e-02 -2.8712040392e+00
104 54 66
2 1 347 -69.4300 12.7700 2 280 -45.8300 18.3800
-5.3936191058e-01 4.7240455199e-02 -2.8065298442e+00
22 45 94
2 1 348 -115.3000 13.5700 4 390 -51.4700 40.2400
-3.9255009816e-01 7.8970337099e-02 -2.8160666922e+00
146 87 106
2 1 352 -82.6700 20.4400 2 289 -57.3000 25.2700
-6.4511648173e-01 1.2287900989e-01 -2.7776270162e+00
186 124 145
2 1 364 -139.5900 31.0500 2 298 -111.5700 42.2300
1.2075995495e+00 1.5756541016e-01 -3.0922539997e+00
153 123 26
2 1 365 249.0000 31.5500 2 267 263.3500 -2.7700
1.2075995495e+00 1.5756541016e-01 -3.0922539997e+00
153 123 26
2 1 366 249.0000 31.5500 2 268 263.3500 -2.7700
-2.2305653033e-01 1.7154261367e-01 -3.2604060601e+00
180 168 183
2 1 368 -38.5600 35.0500 2 303 -14.1300 49.8600
-7.8740209151e-01 2.0173529847e-01 -2.8754423916e+00
216 140 154
2 1 376 -165.6100 47.2000 2 306 -135.3600 66.1000
8.4998943045e-01 1.2861935748e+00 -3.5912238390e+00
197 172 74
2 1 398 155.5900 225.5400 2 335 213.6900 224.2800
8.6691954908e-01 -1.3258929812e+00 -4.2953141045e+00
138 128 151
2 1 400 132.9900 -200.6000 2 339 111.1600 -165.2400
-8.4561509104e-01 -1.7768616195e+00 -6.2817458135e+00
87 84 97
2 1 402 -86.4500 -188.0900 4 746 -261.2800 -177.5300
8.1211114556e-01 -1.0765731665e+00 -4.4691243196e+00
149 134 144
2 1 405 120.8000 -157.8800 2 343 107.5500 -122.7600
8.2408634981e-01 -1.0267011036e+00 -4.3968485269e+00
141 120 141
2 1 409 124.6200 -153.3400 4 483 33.0900 -187.1100
1.0446500679e+00 -6.1306663517e-01 -3.7377088788e+00
52 30 8
2 1 414 182.2800 -105.9800 4 500 131.2200 -153.8700
1.0234335672e+00 -5.4111294462e-01 -3.7931095695e+00
38 24 4
2 1 417 176.3900 -92.4700 2 361 170.6300 -85.9400
1.0954600233e+00 -4.2481011006e-01 -3.5653974049e+00
131 106 21
2 1 422 199.3900 -76.7200 2 364 194.7600 -80.8400
8.8057035091e-01 -2.0213222826e-01 -3.3547710342e+00
95 50 54
2 1 436 170.6400 -38.4900 2 379 174.6100 -47.6600
8.8057035091e-01 -2.0213222826e-01 -3.3547710342e+00
95 50 54
2 1 437 170.6400 -38.4900 2 378 174.6100 -47.6600
-4.7419710901e-01 -1.7284581393e-01 -2.8201090039e+00
178 135 146
2 1 438 -100.7500 -35.1900 2 391 -82.3100 -24.0100
-4.3264728265e-01 -1.5267481938e-01 -2.8401092276e+00
189 140 152
2 1 445 -91.2700 -30.7100 2 394 -72.1400 -20.3900
1.2584681785e+00 -7.5904516180e-02 -3.0098645801e+00
161 130 38
5 1 450 264.5100 -16.5100 2 376 267.4300 -53.4100 4 535 269.8200 -87.4700 5 355 185.3700 -110.5700 7 577 226.2800 -136.2700
-5.2660284755e-01 -6.4808028599e-02 -2.7854636103e+00
233 221 244
2 1 453 -113.6300 -11.2600 2 413 -91.0500 -1.3400
-5.0926736706e-01 -5.9309226736e-02 -2.7826611098e+00
234 220 243
2 1 455 -109.6200 -10.0200 2 414 -87.5500 -0.9200
-5.5118650966e-01 -3.6230169890e-02 -2.7751434621e+00
154 210 247
2 1 458 -119.3200 -4.7900 2 419 -95.9400 5.1000
1.2461770353e+00 -2.4251499931e-03 -3.0327010642e+00
204 176 56
5 1 462 260.4400 -0.5600 4 540 268.2200 -71.7700 5 529 193.5000 -100.3200 7 588 233.2400 -126.9300 8 838 -102.0100 193.3600
-4.7911748460e-01 6.2767600487e-02 -2.7842253004e+00
232 208 227
2 1 480 -102.8200 17.2300 2 434 -77.1900 23.8300
1.2139082209e+00 1.1033673633e-01 -3.0642552754e+00
159 125 26
2 1 488 252.1500 22.2000 2 403 264.3900 -13.1100
1.2002059936e+00 1.2462416384e-01 -3.1324352848e+00
179 148 43
2 1 492 244.8200 24.4300 4 555 253.4700 -42.7000
1.2122566201e+00 1.3441263523e-01 -3.0792288514e+00
163 131 29
2 1 494 250.9000 26.9900 2 411 264.0100 -7.8400
1.2122566201e+00 1.3441263523e-01 -3.0792288514e+00
163 131 29
2 1 495 250.9000 26.9900 2 412 264.0100 -7.8400
1.2625931852e+00 1.7671043103e-01 -2.8261578661e+00
176 149 33
4 1 511 281.6000 39.2300 4 556 306.7600 -39.8000 5 353 232.7600 -115.4400 7 572 267.7100 -142.8200
-6.5090999592e-01 1.7080798664e-01 -2.7728753961e+00
146 88 110
2 1 514 -141.1400 41.8200 2 458 -111.4600 52.6200
1.1643202198e+00 2.4398318721e-01 -3.2053195334e+00
162 129 26
2 1 519 233.1000 47.4100 2 428 251.5900 18.7800
1.1837120211e+00 2.4375509837e-01 -3.2676580184e+00
162 129 26
4 1 520 233.1000 47.4100 2 429 251.5900 18.7800 5 400 215.2300 -39.8200 7 635 251.0200 -69.7300
4.0983427987e-01 2.7001574725e-01 -3.1003531068e+00
179 59 82
2 1 528 87.6200 55.8000 2 185 113.3900 45.0400
6.0136838445e-01 3.7716374570e-01 -2.8662124645e+00
151 90 102
2 1 549 135.8700 83.2300 2 462 164.2700 54.8500
-6.8088778346e-01 3.9434150089e-01 -2.8971488942e+00
73 80 139
2 1 556 -141.4100 88.0900 2 489 -106.6300 103.4900
1.2419225761e+00 4.5332464221e-01 -2.8667426997e+00
232 179 184
2 1 564 272.8700 97.7100 2 453 300.9000 48.2900
1.1695778870e+00 6.7665470108e-01 -2.9987643962e+00
219 189 195
2 1 578 247.5400 139.9600 2 482 286.3000 99.5600
1.1695778870e+00 6.7665470108e-01 -2.9987643962e+00
219 189 195
2 1 579 247.5400 139.9600 2 483 286.3000 99.5600
1.1643567576e+00 7.1016387717e-01 -2.9930909953e+00
230 163 179
2 1 581 247.0600 147.1400 2 491 287.0100 106.6500
1.1230713633e+00 8.1904091145e-01 -3.0897640839e+00
223 178 190
2 1 584 231.7900 164.7900 2 497 276.7100 130.8300
8.3779939247e-01 1.3040978290e+00 -3.6283185100e+00
108 87 23
2 1 593 152.0500 226.1900 4 698 189.1200 181.1400
-1.2560718605e+00 -3.0378579300e-01 -6.7473427070e+00
163 161 179
3 3 259 -139.4200 -152.0700 0 196 -151.5300 -118.1900 4 238 -266.1400 9.3000
-4.8097190284e-01 6.3779001960e-02 -2.7932787045e+00
251 240 248
2 3 473 -113.9500 56.0600 4 392 -34.4500 40.3300
1.6703662578e+00 1.8263637221e+00 -3.6803414294e+00
180 167 192
2 3 548 294.3700 220.1300 4 463 303.5400 206.8200
-1.0010098881e+00 -1.7651314010e-01 -6.7700668693e+00
145 139 164
2 3 581 -110.4500 -141.4700 4 582 -233.6100 15.8100
1.2454619768e+00 -7.0127107573e-02 -3.0756203203e+00
195 196 135
4 3 612 285.5100 -34.1200 4 336 259.6100 -84.5200 5 366 182.0200 -100.0600 7 376 223.0700 -125.9500
-5.0827520810e-01 -6.0508063094e-02 -2.7883452743e+00
246 237 250
2 3 655 -125.6100 28.7100 4 577 -49.4700 9.6900
9.1931018224e-01 -7.4678193444e-01 -4.1341294807e+00
34 29 42
2 3 792 155.8900 -204.8200 4 768 75.0800 -157.2300
-4.5031431016e-01 3.2155140737e-01 -2.7693612667e+00
250 208 217
2 3 956 -97.8100 114.6900 4 987 -7.4900 104.9900
1.1892000505e+00 5.7103522182e-01 -2.8982020088e+00
235 187 204
4 0 174 269.2000 146.3000 4 179 301.8600 45.2300 5 125 288.0800 -60.0900 8 218 -185.0000 203.7600
8.6292908428e-01 -9.7998351865e-01 -4.2710360766e+00
143 135 156
2 0 190 135.4000 -206.5000 4 213 48.3100 -186.7200
1.0427507310e+00 -5.3062638872e-01 -3.7710486130e+00
171 146 56
2 0 194 189.5900 -120.9100 4 220 131.8400 -138.1900
-6.6240324705e-01 -1.0209437062e-01 -6.7945631039e+00
105 99 115
2 0 200 -86.3000 -100.6400 4 175 -193.6300 14.5600
7.9103969243e-01 -1.0181922423e+00 -4.4727846899e+00
148 131 147
3 0 264 115.8300 -212.3300 2 345 106.1500 -114.7900 4 300 24.4300 -182.0000
1.1830234606e+00 -5.4829961625e-02 -3.2075074046e+00
180 142 34
2 0 292 251.9200 -5.2900 4 343 233.1800 -75.0600
1.2551679448e+00 -3.1918130049e-02 -3.0064609774e+00
216 185 50
5 0 306 283.7500 10.6300 4 339 271.5700 -79.0500 5 361 191.1100 -107.2600 7 369 231.1400 -133.6300 8 575 -98.2300 198.0800
-4.2150299924e-01 1.4158403881e-01 -2.7608719703e+00
115 55 67
2 0 346 -104.8300 86.4800 4 399 -11.4800 56.5700
8.1291840372e-01 -1.0808885154e+00 -4.4211392770e+00
150 135 155
2 0 391 121.3500 -223.5000 4 735 28.1500 -194.1700
1.0955101212e+00 -4.7501753799e-01 -3.5447396829e+00
192 170 51
2 0 408 213.6300 -104.8000 4 512 163.3900 -138.7600
1.0508085930e+00 -4.1941760248e-01 -3.6895402493e+00
161 135 49
2 0 412 195.4400 -97.1300 4 526 144.8800 -122.6300
1.0842554790e+00 -4.1899064937e-01 -3.5869582379e+00
189 165 55
2 0 415 208.2600 -94.4600 4 521 159.7900 -127.1000
1.1417502111e+00 -3.4579037998e-01 -3.3821756002e+00
196 171 57
2 0 424 233.2400 -73.6300 4 525 193.3600 -122.7700
1.2816579640e+00 -1.6950647282e-01 -2.8733253232e+00
202 183 72
2 0 435 306.5800 -12.4300 4 532 288.2300 -110.6000
1.2077613048e+00 2.9038692163e-02 -3.1239312828e+00
212 188 65
2 0 447 262.7700 16.8300 4 543 251.5000 -61.6800
1.2277610955e+00 8.5054201732e-02 -3.0537925718e+00
165 136 36
2 0 462 272.3200 33.2000 4 546 266.2500 -53.0900
-6.8645046884e-01 1.4028204130e-01 -2.7942791751e+00
228 168 179
2 0 502 -169.7200 85.3700 4 410 -81.4100 76.6500
-4.2807914909e-01 3.2200967637e-01 -2.7906039127e+00
236 176 186
2 0 521 -102.3600 125.0300 2 470 -57.8700 77.9000
1.1660570418e+00 6.5870279587e-01 -2.9970304553e+00
202 66 78
2 0 535 254.0200 154.9000 4 605 289.4500 61.6500
8.8665285248e-01 -9.8515884512e-01 -4.2465060780e+00
80 69 86
2 0 562 140.3000 -207.8600 4 479 53.3000 -188.9100
7.7808329259e-01 -9.8197005825e-01 -4.4882326921e+00
143 124 141
2 0 566 113.3200 -206.0300 4 751 23.1300 -175.8200
8.2111390267e-01 -9.3506528024e-01 -4.3878121665e+00
140 120 141
2 0 575 123.7000 -198.5500 4 486 37.0700 -173.6800
8.6544552645e-01 -9.1396732379e-01 -4.2772036388e+00
70 62 82
2 0 576 135.3500 -195.0000 4 749 51.0600 -176.1400
7.3225826574e-01 -9.1754466607e-01 -4.5643974936e+00
136 98 109
2 0 578 103.4900 -194.9500 4 760 14.9800 -162.2100
1.1940469655e+00 -8.1367786204e-02 -3.1954268681e+00
190 152 39
2 0 621 255.5800 -10.2800 4 806 235.1500 -80.8300
-6.8990047356e-01 1.6793823568e-01 -2.7985338890e+00
190 130 144
2 0 718 -169.6800 91.3500 4 622 -80.6100 84.1700
1.1833886308e+00 6.4182909325e-01 -2.9664117628e+00
197 104 125
2 0 758 260.4000 154.4400 4 916 295.7300 57.7000
1.1664289436e+00 6.9250379198e-01 -2.9923534026e+00
180 89 109
2 0 761 253.9200 161.9900 4 937 291.3800 68.1000
1.1535277040e+00 6.8155816574e-01 -2.9676462370e+00
180 89 109
4 0 762 253.9200 161.9900 4 938 291.3800 68.1000 5 405 298.8100 -34.4900 8 830 -201.0000 187.4100
8.4779847506e-01 1.2502455951e+00 -3.6618810873e+00
208 182 66
3 0 773 148.4500 195.7800 2 504 208.6700 216.2000 4 686 185.2000 170.3600
-6.4686823851e-01 -1.8680461902e-01 -2.8178348990e+00
186 143 152
2 2 99 -118.7300 -20.9300 4 89 -96.2500 -14.1900
3.4562861160e-01 1.5199268032e-01 -3.1417088699e+00
131 48 59
2 2 129 94.4400 26.3300 4 173 113.1500 5.4100
3.4425351035e-01 2.1285977699e-01 -3.1786155995e+00
185 42 71
2 2 183 95.9900 38.0400 4 378 111.6700 19.2100
1.1734673636e+00 -5.3687552335e-01 -3.2731381545e+00
173 147 51
2 2 232 217.1700 -118.1700 4 306 201.9600 -163.3000
1.1956512898e+00 1.6587073721e-01 -3.1318645650e+00
204 172 54
2 2 271 258.6600 1.0200 4 359 254.7800 -35.1100
1.1956512898e+00 1.6587073721e-01 -3.1318645650e+00
204 172 54
2 2 272 258.6600 1.0200 4 360 254.7800 -35.1100
-6.8346267639e-01 3.4055119217e-01 -2.8625694444e+00
216 154 169
2 2 313 -110.1400 92.0200 4 433 -71.4400 125.8400
8.3794698518e-01 -9.8886912744e-01 -4.3529440376e+00
132 114 129
2 2 344 115.4100 -118.0300 4 485 39.0400 -183.6200
1.2360243957e+00 -4.0226660710e-01 -3.0527206979e+00
58 31 2
2 2 349 246.3100 -110.0400 4 504 245.3100 -149.1800
1.1236975109e+00 -3.1773467280e-01 -3.4634590273e+00
137 110 41
2 2 368 207.9300 -69.0900 4 531 183.0300 -114.3100
1.1836631457e+00 -1.2633768648e-02 -3.2179384073e+00
190 161 50
2 2 388 243.5700 -28.8800 4 542 234.0000 -66.6600
-5.3906285548e-01 4.5440080306e-02 -2.8029323318e+00
28 57 100
2 2 433 -89.6700 22.1400 4 391 -51.4700 40.2400
-4.5957482370e-01 -2.8491367461e-01 -5.7582799131e+00
148 146 162
2 3 263 -62.5200 -142.4400 0 198 -72.7300 -107.7200
1.2764475479e+00 -3.8972574025e-01 -3.2518173122e+00
80 55 8
2 4 317 225.8400 -140.2400 5 524 133.6800 -105.2300
-5.7586930335e-01 -4.6327176850e-02 -2.6805035304e+00
190 237 255
2 4 376 -58.4100 18.5900 5 223 -102.2900 96.4900
1.2862480062e+00 -3.7976463594e-01 -3.1609574138e+00
55 38 1
3 4 508 238.4000 -142.2900 5 351 138.5200 -116.9700 7 575 185.5100 -140.7500
1.1724627288e+00 5.7493874266e-01 -2.9350005125e+00
212 47 63
2 1 139 253.1000 122.9000 5 88 283.2200 -51.6300
1.1373920538e+00 7.0123393542e-01 -3.0252289693e+00
214 46 65
2 1 145 239.2800 144.3800 5 93 295.0300 -22.1500
1.3189746666e+00 -9.4637864428e-02 -2.6192500486e+00
200 148 50
2 1 311 311.6000 -23.3300 5 503 204.5300 -173.5500
1.3189746666e+00 -9.4637864428e-02 -2.6192500486e+00
200 148 50
2 1 312 311.6000 -23.3300 5 502 204.5300 -173.5500
1.2790988519e+00 -8.0006321445e-02 -2.9560937705e+00
182 153 34
2 4 333 279.5500 -90.3300 5 253 188.7300 -120.1100
1.2379552331e+00 4.5899965051e-02 -3.1107829789e+00
200 167 61
2 4 351 259.0100 -59.5700 5 265 196.1200 -84.4000
1.2379552331e+00 4.5899965051e-02 -3.1107829789e+00
200 167 61
2 4 352 259.0100 -59.5700 5 264 196.1200 -84.4000
1.3015561061e+00 -2.3058773158e-01 -2.8907521417e+00
152 160 129
2 4 524 284.3100 -124.0400 5 509 171.2700 -143.6500
1.2479804797e+00 1.5288733875e-01 -2.7985906114e+00
185 158 45
2 4 552 309.0100 -45.0900 5 348 230.8800 -120.0700
1.2373033664e+00 1.7418173337e-01 -2.8105200739e+00
192 162 39
2 4 557 306.7600 -39.8000 5 352 232.7600 -115.4400
1.1781396185e+00 3.7144697779e-01 -2.9403694730e+00
200 169 43
2 4 850 287.9000 5.1400 5 551 251.7700 -71.9200
1.1689646652e+00 4.5003317869e-01 -2.7817246081e+00
214 103 130
2 4 868 313.7500 21.3800 5 540 276.3700 -86.7400
1.1649694338e+00 4.5281592315e-01 -3.0027554575e+00
197 167 35
2 4 870 280.3300 21.9200 5 561 259.3700 -53.6800
1.1480050206e+00 5.4766540104e-01 -2.8401719753e+00
210 84 123
2 4 904 305.5800 42.3200 5 553 287.3800 -65.5500
1.1435610236e+00 5.7390518491e-01 -2.8819121547e+00
245 201 207
2 4 910 299.7300 47.6500 5 557 287.7100 -56.1100
6.5220182353e-01 2.6077793825e-01 -3.3226829944e+00
132 37 23
2 5 6 173.7800 23.9700 7 5 206.6300 -13.1700
1.5210225683e-01 -2.4785980913e-01 -3.1366450847e+00
114 6 6
2 5 23 30.7100 -2.2900 7 49 62.7600 -42.7800
-5.1832559058e-01 -1.9383627461e-01 -2.8884948068e+00
20 20 31
2 5 25 -102.6000 82.7900 7 53 -78.8600 12.8600
-5.2002876787e-01 -1.9796281888e-01 -2.8925210943e+00
20 20 31
3 5 26 -102.6000 82.7900 7 54 -78.8600 12.8600 8 65 150.2300 63.2300
-5.1832559058e-01 -1.9383627461e-01 -2.8884948068e+00
20 20 31
2 5 27 -102.6000 82.7900 7 55 -78.8600 12.8600
3.9238808852e-01 -8.3555984305e-02 -3.1852214875e+00
202 178 195
2 5 40 93.9200 -4.3000 7 69 124.8800 -43.9600
-5.6889661668e-01 -1.7052041195e-01 -2.9223349033e+00
226 226 243
2 5 43 -107.8400 102.3800 7 75 -84.4200 29.8000
-5.3878046104e-01 -6.8083681067e-02 -3.0332882265e+00
202 144 159
3 5 45 -74.9000 132.9300 7 58 -55.5100 57.8900 8 60 114.7200 26.1700
4.7750139643e-01 1.6592692511e-01 -3.1224501892e+00
182 115 127
2 5 55 153.1000 7.2200 7 71 177.8100 -31.5300
2.8216761618e-01 1.7718775817e-01 -3.2580617673e+00
199 176 197
2 5 61 123.5100 55.3000 7 90 147.0700 11.8000
-4.8559685896e-01 -1.6138425885e-01 -2.9227507744e+00
182 199 236
2 5 64 -85.7700 88.4800 7 91 -64.3400 18.4300
3.2270122495e-01 -9.1996658214e-02 -3.1593628756e+00
239 217 229
2 5 72 84.1900 -1.0000 7 114 112.9400 -40.2500
-4.4319241016e-01 -2.8730901611e-01 -2.7888269203e+00
184 123 139
2 5 73 -109.1900 31.5300 7 117 -81.6400 -29.8400
6.5579336837e-02 -6.0242507945e-02 -3.2535322838e+00
69 8 15
2 5 75 48.8700 53.3400 7 87 76.0200 5.8600
2.2658815819e-01 1.1522211489e-01 -3.2717651746e+00
86 1 2
2 5 77 104.1400 56.6800 7 127 128.4900 11.9100
-4.7707035072e-01 -2.3279247492e-01 -2.8548667623e+00
201 202 238
2 5 78 -102.2700 60.5100 7 86 -77.2000 -4.4400
4.7397098013e-01 1.1438352670e-01 -3.0805729390e+00
81 25 22
2 5 95 145.6800 -5.3600 7 112 170.0100 -44.0500
4.7397098013e-01 1.1438352670e-01 -3.0805729390e+00
81 25 22
2 5 96 145.6800 -5.3600 7 113 170.0100 -44.0500
4.4635082025e-01 9.2218087675e-02 -3.1080187763e+00
178 114 129
2 5 97 136.6900 -0.4900 7 115 161.5900 -39.5300
3.7756318867e-01 -1.5525363751e-02 -3.1936519549e+00
87 1 4
2 5 98 104.0400 6.9300 7 116 132.6400 -32.5600
-4.2774659784e-01 -2.5618552954e-01 -2.8095106354e+00
189 127 141
2 5 103 -97.7100 38.8000 7 163 -72.6500 -24.0000
-4.2774659784e-01 -2.5618552954e-01 -2.8095106354e+00
189 127 141
2 5 104 -97.7100 38.8000 7 164 -72.6500 -24.0000
2.7899341724e-01 1.4545665547e-01 -3.2083497765e+00
167 31 49
2 5 105 120.1200 44.4900 7 168 142.5300 2.0000
-9.6451741899e-02 -1.6160246756e-01 -3.1949850024e+00
210 60 98
2 5 108 3.5700 55.5600 7 170 32.3500 4.5300
2.3314921945e-01 1.6503062047e-01 -3.2575753984e+00
85 8 13
2 5 109 114.8500 61.1100 7 174 137.5600 16.1100
4.1694843343e-01 -4.7954161440e-02 -3.1063634930e+00
48 12 16
2 5 137 106.9500 -15.2100 7 214 134.6000 -53.5100
4.4267690610e-01 8.8716228292e-02 -3.0564976064e+00
91 32 35
2 5 139 138.5700 -8.4000 7 161 161.8000 -47.4600
-4.1167680747e-01 -2.3070064487e-01 -2.8431272572e+00
179 117 131
2 5 144 -86.3600 46.7000 7 222 -62.8900 -16.5000
2.4359371402e-01 1.4264985586e-01 -3.2061408357e+00
220 202 209
2 5 146 114.8800 49.6000 7 171 136.6400 5.3600
-4.5309679229e-01 -1.7635275841e-01 -2.9025157203e+00
189 145 173
2 5 151 -82.0200 75.6100 7 233 -60.6800 8.3100
-1.1363762018e-01 -8.8051430313e-02 -3.2738529546e+00
86 6 17
2 5 154 13.3100 80.1600 8 183 33.0000 42.0900
-3.4006376972e-01 -8.8381923479e-02 -3.0258291232e+00
178 129 144
2 5 157 -32.4300 88.7300 7 176 -14.7200 24.7900
-6.6840428375e-01 -2.2453543188e-01 -2.8877081035e+00
215 153 168
2 5 159 -145.4100 104.8300 7 239 -115.7400 30.3700
-5.5776857416e-01 -1.1187594836e-01 -2.9769442011e+00
212 155 171
2 5 162 -90.7200 120.4800 8 241 132.6300 36.6500
-7.6921371829e-02 1.4180414126e-01 -3.4732456354e+00
164 142 165
2 5 163 57.3100 127.7300 7 184 81.4200 75.0800
8.8859424699e-02 4.7701993657e-01 -3.6639226062e+00
33 24 14
2 5 166 126.4600 161.3700 7 190 149.3100 114.2500
-2.1245476311e-01 -2.3887137640e-01 -2.8289513304e+00
227 169 183
2 5 194 -40.2300 5.1200 7 215 -19.4800 -49.1300
-4.6363142059e-01 -3.2692410106e-01 -2.7614101641e+00
170 107 124
2 5 202 -124.0900 22.3500 7 667 -93.1100 -37.5200
-4.2944693869e-01 -2.0929593862e-01 -2.8693468649e+00
234 174 184
2 5 209 -84.8900 59.0000 7 225 -62.0800 -6.0900
-1.7061931648e-01 -1.2260149278e-01 -3.2159483200e+00
105 18 29
2 5 216 -2.5000 75.7100 7 237 24.2900 22.4800
-4.0838399566e-01 -1.1799647083e-01 -2.9501183840e+00
197 138 154
2 5 217 -56.7500 85.9800 7 309 -39.2700 18.6500
-4.0838399566e-01 -1.1799647083e-01 -2.9501183840e+00
197 138 154
2 5 218 -56.7500 85.9800 7 310 -39.2700 18.6500
-5.0891624874e-01 -1.6473965067e-01 -2.9190401751e+00
173 222 251
2 5 220 -92.3600 91.7700 7 311 -70.4100 20.8800
-5.5658788090e-01 -1.8136542105e-01 -2.9055211505e+00
166 218 253
2 5 222 -108.3000 95.4400 7 315 -84.5000 23.4300
-4.9072586936e-01 -9.9938545190e-02 -2.9580033481e+00
220 166 180
2 5 228 -72.9500 107.1900 8 245 120.3400 50.3100
-5.6933921602e-01 -1.5383053856e-01 -2.9463550202e+00
218 146 163
2 5 229 -102.9000 109.5000 7 323 -80.1300 35.9100
-6.2058586059e-01 -1.7580569856e-01 -2.9162154195e+00
230 168 180
2 5 230 -122.0100 110.5700 7 322 -97.2300 35.6700
-5.9640283014e-01 -1.4153015864e-01 -2.9578803124e+00
166 98 121
3 5 233 -106.0000 118.9500 7 327 -84.0400 43.4900 8 340 147.8900 35.3900
-5.9420669408e-01 -1.2703445509e-01 -2.9748343163e+00
215 152 169
2 5 234 -101.8000 123.8800 8 238 143.2000 31.6900
-6.0809082760e-01 -1.3191598391e-01 -2.9637152008e+00
216 154 169
2 5 235 -106.5700 124.0300 7 328 -84.6500 47.9000
-6.5905408868e-01 -1.6630544250e-01 -2.9617350165e+00
121 68 86
3 5 236 -124.9500 125.8700 7 329 -100.0900 48.4900 8 235 163.7000 25.5900
7.6261510019e-03 5.2300453158e-01 -3.6936732332e+00
135 19 32
2 5 239 122.7100 177.6600 8 441 -101.5800 -39.3800
1.2080207204e+00 1.2066839104e-01 -3.1277854994e+00
213 181 64
2 5 271 205.5400 -73.3300 8 412 -118.4000 176.4500
5.1785612915e-01 9.7903677921e-02 -2.9680504507e+00
129 67 74
2 5 277 154.4000 -31.3100 7 279 176.6100 -69.1300
3.3688631252e-01 -7.0818004769e-02 -3.1834994392e+00
139 53 64
2 5 288 89.1100 3.4600 7 217 118.1900 -35.9000
-5.1605581764e-01 -3.0321201263e-01 -2.7983821659e+00
192 131 149
2 5 298 -130.0800 43.9700 7 289 -98.9600 -19.3600
-4.4811694239e-01 -2.1575579551e-01 -2.8706145359e+00
206 149 169
2 5 301 -90.7000 61.3500 7 710 -67.0200 -3.9200
-4.8857149311e-01 -2.1815633416e-01 -2.8547951357e+00
167 218 252
2 5 305 -102.3500 66.1200 7 455 -78.2300 -0.6600
-5.1136841702e-01 -2.2676192629e-01 -2.8459171576e+00
159 213 249
2 5 306 -107.9200 66.8900 8 370 159.5600 74.7900
-5.4882648814e-01 -2.4271672144e-01 -2.8477118369e+00
151 143 182
2 5 310 -122.9900 71.9800 7 458 -95.1200 2.8400
-4.3373057891e-01 -1.0697117579e-01 -2.9610669602e+00
176 115 131
2 5 320 -60.0000 94.9700 7 317 -42.6800 25.7500
-5.1478998800e-01 -1.0070568082e-01 -2.9660841841e+00
218 163 174
3 5 327 -78.8300 113.1900 7 325 -60.0100 39.9400 8 346 123.7900 45.1000
-5.7130516945e-01 -1.3683400366e-01 -2.9514080557e+00
223 159 171
3 5 328 -99.8600 114.2200 7 477 -78.7300 39.9600 8 468 142.5200 40.6700
-5.9671067878e-01 -1.3895565616e-01 -2.9526753840e+00
166 98 120
2 5 330 -106.0800 118.9300 7 326 -84.0400 43.4900
-5.9935693554e-01 -1.1549017732e-01 -2.9890166257e+00
152 98 120
2 5 333 -99.4100 129.0500 7 331 -78.2100 52.6300
-5.9935693554e-01 -1.1549017732e-01 -2.9890166257e+00
152 98 120
2 5 334 -99.4100 129.0500 7 332 -78.2100 52.6300
1.2515534660e+00 -2.0789696131e-02 -3.0577984699e+00
163 137 36
2 5 370 190.2200 -98.6000 8 562 -99.9500 190.5200
-2.3208307721e-01 -2.3076244489e-01 -2.8227217033e+00
165 108 123
2 5 436 -43.3800 9.1900 7 423 -23.2200 -46.7100
-4.9909884078e-01 -2.9626530473e-01 -2.8051799618e+00
223 163 172
2 5 444 -123.9100 43.4300 7 691 -93.6600 -19.8000
-3.1209511769e-01 -1.7024422435e-01 -2.8803770756e+00
217 167 174
2 5 448 -47.6600 46.0800 7 444 -29.3600 -15.7700
-4.4248301635e-01 -2.5085377395e-01 -2.8352644249e+00
236 175 181
2 5 449 -98.6100 47.1800 7 442 -72.9600 -16.3100
-4.2669035633e-01 -2.2932771506e-01 -2.8455275605e+00
227 164 176
2 5 454 -89.7000 50.3300 7 445 -65.9700 -13.6400
-5.5770767989e-03 2.4225727777e-02 -3.2554176188e+00
246 234 240
2 5 467 53.0800 77.4000 7 742 75.7000 26.7100
-5.6720577475e-01 -2.2912980977e-01 -2.8544895056e+00
165 157 196
2 5 468 -124.4000 79.4100 7 463 -97.3500 9.2300
-4.8091362504e-01 -1.5403757119e-01 -2.9312347468e+00
242 221 237
2 5 469 -82.3500 89.1800 7 312 -62.0700 21.5600
-5.5034282880e-01 -1.5966311678e-01 -2.9389975269e+00
233 207 228
2 5 479 -100.0100 103.5900 7 748 -77.2400 31.0000
-5.5034282880e-01 -1.5966311678e-01 -2.9389975269e+00
233 207 228
2 5 480 -100.0100 103.5900 7 749 -77.2400 31.0000
-5.9262927436e-01 -1.8350150668e-01 -2.9281592921e+00
222 166 184
3 5 481 -114.5700 104.9300 7 751 -90.3800 31.4400 8 659 158.1100 43.9000
-6.1802164630e-01 -1.4475759431e-01 -2.9562390539e+00
212 152 171
2 5 490 -112.0500 122.1900 7 775 -88.9900 46.0700
-5.8510836937e-01 -6.3906668077e-02 -3.0756144206e+00
150 113 131
2 5 493 -80.3700 146.4700 7 790 -60.8200 70.0200
1.2780628286e+00 -5.7820075298e-02 -3.0070958264e+00
207 177 63
2 5 519 188.4600 -110.5100 8 848 -95.6200 199.5300
3.7941793062e-01 -4.5792635212e-02 -3.1198474471e+00
217 190 205
2 5 601 101.8800 -8.0800 7 653 129.1200 -47.1100
-2.5188947485e-01 -2.1641178315e-01 -2.8344374178e+00
212 158 169
2 5 615 -44.6400 17.5500 7 663 -25.0600 -39.5100
2.1399072035e-02 -9.0509889620e-02 -3.1540884389e+00
238 229 241
2 5 633 37.9000 42.5400 7 705 62.4700 -5.9400
2.5029396662e-01 1.0884827036e-01 -3.2039917579e+00
155 57 82
2 5 637 109.5500 43.4100 7 711 132.3200 -0.3900
-4.7518648482e-01 -2.6932438884e-01 -2.8108922636e+00
231 170 184
2 5 640 -112.2700 45.4100 7 441 -84.9400 -18.3600
-9.9708407293e-02 -1.9087156269e-01 -3.1893924017e+00
240 197 207
2 5 646 -2.2700 50.3700 7 713 27.6500 0.7400
2.6766632877e-01 1.6497700832e-01 -3.2308330055e+00
212 184 197
2 5 647 120.8400 52.6300 7 721 143.6300 8.2500
-4.5801076126e-01 -2.3531859933e-01 -2.8528440193e+00
193 149 177
2 5 651 -98.2500 56.3900 7 702 -73.1200 -8.5900
-5.6338985324e-02 -6.2011323111e-02 -3.2330864720e+00
191 160 171
2 5 662 28.8900 69.2000 7 732 53.9300 18.4900
-8.7836037491e-02 -6.6250856147e-02 -3.2286537669e+00
223 211 225
2 5 666 22.6600 73.2700 7 735 47.5900 21.1100
-3.6245343541e-03 1.4702681291e-02 -3.2456163648e+00
163 129 147
2 5 668 51.8500 74.4600 7 737 74.5600 23.9100
-5.3083678360e-01 -1.5273168182e-01 -2.9394109207e+00
225 188 212
2 5 696 -93.8900 101.3700 7 747 -72.0500 29.3200
-6.4614375566e-02 1.6149876181e-01 -3.4749293982e+00
134 47 78
2 5 701 62.5100 128.8400 7 793 86.1200 76.5000
-4.4891659370e-01 -3.7180952577e-01 -2.8986060302e+00
252 197 206
2 7 0 -76.8700 -22.2800 8 2 160.4000 78.7700
-3.0767079797e-01 2.4920040046e-01 -3.7313848042e+00
217 34 56
2 7 61 60.7600 135.8900 8 55 -19.2700 -71.7800
-2.2727201949e-01 6.4974025178e-03 -3.5043523651e+00
107 1 5
2 7 95 38.6900 75.6700 8 73 18.8900 -13.2200
-1.7602043156e-01 -2.2435833154e-01 -3.2264877308e+00
220 195 211
2 7 232 11.8100 8.5100 8 243 65.0600 47.6400
-5.9586592313e-01 -1.5613756359e-01 -2.9465114839e+00
248 194 206
2 7 324 -86.4600 39.2300 8 464 151.2600 38.6900
-4.9224237382e-01 -1.1099484613e-01 -2.9487472546e+00
245 185 194
2 7 752 -57.9900 32.5100 8 681 124.0200 52.1300
-4.9224237382e-01 -1.1099484613e-01 -2.9487472546e+00
245 185 194
2 7 753 -57.9900 32.5100 8 680 124.0200 52.1300
-4.7569868071e-01 -9.1183430562e-02 -2.9661685462e+00
197 128 141
2 7 761 -50.5700 35.9800 8 675 115.5700 50.0300
